<?xml version="1.0" encoding="UTF-8"?>
<coverage generated="1671635345582" clover="3.2.0">
  <project timestamp="1671635345582" name="All files">
    <metrics statements="699" coveredstatements="431" conditionals="145" coveredconditionals="57" methods="91" coveredmethods="63" elements="935" coveredelements="551" complexity="0" loc="699" ncloc="699" packages="1" files="6" classes="6"/>
    <file name="dbCreatePost.js" path="C:\Users\amyry\Documents\1_Classes\6_2022_Q1\6_CIT557\project---design-hw1-group-3\mongodb\dbCreatePost.js">
      <metrics statements="46" coveredstatements="36" conditionals="2" coveredconditionals="2" methods="6" coveredmethods="5"/>
      <line num="1" count="14" type="stmt"/>
      <line num="4" count="14" type="stmt"/>
      <line num="7" count="14" type="stmt"/>
      <line num="11" count="14" type="stmt"/>
      <line num="13" count="3" type="stmt"/>
      <line num="14" count="3" type="stmt"/>
      <line num="19" count="3" type="stmt"/>
      <line num="20" count="3" type="stmt"/>
      <line num="22" count="0" type="stmt"/>
      <line num="30" count="14" type="stmt"/>
      <line num="32" count="5" type="cond" truecount="2" falsecount="0"/>
      <line num="33" count="3" type="stmt"/>
      <line num="35" count="5" type="stmt"/>
      <line num="38" count="14" type="stmt"/>
      <line num="39" count="3" type="stmt"/>
      <line num="40" count="3" type="stmt"/>
      <line num="41" count="3" type="stmt"/>
      <line num="42" count="3" type="stmt"/>
      <line num="43" count="3" type="stmt"/>
      <line num="54" count="3" type="stmt"/>
      <line num="56" count="0" type="stmt"/>
      <line num="60" count="14" type="stmt"/>
      <line num="61" count="1" type="stmt"/>
      <line num="62" count="1" type="stmt"/>
      <line num="63" count="1" type="stmt"/>
      <line num="64" count="1" type="stmt"/>
      <line num="65" count="1" type="stmt"/>
      <line num="67" count="0" type="stmt"/>
      <line num="71" count="14" type="stmt"/>
      <line num="72" count="1" type="stmt"/>
      <line num="73" count="1" type="stmt"/>
      <line num="74" count="1" type="stmt"/>
      <line num="75" count="1" type="stmt"/>
      <line num="81" count="1" type="stmt"/>
      <line num="82" count="1" type="stmt"/>
      <line num="83" count="1" type="stmt"/>
      <line num="84" count="1" type="stmt"/>
      <line num="86" count="0" type="stmt"/>
      <line num="90" count="14" type="stmt"/>
      <line num="91" count="0" type="stmt"/>
      <line num="92" count="0" type="stmt"/>
      <line num="93" count="0" type="stmt"/>
      <line num="94" count="0" type="stmt"/>
      <line num="95" count="0" type="stmt"/>
      <line num="97" count="0" type="stmt"/>
      <line num="101" count="14" type="stmt"/>
    </file>
    <file name="dbFollow&Comments.js" path="C:\Users\amyry\Documents\1_Classes\6_2022_Q1\6_CIT557\project---design-hw1-group-3\mongodb\dbFollow&Comments.js">
      <metrics statements="88" coveredstatements="62" conditionals="2" coveredconditionals="1" methods="12" coveredmethods="9"/>
      <line num="4" count="14" type="stmt"/>
      <line num="7" count="14" type="stmt"/>
      <line num="10" count="14" type="stmt"/>
      <line num="14" count="14" type="stmt"/>
      <line num="16" count="7" type="stmt"/>
      <line num="17" count="7" type="stmt"/>
      <line num="22" count="7" type="stmt"/>
      <line num="23" count="7" type="stmt"/>
      <line num="25" count="0" type="stmt"/>
      <line num="33" count="14" type="stmt"/>
      <line num="35" count="18" type="cond" truecount="1" falsecount="1"/>
      <line num="36" count="0" type="stmt"/>
      <line num="38" count="18" type="stmt"/>
      <line num="45" count="14" type="stmt"/>
      <line num="46" count="7" type="stmt"/>
      <line num="49" count="14" type="stmt"/>
      <line num="50" count="1" type="stmt"/>
      <line num="52" count="1" type="stmt"/>
      <line num="53" count="1" type="stmt"/>
      <line num="54" count="1" type="stmt"/>
      <line num="55" count="0" type="stmt"/>
      <line num="56" count="0" type="stmt"/>
      <line num="58" count="1" type="stmt"/>
      <line num="62" count="14" type="stmt"/>
      <line num="63" count="3" type="stmt"/>
      <line num="64" count="3" type="stmt"/>
      <line num="65" count="3" type="stmt"/>
      <line num="67" count="3" type="stmt"/>
      <line num="68" count="3" type="stmt"/>
      <line num="76" count="2" type="stmt"/>
      <line num="77" count="2" type="stmt"/>
      <line num="79" count="1" type="stmt"/>
      <line num="83" count="14" type="stmt"/>
      <line num="84" count="0" type="stmt"/>
      <line num="86" count="0" type="stmt"/>
      <line num="87" count="0" type="stmt"/>
      <line num="91" count="0" type="stmt"/>
      <line num="92" count="0" type="stmt"/>
      <line num="94" count="0" type="stmt"/>
      <line num="98" count="14" type="stmt"/>
      <line num="99" count="8" type="stmt"/>
      <line num="101" count="8" type="stmt"/>
      <line num="102" count="8" type="stmt"/>
      <line num="103" count="6" type="stmt"/>
      <line num="104" count="6" type="stmt"/>
      <line num="105" count="6" type="stmt"/>
      <line num="107" count="2" type="stmt"/>
      <line num="111" count="14" type="stmt"/>
      <line num="112" count="0" type="stmt"/>
      <line num="114" count="0" type="stmt"/>
      <line num="115" count="0" type="stmt"/>
      <line num="116" count="0" type="stmt"/>
      <line num="117" count="0" type="stmt"/>
      <line num="119" count="0" type="stmt"/>
      <line num="123" count="14" type="stmt"/>
      <line num="124" count="2" type="stmt"/>
      <line num="126" count="2" type="stmt"/>
      <line num="127" count="2" type="stmt"/>
      <line num="128" count="1" type="stmt"/>
      <line num="129" count="1" type="stmt"/>
      <line num="131" count="1" type="stmt"/>
      <line num="135" count="14" type="stmt"/>
      <line num="136" count="3" type="stmt"/>
      <line num="138" count="3" type="stmt"/>
      <line num="139" count="3" type="stmt"/>
      <line num="140" count="3" type="stmt"/>
      <line num="141" count="3" type="stmt"/>
      <line num="143" count="0" type="stmt"/>
      <line num="147" count="14" type="stmt"/>
      <line num="148" count="0" type="stmt"/>
      <line num="150" count="0" type="stmt"/>
      <line num="152" count="0" type="stmt"/>
      <line num="153" count="0" type="stmt"/>
      <line num="155" count="0" type="stmt"/>
      <line num="166" count="0" type="stmt"/>
      <line num="167" count="0" type="stmt"/>
      <line num="169" count="0" type="stmt"/>
      <line num="173" count="14" type="stmt"/>
      <line num="174" count="1" type="stmt"/>
      <line num="176" count="1" type="stmt"/>
      <line num="177" count="1" type="stmt"/>
      <line num="178" count="1" type="stmt"/>
      <line num="179" count="1" type="stmt"/>
      <line num="180" count="1" type="stmt"/>
      <line num="185" count="1" type="stmt"/>
      <line num="186" count="1" type="stmt"/>
      <line num="188" count="0" type="stmt"/>
      <line num="220" count="14" type="stmt"/>
    </file>
    <file name="dbLike.js" path="C:\Users\amyry\Documents\1_Classes\6_2022_Q1\6_CIT557\project---design-hw1-group-3\mongodb\dbLike.js">
      <metrics statements="43" coveredstatements="39" conditionals="2" coveredconditionals="2" methods="5" coveredmethods="5"/>
      <line num="2" count="14" type="stmt"/>
      <line num="3" count="14" type="stmt"/>
      <line num="4" count="14" type="stmt"/>
      <line num="5" count="14" type="stmt"/>
      <line num="8" count="14" type="stmt"/>
      <line num="12" count="14" type="stmt"/>
      <line num="14" count="1" type="stmt"/>
      <line num="15" count="1" type="stmt"/>
      <line num="20" count="1" type="stmt"/>
      <line num="21" count="1" type="stmt"/>
      <line num="23" count="0" type="stmt"/>
      <line num="31" count="14" type="stmt"/>
      <line num="33" count="3" type="cond" truecount="2" falsecount="0"/>
      <line num="34" count="1" type="stmt"/>
      <line num="36" count="3" type="stmt"/>
      <line num="41" count="14" type="stmt"/>
      <line num="42" count="1" type="stmt"/>
      <line num="43" count="1" type="stmt"/>
      <line num="63" count="1" type="stmt"/>
      <line num="64" count="1" type="stmt"/>
      <line num="65" count="1" type="stmt"/>
      <line num="66" count="1" type="stmt"/>
      <line num="67" count="1" type="stmt"/>
      <line num="69" count="0" type="stmt"/>
      <line num="73" count="14" type="stmt"/>
      <line num="74" count="1" type="stmt"/>
      <line num="75" count="1" type="stmt"/>
      <line num="76" count="1" type="stmt"/>
      <line num="77" count="1" type="stmt"/>
      <line num="89" count="1" type="stmt"/>
      <line num="90" count="1" type="stmt"/>
      <line num="92" count="0" type="stmt"/>
      <line num="96" count="14" type="stmt"/>
      <line num="97" count="1" type="stmt"/>
      <line num="98" count="1" type="stmt"/>
      <line num="99" count="1" type="stmt"/>
      <line num="100" count="1" type="stmt"/>
      <line num="101" count="1" type="stmt"/>
      <line num="102" count="1" type="stmt"/>
      <line num="108" count="1" type="stmt"/>
      <line num="109" count="1" type="stmt"/>
      <line num="111" count="0" type="stmt"/>
      <line num="115" count="14" type="stmt"/>
    </file>
    <file name="dbPost.js" path="C:\Users\amyry\Documents\1_Classes\6_2022_Q1\6_CIT557\project---design-hw1-group-3\mongodb\dbPost.js">
      <metrics statements="73" coveredstatements="56" conditionals="10" coveredconditionals="6" methods="9" coveredmethods="7"/>
      <line num="1" count="14" type="stmt"/>
      <line num="2" count="14" type="stmt"/>
      <line num="3" count="14" type="stmt"/>
      <line num="4" count="14" type="stmt"/>
      <line num="7" count="14" type="stmt"/>
      <line num="11" count="14" type="stmt"/>
      <line num="13" count="2" type="stmt"/>
      <line num="14" count="2" type="stmt"/>
      <line num="19" count="2" type="stmt"/>
      <line num="20" count="2" type="stmt"/>
      <line num="22" count="0" type="stmt"/>
      <line num="30" count="14" type="stmt"/>
      <line num="32" count="7" type="cond" truecount="2" falsecount="0"/>
      <line num="33" count="2" type="stmt"/>
      <line num="35" count="7" type="stmt"/>
      <line num="40" count="14" type="stmt"/>
      <line num="41" count="2" type="stmt"/>
      <line num="43" count="2" type="cond" truecount="1" falsecount="1"/>
      <line num="44" count="2" type="stmt"/>
      <line num="45" count="2" type="stmt"/>
      <line num="46" count="2" type="stmt"/>
      <line num="47" count="2" type="stmt"/>
      <line num="48" count="2" type="stmt"/>
      <line num="55" count="2" type="stmt"/>
      <line num="57" count="2" type="stmt"/>
      <line num="59" count="0" type="stmt"/>
      <line num="63" count="14" type="stmt"/>
      <line num="64" count="1" type="stmt"/>
      <line num="66" count="1" type="cond" truecount="1" falsecount="1"/>
      <line num="67" count="1" type="stmt"/>
      <line num="68" count="1" type="stmt"/>
      <line num="69" count="1" type="stmt"/>
      <line num="70" count="1" type="stmt"/>
      <line num="71" count="1" type="stmt"/>
      <line num="77" count="1" type="stmt"/>
      <line num="79" count="1" type="stmt"/>
      <line num="81" count="0" type="stmt"/>
      <line num="85" count="14" type="stmt"/>
      <line num="87" count="0" type="stmt"/>
      <line num="89" count="0" type="stmt"/>
      <line num="90" count="0" type="stmt"/>
      <line num="92" count="0" type="stmt"/>
      <line num="96" count="14" type="stmt"/>
      <line num="97" count="1" type="stmt"/>
      <line num="99" count="1" type="stmt"/>
      <line num="100" count="1" type="stmt"/>
      <line num="102" count="0" type="stmt"/>
      <line num="106" count="14" type="stmt"/>
      <line num="107" count="3" type="stmt"/>
      <line num="109" count="3" type="stmt"/>
      <line num="110" count="3" type="stmt"/>
      <line num="111" count="3" type="stmt"/>
      <line num="113" count="3" type="stmt"/>
      <line num="114" count="3" type="stmt"/>
      <line num="116" count="0" type="stmt"/>
      <line num="122" count="14" type="stmt"/>
      <line num="123" count="0" type="stmt"/>
      <line num="124" count="0" type="stmt"/>
      <line num="125" count="0" type="stmt"/>
      <line num="126" count="0" type="stmt"/>
      <line num="131" count="0" type="stmt"/>
      <line num="160" count="14" type="stmt"/>
      <line num="161" count="1" type="stmt"/>
      <line num="163" count="1" type="stmt"/>
      <line num="166" count="1" type="stmt"/>
      <line num="168" count="1" type="stmt"/>
      <line num="169" count="1" type="stmt"/>
      <line num="170" count="1" type="cond" truecount="2" falsecount="2"/>
      <line num="171" count="0" type="stmt"/>
      <line num="174" count="0" type="stmt"/>
      <line num="176" count="0" type="stmt"/>
      <line num="179" count="1" type="stmt"/>
      <line num="184" count="14" type="stmt"/>
    </file>
    <file name="dbUser.js" path="C:\Users\amyry\Documents\1_Classes\6_2022_Q1\6_CIT557\project---design-hw1-group-3\mongodb\dbUser.js">
      <metrics statements="79" coveredstatements="56" conditionals="12" coveredconditionals="3" methods="13" coveredmethods="11"/>
      <line num="4" count="14" type="stmt"/>
      <line num="7" count="14" type="stmt"/>
      <line num="10" count="14" type="stmt"/>
      <line num="22" count="14" type="stmt"/>
      <line num="24" count="9" type="stmt"/>
      <line num="25" count="9" type="stmt"/>
      <line num="30" count="9" type="stmt"/>
      <line num="31" count="9" type="stmt"/>
      <line num="33" count="0" type="stmt"/>
      <line num="41" count="14" type="stmt"/>
      <line num="43" count="18" type="cond" truecount="2" falsecount="0"/>
      <line num="44" count="2" type="stmt"/>
      <line num="46" count="18" type="stmt"/>
      <line num="52" count="14" type="stmt"/>
      <line num="53" count="8" type="stmt"/>
      <line num="59" count="14" type="stmt"/>
      <line num="61" count="7" type="stmt"/>
      <line num="62" count="7" type="stmt"/>
      <line num="63" count="7" type="stmt"/>
      <line num="65" count="7" type="stmt"/>
      <line num="67" count="0" type="stmt"/>
      <line num="72" count="14" type="stmt"/>
      <line num="73" count="1" type="stmt"/>
      <line num="74" count="1" type="stmt"/>
      <line num="75" count="1" type="stmt"/>
      <line num="77" count="0" type="stmt"/>
      <line num="82" count="14" type="stmt"/>
      <line num="83" count="5" type="stmt"/>
      <line num="84" count="5" type="stmt"/>
      <line num="85" count="5" type="stmt"/>
      <line num="87" count="0" type="stmt"/>
      <line num="93" count="14" type="stmt"/>
      <line num="94" count="3" type="stmt"/>
      <line num="95" count="3" type="stmt"/>
      <line num="96" count="3" type="stmt"/>
      <line num="98" count="0" type="stmt"/>
      <line num="103" count="14" type="stmt"/>
      <line num="104" count="1" type="stmt"/>
      <line num="105" count="1" type="stmt"/>
      <line num="106" count="1" type="stmt"/>
      <line num="111" count="0" type="stmt"/>
      <line num="115" count="14" type="stmt"/>
      <line num="116" count="1" type="stmt"/>
      <line num="117" count="1" type="stmt"/>
      <line num="118" count="1" type="stmt"/>
      <line num="122" count="0" type="stmt"/>
      <line num="128" count="14" type="stmt"/>
      <line num="129" count="1" type="stmt"/>
      <line num="130" count="1" type="stmt"/>
      <line num="131" count="1" type="stmt"/>
      <line num="132" count="1" type="stmt"/>
      <line num="133" count="1" type="stmt"/>
      <line num="134" count="1" type="stmt"/>
      <line num="135" count="0" type="cond" truecount="0" falsecount="4"/>
      <line num="136" count="0" type="stmt"/>
      <line num="139" count="0" type="stmt"/>
      <line num="141" count="1" type="stmt"/>
      <line num="147" count="14" type="stmt"/>
      <line num="148" count="2" type="stmt"/>
      <line num="149" count="2" type="stmt"/>
      <line num="150" count="2" type="cond" truecount="1" falsecount="1"/>
      <line num="151" count="1" type="stmt"/>
      <line num="152" count="0" type="cond" truecount="0" falsecount="2"/>
      <line num="153" count="0" type="stmt"/>
      <line num="156" count="1" type="stmt"/>
      <line num="158" count="0" type="stmt"/>
      <line num="161" count="14" type="stmt"/>
      <line num="162" count="0" type="stmt"/>
      <line num="163" count="0" type="stmt"/>
      <line num="164" count="0" type="stmt"/>
      <line num="165" count="0" type="cond" truecount="0" falsecount="2"/>
      <line num="166" count="0" type="stmt"/>
      <line num="169" count="0" type="stmt"/>
      <line num="172" count="14" type="stmt"/>
      <line num="173" count="0" type="stmt"/>
      <line num="174" count="0" type="stmt"/>
      <line num="175" count="0" type="stmt"/>
      <line num="177" count="0" type="stmt"/>
      <line num="217" count="14" type="stmt"/>
    </file>
    <file name="server.js" path="C:\Users\amyry\Documents\1_Classes\6_2022_Q1\6_CIT557\project---design-hw1-group-3\mongodb\server.js">
      <metrics statements="370" coveredstatements="182" conditionals="117" coveredconditionals="43" methods="46" coveredmethods="26"/>
      <line num="5" count="14" type="stmt"/>
      <line num="7" count="14" type="stmt"/>
      <line num="11" count="14" type="stmt"/>
      <line num="14" count="14" type="stmt"/>
      <line num="16" count="14" type="stmt"/>
      <line num="25" count="14" type="stmt"/>
      <line num="28" count="14" type="stmt"/>
      <line num="31" count="14" type="stmt"/>
      <line num="32" count="14" type="stmt"/>
      <line num="33" count="14" type="stmt"/>
      <line num="34" count="14" type="stmt"/>
      <line num="35" count="14" type="stmt"/>
      <line num="36" count="14" type="stmt"/>
      <line num="39" count="14" type="stmt"/>
      <line num="50" count="14" type="stmt"/>
      <line num="51" count="0" type="stmt"/>
      <line num="56" count="14" type="stmt"/>
      <line num="57" count="1" type="stmt"/>
      <line num="58" count="1" type="cond" truecount="1" falsecount="1"/>
      <line num="59" count="0" type="stmt"/>
      <line num="61" count="1" type="cond" truecount="1" falsecount="1"/>
      <line num="62" count="1" type="stmt"/>
      <line num="63" count="1" type="stmt"/>
      <line num="65" count="1" type="stmt"/>
      <line num="66" count="1" type="stmt"/>
      <line num="67" count="1" type="cond" truecount="1" falsecount="1"/>
      <line num="68" count="1" type="stmt"/>
      <line num="70" count="0" type="stmt"/>
      <line num="71" count="0" type="stmt"/>
      <line num="75" count="1" type="stmt"/>
      <line num="109" count="14" type="stmt"/>
      <line num="111" count="4" type="cond" truecount="2" falsecount="0"/>
      <line num="112" count="1" type="stmt"/>
      <line num="113" count="1" type="stmt"/>
      <line num="115" count="3" type="stmt"/>
      <line num="117" count="3" type="stmt"/>
      <line num="118" count="3" type="cond" truecount="1" falsecount="1"/>
      <line num="119" count="3" type="stmt"/>
      <line num="120" count="3" type="stmt"/>
      <line num="121" count="3" type="cond" truecount="1" falsecount="1"/>
      <line num="122" count="0" type="stmt"/>
      <line num="124" count="3" type="stmt"/>
      <line num="126" count="3" type="stmt"/>
      <line num="128" count="0" type="stmt"/>
      <line num="129" count="0" type="cond" truecount="0" falsecount="2"/>
      <line num="130" count="0" type="stmt"/>
      <line num="132" count="0" type="stmt"/>
      <line num="133" count="0" type="stmt"/>
      <line num="134" count="0" type="cond" truecount="0" falsecount="2"/>
      <line num="135" count="0" type="stmt"/>
      <line num="137" count="0" type="stmt"/>
      <line num="140" count="0" type="stmt"/>
      <line num="145" count="0" type="stmt"/>
      <line num="146" count="0" type="stmt"/>
      <line num="150" count="14" type="stmt"/>
      <line num="151" count="0" type="stmt"/>
      <line num="152" count="0" type="cond" truecount="0" falsecount="2"/>
      <line num="153" count="0" type="stmt"/>
      <line num="156" count="0" type="stmt"/>
      <line num="157" count="0" type="stmt"/>
      <line num="158" count="0" type="cond" truecount="0" falsecount="2"/>
      <line num="159" count="0" type="stmt"/>
      <line num="161" count="0" type="stmt"/>
      <line num="162" count="0" type="stmt"/>
      <line num="163" count="0" type="stmt"/>
      <line num="164" count="0" type="stmt"/>
      <line num="165" count="0" type="stmt"/>
      <line num="169" count="0" type="stmt"/>
      <line num="175" count="14" type="stmt"/>
      <line num="176" count="0" type="stmt"/>
      <line num="178" count="0" type="stmt"/>
      <line num="180" count="0" type="stmt"/>
      <line num="182" count="0" type="stmt"/>
      <line num="187" count="14" type="stmt"/>
      <line num="188" count="2" type="stmt"/>
      <line num="190" count="2" type="stmt"/>
      <line num="192" count="2" type="cond" truecount="2" falsecount="0"/>
      <line num="193" count="1" type="stmt"/>
      <line num="194" count="1" type="stmt"/>
      <line num="196" count="1" type="stmt"/>
      <line num="198" count="0" type="stmt"/>
      <line num="203" count="14" type="stmt"/>
      <line num="205" count="4" type="cond" truecount="6" falsecount="0"/>
      <line num="206" count="1" type="stmt"/>
      <line num="207" count="1" type="stmt"/>
      <line num="209" count="3" type="stmt"/>
      <line num="211" count="3" type="stmt"/>
      <line num="217" count="3" type="stmt"/>
      <line num="219" count="3" type="stmt"/>
      <line num="221" count="0" type="stmt"/>
      <line num="226" count="14" type="stmt"/>
      <line num="228" count="0" type="cond" truecount="0" falsecount="6"/>
      <line num="229" count="0" type="stmt"/>
      <line num="230" count="0" type="stmt"/>
      <line num="232" count="0" type="stmt"/>
      <line num="234" count="0" type="stmt"/>
      <line num="240" count="0" type="stmt"/>
      <line num="242" count="0" type="stmt"/>
      <line num="244" count="0" type="stmt"/>
      <line num="249" count="14" type="stmt"/>
      <line num="255" count="1" type="stmt"/>
      <line num="256" count="1" type="stmt"/>
      <line num="257" count="1" type="stmt"/>
      <line num="258" count="1" type="stmt"/>
      <line num="259" count="1" type="stmt"/>
      <line num="261" count="1" type="stmt"/>
      <line num="263" count="0" type="stmt"/>
      <line num="268" count="14" type="stmt"/>
      <line num="269" count="2" type="stmt"/>
      <line num="271" count="2" type="stmt"/>
      <line num="275" count="2" type="stmt"/>
      <line num="277" count="0" type="stmt"/>
      <line num="282" count="14" type="stmt"/>
      <line num="283" count="1" type="stmt"/>
      <line num="285" count="1" type="stmt"/>
      <line num="289" count="1" type="stmt"/>
      <line num="291" count="0" type="stmt"/>
      <line num="323" count="14" type="stmt"/>
      <line num="324" count="1" type="stmt"/>
      <line num="325" count="1" type="stmt"/>
      <line num="326" count="1" type="cond" truecount="1" falsecount="1"/>
      <line num="327" count="0" type="stmt"/>
      <line num="328" count="0" type="stmt"/>
      <line num="331" count="1" type="stmt"/>
      <line num="333" count="0" type="stmt"/>
      <line num="337" count="14" type="stmt"/>
      <line num="338" count="0" type="stmt"/>
      <line num="340" count="0" type="stmt"/>
      <line num="342" count="0" type="cond" truecount="0" falsecount="2"/>
      <line num="343" count="0" type="stmt"/>
      <line num="344" count="0" type="stmt"/>
      <line num="346" count="0" type="stmt"/>
      <line num="348" count="0" type="stmt"/>
      <line num="374" count="14" type="stmt"/>
      <line num="375" count="1" type="stmt"/>
      <line num="377" count="1" type="stmt"/>
      <line num="378" count="1" type="stmt"/>
      <line num="380" count="0" type="stmt"/>
      <line num="385" count="14" type="stmt"/>
      <line num="386" count="2" type="stmt"/>
      <line num="388" count="2" type="stmt"/>
      <line num="392" count="2" type="stmt"/>
      <line num="394" count="0" type="stmt"/>
      <line num="398" count="14" type="stmt"/>
      <line num="399" count="1" type="stmt"/>
      <line num="401" count="1" type="stmt"/>
      <line num="405" count="1" type="stmt"/>
      <line num="407" count="0" type="stmt"/>
      <line num="412" count="14" type="stmt"/>
      <line num="413" count="1" type="stmt"/>
      <line num="415" count="1" type="stmt"/>
      <line num="419" count="1" type="stmt"/>
      <line num="421" count="0" type="stmt"/>
      <line num="426" count="14" type="stmt"/>
      <line num="427" count="1" type="stmt"/>
      <line num="428" count="1" type="stmt"/>
      <line num="429" count="1" type="stmt"/>
      <line num="430" count="1" type="cond" truecount="1" falsecount="1"/>
      <line num="431" count="1" type="stmt"/>
      <line num="432" count="1" type="stmt"/>
      <line num="433" count="1" type="stmt"/>
      <line num="434" count="1" type="stmt"/>
      <line num="436" count="0" type="stmt"/>
      <line num="437" count="0" type="stmt"/>
      <line num="440" count="0" type="stmt"/>
      <line num="441" count="0" type="stmt"/>
      <line num="442" count="0" type="cond" truecount="0" falsecount="2"/>
      <line num="443" count="0" type="stmt"/>
      <line num="444" count="0" type="stmt"/>
      <line num="446" count="0" type="cond" truecount="0" falsecount="2"/>
      <line num="447" count="0" type="stmt"/>
      <line num="448" count="0" type="stmt"/>
      <line num="449" count="0" type="stmt"/>
      <line num="451" count="0" type="stmt"/>
      <line num="452" count="0" type="stmt"/>
      <line num="455" count="0" type="stmt"/>
      <line num="456" count="0" type="stmt"/>
      <line num="457" count="0" type="stmt"/>
      <line num="459" count="0" type="stmt"/>
      <line num="464" count="0" type="stmt"/>
      <line num="469" count="14" type="stmt"/>
      <line num="470" count="1" type="stmt"/>
      <line num="471" count="1" type="cond" truecount="1" falsecount="1"/>
      <line num="472" count="0" type="stmt"/>
      <line num="473" count="0" type="stmt"/>
      <line num="475" count="1" type="cond" truecount="1" falsecount="1"/>
      <line num="476" count="1" type="stmt"/>
      <line num="477" count="1" type="stmt"/>
      <line num="478" count="1" type="stmt"/>
      <line num="480" count="0" type="stmt"/>
      <line num="484" count="0" type="stmt"/>
      <line num="485" count="0" type="stmt"/>
      <line num="486" count="0" type="cond" truecount="0" falsecount="2"/>
      <line num="487" count="0" type="stmt"/>
      <line num="488" count="0" type="stmt"/>
      <line num="490" count="0" type="cond" truecount="0" falsecount="2"/>
      <line num="491" count="0" type="stmt"/>
      <line num="492" count="0" type="stmt"/>
      <line num="493" count="0" type="stmt"/>
      <line num="495" count="0" type="stmt"/>
      <line num="498" count="0" type="stmt"/>
      <line num="499" count="0" type="stmt"/>
      <line num="500" count="0" type="stmt"/>
      <line num="501" count="0" type="stmt"/>
      <line num="503" count="0" type="stmt"/>
      <line num="508" count="0" type="stmt"/>
      <line num="513" count="14" type="stmt"/>
      <line num="516" count="6" type="cond" truecount="8" falsecount="0"/>
      <line num="517" count="2" type="stmt"/>
      <line num="518" count="2" type="stmt"/>
      <line num="520" count="4" type="stmt"/>
      <line num="522" count="4" type="stmt"/>
      <line num="530" count="4" type="stmt"/>
      <line num="532" count="4" type="stmt"/>
      <line num="534" count="0" type="stmt"/>
      <line num="539" count="14" type="stmt"/>
      <line num="542" count="1" type="stmt"/>
      <line num="543" count="1" type="stmt"/>
      <line num="545" count="1" type="stmt"/>
      <line num="547" count="0" type="stmt"/>
      <line num="552" count="14" type="stmt"/>
      <line num="554" count="2" type="cond" truecount="2" falsecount="0"/>
      <line num="555" count="1" type="stmt"/>
      <line num="556" count="1" type="stmt"/>
      <line num="560" count="1" type="stmt"/>
      <line num="561" count="1" type="stmt"/>
      <line num="563" count="1" type="stmt"/>
      <line num="565" count="0" type="stmt"/>
      <line num="570" count="14" type="stmt"/>
      <line num="571" count="0" type="stmt"/>
      <line num="572" count="0" type="stmt"/>
      <line num="573" count="0" type="stmt"/>
      <line num="575" count="0" type="stmt"/>
      <line num="580" count="14" type="stmt"/>
      <line num="581" count="1" type="stmt"/>
      <line num="582" count="1" type="stmt"/>
      <line num="583" count="1" type="stmt"/>
      <line num="585" count="0" type="stmt"/>
      <line num="589" count="14" type="stmt"/>
      <line num="590" count="0" type="stmt"/>
      <line num="591" count="0" type="cond" truecount="0" falsecount="4"/>
      <line num="592" count="0" type="stmt"/>
      <line num="594" count="0" type="stmt"/>
      <line num="595" count="0" type="cond" truecount="0" falsecount="2"/>
      <line num="596" count="0" type="stmt"/>
      <line num="598" count="0" type="stmt"/>
      <line num="599" count="0" type="cond" truecount="0" falsecount="2"/>
      <line num="600" count="0" type="stmt"/>
      <line num="602" count="0" type="stmt"/>
      <line num="604" count="0" type="stmt"/>
      <line num="605" count="0" type="cond" truecount="0" falsecount="2"/>
      <line num="606" count="0" type="stmt"/>
      <line num="608" count="0" type="stmt"/>
      <line num="609" count="0" type="stmt"/>
      <line num="618" count="0" type="stmt"/>
      <line num="624" count="14" type="stmt"/>
      <line num="625" count="3" type="stmt"/>
      <line num="626" count="3" type="cond" truecount="4" falsecount="1"/>
      <line num="627" count="0" type="stmt"/>
      <line num="629" count="3" type="stmt"/>
      <line num="630" count="3" type="cond" truecount="1" falsecount="1"/>
      <line num="631" count="0" type="stmt"/>
      <line num="633" count="3" type="stmt"/>
      <line num="634" count="3" type="stmt"/>
      <line num="635" count="3" type="stmt"/>
      <line num="645" count="3" type="stmt"/>
      <line num="646" count="3" type="stmt"/>
      <line num="647" count="3" type="cond" truecount="1" falsecount="1"/>
      <line num="648" count="0" type="stmt"/>
      <line num="650" count="3" type="stmt"/>
      <line num="651" count="3" type="stmt"/>
      <line num="661" count="14" type="stmt"/>
      <line num="662" count="0" type="stmt"/>
      <line num="663" count="0" type="cond" truecount="0" falsecount="2"/>
      <line num="664" count="0" type="stmt"/>
      <line num="666" count="0" type="stmt"/>
      <line num="667" count="0" type="cond" truecount="0" falsecount="2"/>
      <line num="668" count="0" type="stmt"/>
      <line num="670" count="0" type="stmt"/>
      <line num="674" count="14" type="stmt"/>
      <line num="676" count="3" type="stmt"/>
      <line num="677" count="3" type="stmt"/>
      <line num="678" count="3" type="stmt"/>
      <line num="679" count="3" type="stmt"/>
      <line num="680" count="3" type="stmt"/>
      <line num="682" count="0" type="stmt"/>
      <line num="687" count="14" type="stmt"/>
      <line num="688" count="0" type="stmt"/>
      <line num="689" count="0" type="cond" truecount="0" falsecount="2"/>
      <line num="690" count="0" type="stmt"/>
      <line num="692" count="0" type="stmt"/>
      <line num="693" count="0" type="stmt"/>
      <line num="694" count="0" type="cond" truecount="0" falsecount="2"/>
      <line num="695" count="0" type="stmt"/>
      <line num="696" count="0" type="stmt"/>
      <line num="697" count="0" type="stmt"/>
      <line num="699" count="0" type="stmt"/>
      <line num="702" count="0" type="stmt"/>
      <line num="706" count="14" type="stmt"/>
      <line num="708" count="2" type="stmt"/>
      <line num="709" count="2" type="stmt"/>
      <line num="711" count="2" type="cond" truecount="1" falsecount="1"/>
      <line num="712" count="0" type="stmt"/>
      <line num="713" count="0" type="stmt"/>
      <line num="715" count="2" type="cond" truecount="1" falsecount="1"/>
      <line num="716" count="2" type="stmt"/>
      <line num="717" count="2" type="stmt"/>
      <line num="718" count="2" type="stmt"/>
      <line num="719" count="2" type="cond" truecount="6" falsecount="0"/>
      <line num="720" count="1" type="stmt"/>
      <line num="721" count="1" type="stmt"/>
      <line num="723" count="1" type="stmt"/>
      <line num="724" count="1" type="stmt"/>
      <line num="727" count="0" type="stmt"/>
      <line num="729" count="0" type="stmt"/>
      <line num="730" count="0" type="stmt"/>
      <line num="731" count="0" type="cond" truecount="0" falsecount="2"/>
      <line num="732" count="0" type="stmt"/>
      <line num="733" count="0" type="stmt"/>
      <line num="734" count="0" type="stmt"/>
      <line num="736" count="0" type="stmt"/>
      <line num="737" count="0" type="cond" truecount="0" falsecount="2"/>
      <line num="738" count="0" type="stmt"/>
      <line num="739" count="0" type="stmt"/>
      <line num="741" count="0" type="stmt"/>
      <line num="742" count="0" type="cond" truecount="0" falsecount="2"/>
      <line num="743" count="0" type="stmt"/>
      <line num="744" count="0" type="stmt"/>
      <line num="746" count="0" type="stmt"/>
      <line num="755" count="0" type="stmt"/>
      <line num="756" count="0" type="cond" truecount="0" falsecount="6"/>
      <line num="757" count="0" type="stmt"/>
      <line num="758" count="0" type="stmt"/>
      <line num="760" count="0" type="stmt"/>
      <line num="761" count="0" type="stmt"/>
      <line num="764" count="0" type="stmt"/>
      <line num="769" count="14" type="stmt"/>
      <line num="770" count="0" type="stmt"/>
      <line num="771" count="0" type="cond" truecount="0" falsecount="2"/>
      <line num="772" count="0" type="stmt"/>
      <line num="773" count="0" type="stmt"/>
      <line num="775" count="0" type="stmt"/>
      <line num="776" count="0" type="stmt"/>
      <line num="777" count="0" type="cond" truecount="0" falsecount="2"/>
      <line num="778" count="0" type="stmt"/>
      <line num="779" count="0" type="stmt"/>
      <line num="780" count="0" type="stmt"/>
      <line num="782" count="0" type="stmt"/>
      <line num="783" count="0" type="cond" truecount="0" falsecount="2"/>
      <line num="784" count="0" type="stmt"/>
      <line num="785" count="0" type="stmt"/>
      <line num="787" count="0" type="stmt"/>
      <line num="790" count="0" type="stmt"/>
      <line num="794" count="14" type="stmt"/>
      <line num="795" count="1" type="stmt"/>
      <line num="796" count="1" type="stmt"/>
      <line num="797" count="1" type="stmt"/>
      <line num="798" count="1" type="stmt"/>
      <line num="801" count="14" type="stmt"/>
      <line num="802" count="1" type="stmt"/>
      <line num="803" count="1" type="stmt"/>
      <line num="804" count="1" type="stmt"/>
      <line num="808" count="14" type="stmt"/>
      <line num="809" count="0" type="stmt"/>
      <line num="811" count="0" type="stmt"/>
      <line num="815" count="0" type="stmt"/>
      <line num="817" count="0" type="stmt"/>
      <line num="823" count="14" type="stmt"/>
      <line num="824" count="1" type="stmt"/>
      <line num="828" count="14" type="stmt"/>
    </file>
  </project>
</coverage>
