{"C:\\Users\\amyry\\Documents\\1_Classes\\6_2022_Q1\\6_CIT557\\project---design-hw1-group-3\\mongodb\\dbCreatePost.js": {"path":"C:\\Users\\amyry\\Documents\\1_Classes\\6_2022_Q1\\6_CIT557\\project---design-hw1-group-3\\mongodb\\dbCreatePost.js","statementMap":{"0":{"start":{"line":1,"column":24},"end":{"line":1,"column":42}},"1":{"start":{"line":4,"column":21},"end":{"line":4,"column":39}},"2":{"start":{"line":7,"column":14},"end":{"line":7,"column":120}},"3":{"start":{"line":11,"column":16},"end":{"line":24,"column":1}},"4":{"start":{"line":13,"column":4},"end":{"line":23,"column":5}},"5":{"start":{"line":14,"column":8},"end":{"line":17,"column":11}},"6":{"start":{"line":19,"column":8},"end":{"line":19,"column":77}},"7":{"start":{"line":20,"column":8},"end":{"line":20,"column":31}},"8":{"start":{"line":22,"column":8},"end":{"line":22,"column":33}},"9":{"start":{"line":30,"column":14},"end":{"line":36,"column":1}},"10":{"start":{"line":32,"column":4},"end":{"line":34,"column":5}},"11":{"start":{"line":33,"column":8},"end":{"line":33,"column":24}},"12":{"start":{"line":35,"column":4},"end":{"line":35,"column":32}},"13":{"start":{"line":38,"column":19},"end":{"line":58,"column":1}},"14":{"start":{"line":39,"column":4},"end":{"line":57,"column":5}},"15":{"start":{"line":40,"column":19},"end":{"line":40,"column":32}},"16":{"start":{"line":41,"column":23},"end":{"line":41,"column":66}},"17":{"start":{"line":42,"column":8},"end":{"line":42,"column":74}},"18":{"start":{"line":43,"column":27},"end":{"line":53,"column":11}},"19":{"start":{"line":54,"column":8},"end":{"line":54,"column":22}},"20":{"start":{"line":56,"column":8},"end":{"line":56,"column":45}},"21":{"start":{"line":60,"column":19},"end":{"line":69,"column":1}},"22":{"start":{"line":61,"column":4},"end":{"line":68,"column":5}},"23":{"start":{"line":62,"column":19},"end":{"line":62,"column":32}},"24":{"start":{"line":63,"column":23},"end":{"line":63,"column":99}},"25":{"start":{"line":64,"column":8},"end":{"line":64,"column":63}},"26":{"start":{"line":65,"column":8},"end":{"line":65,"column":22}},"27":{"start":{"line":67,"column":8},"end":{"line":67,"column":45}},"28":{"start":{"line":71,"column":19},"end":{"line":88,"column":1}},"29":{"start":{"line":72,"column":4},"end":{"line":87,"column":5}},"30":{"start":{"line":73,"column":19},"end":{"line":73,"column":32}},"31":{"start":{"line":74,"column":21},"end":{"line":74,"column":77}},"32":{"start":{"line":75,"column":27},"end":{"line":80,"column":11}},"33":{"start":{"line":81,"column":8},"end":{"line":81,"column":74}},"34":{"start":{"line":82,"column":23},"end":{"line":82,"column":83}},"35":{"start":{"line":83,"column":8},"end":{"line":83,"column":63}},"36":{"start":{"line":84,"column":8},"end":{"line":84,"column":22}},"37":{"start":{"line":86,"column":8},"end":{"line":86,"column":45}},"38":{"start":{"line":90,"column":16},"end":{"line":99,"column":1}},"39":{"start":{"line":91,"column":4},"end":{"line":98,"column":5}},"40":{"start":{"line":92,"column":19},"end":{"line":92,"column":32}},"41":{"start":{"line":93,"column":23},"end":{"line":93,"column":85}},"42":{"start":{"line":94,"column":8},"end":{"line":94,"column":61}},"43":{"start":{"line":95,"column":8},"end":{"line":95,"column":22}},"44":{"start":{"line":97,"column":8},"end":{"line":97,"column":45}},"45":{"start":{"line":101,"column":0},"end":{"line":106,"column":1}}},"fnMap":{"0":{"name":"(anonymous_0)","decl":{"start":{"line":11,"column":16},"end":{"line":11,"column":17}},"loc":{"start":{"line":11,"column":28},"end":{"line":24,"column":1}},"line":11},"1":{"name":"(anonymous_1)","decl":{"start":{"line":30,"column":14},"end":{"line":30,"column":15}},"loc":{"start":{"line":30,"column":26},"end":{"line":36,"column":1}},"line":30},"2":{"name":"(anonymous_2)","decl":{"start":{"line":38,"column":19},"end":{"line":38,"column":20}},"loc":{"start":{"line":38,"column":35},"end":{"line":58,"column":1}},"line":38},"3":{"name":"(anonymous_3)","decl":{"start":{"line":60,"column":19},"end":{"line":60,"column":20}},"loc":{"start":{"line":60,"column":39},"end":{"line":69,"column":1}},"line":60},"4":{"name":"(anonymous_4)","decl":{"start":{"line":71,"column":19},"end":{"line":71,"column":20}},"loc":{"start":{"line":71,"column":33},"end":{"line":88,"column":1}},"line":71},"5":{"name":"(anonymous_5)","decl":{"start":{"line":90,"column":16},"end":{"line":90,"column":17}},"loc":{"start":{"line":90,"column":34},"end":{"line":99,"column":1}},"line":90}},"branchMap":{"0":{"loc":{"start":{"line":32,"column":4},"end":{"line":34,"column":5}},"type":"if","locations":[{"start":{"line":32,"column":4},"end":{"line":34,"column":5}},{"start":{},"end":{}}],"line":32}},"s":{"0":14,"1":14,"2":14,"3":14,"4":3,"5":3,"6":3,"7":3,"8":0,"9":14,"10":4,"11":3,"12":4,"13":14,"14":3,"15":3,"16":3,"17":3,"18":3,"19":3,"20":0,"21":14,"22":1,"23":1,"24":1,"25":1,"26":1,"27":0,"28":14,"29":0,"30":0,"31":0,"32":0,"33":0,"34":0,"35":0,"36":0,"37":0,"38":14,"39":0,"40":0,"41":0,"42":0,"43":0,"44":0,"45":14},"f":{"0":3,"1":4,"2":3,"3":1,"4":0,"5":0},"b":{"0":[3,1]},"_coverageSchema":"1a1c01bbd47fc00a2c39e90264f33305004495a9","hash":"c126d68f2a8a8ef69983e1e7e4259e381b4034df"}
,"C:\\Users\\amyry\\Documents\\1_Classes\\6_2022_Q1\\6_CIT557\\project---design-hw1-group-3\\mongodb\\dbFollow&Comments.js": {"path":"C:\\Users\\amyry\\Documents\\1_Classes\\6_2022_Q1\\6_CIT557\\project---design-hw1-group-3\\mongodb\\dbFollow&Comments.js","statementMap":{"0":{"start":{"line":4,"column":24},"end":{"line":4,"column":42}},"1":{"start":{"line":7,"column":21},"end":{"line":7,"column":39}},"2":{"start":{"line":10,"column":14},"end":{"line":10,"column":120}},"3":{"start":{"line":14,"column":16},"end":{"line":27,"column":1}},"4":{"start":{"line":16,"column":2},"end":{"line":26,"column":3}},"5":{"start":{"line":17,"column":4},"end":{"line":20,"column":7}},"6":{"start":{"line":22,"column":4},"end":{"line":22,"column":73}},"7":{"start":{"line":23,"column":4},"end":{"line":23,"column":27}},"8":{"start":{"line":25,"column":4},"end":{"line":25,"column":29}},"9":{"start":{"line":33,"column":14},"end":{"line":39,"column":1}},"10":{"start":{"line":35,"column":2},"end":{"line":37,"column":3}},"11":{"start":{"line":36,"column":4},"end":{"line":36,"column":20}},"12":{"start":{"line":38,"column":2},"end":{"line":38,"column":30}},"13":{"start":{"line":45,"column":31},"end":{"line":47,"column":1}},"14":{"start":{"line":46,"column":2},"end":{"line":46,"column":32}},"15":{"start":{"line":49,"column":23},"end":{"line":60,"column":1}},"16":{"start":{"line":50,"column":2},"end":{"line":59,"column":3}},"17":{"start":{"line":52,"column":15},"end":{"line":52,"column":28}},"18":{"start":{"line":53,"column":15},"end":{"line":53,"column":75}},"19":{"start":{"line":54,"column":19},"end":{"line":54,"column":31}},"20":{"start":{"line":55,"column":4},"end":{"line":55,"column":59}},"21":{"start":{"line":56,"column":4},"end":{"line":56,"column":18}},"22":{"start":{"line":58,"column":4},"end":{"line":58,"column":41}},"23":{"start":{"line":62,"column":19},"end":{"line":81,"column":1}},"24":{"start":{"line":63,"column":2},"end":{"line":63,"column":28}},"25":{"start":{"line":64,"column":2},"end":{"line":64,"column":22}},"26":{"start":{"line":65,"column":2},"end":{"line":80,"column":3}},"27":{"start":{"line":67,"column":15},"end":{"line":67,"column":28}},"28":{"start":{"line":68,"column":19},"end":{"line":75,"column":5}},"29":{"start":{"line":76,"column":4},"end":{"line":76,"column":51}},"30":{"start":{"line":77,"column":4},"end":{"line":77,"column":18}},"31":{"start":{"line":79,"column":4},"end":{"line":79,"column":41}},"32":{"start":{"line":83,"column":21},"end":{"line":96,"column":1}},"33":{"start":{"line":84,"column":2},"end":{"line":95,"column":3}},"34":{"start":{"line":86,"column":15},"end":{"line":86,"column":28}},"35":{"start":{"line":87,"column":19},"end":{"line":90,"column":5}},"36":{"start":{"line":91,"column":4},"end":{"line":91,"column":52}},"37":{"start":{"line":92,"column":4},"end":{"line":92,"column":18}},"38":{"start":{"line":94,"column":4},"end":{"line":94,"column":41}},"39":{"start":{"line":98,"column":22},"end":{"line":109,"column":1}},"40":{"start":{"line":99,"column":2},"end":{"line":108,"column":3}},"41":{"start":{"line":101,"column":15},"end":{"line":101,"column":28}},"42":{"start":{"line":102,"column":18},"end":{"line":102,"column":121}},"43":{"start":{"line":103,"column":17},"end":{"line":103,"column":26}},"44":{"start":{"line":104,"column":4},"end":{"line":104,"column":52}},"45":{"start":{"line":105,"column":4},"end":{"line":105,"column":15}},"46":{"start":{"line":107,"column":4},"end":{"line":107,"column":41}},"47":{"start":{"line":111,"column":25},"end":{"line":121,"column":1}},"48":{"start":{"line":112,"column":2},"end":{"line":120,"column":3}},"49":{"start":{"line":114,"column":15},"end":{"line":114,"column":28}},"50":{"start":{"line":115,"column":19},"end":{"line":115,"column":81}},"51":{"start":{"line":116,"column":4},"end":{"line":116,"column":76}},"52":{"start":{"line":117,"column":4},"end":{"line":117,"column":35}},"53":{"start":{"line":119,"column":4},"end":{"line":119,"column":41}},"54":{"start":{"line":123,"column":26},"end":{"line":133,"column":1}},"55":{"start":{"line":124,"column":2},"end":{"line":132,"column":3}},"56":{"start":{"line":126,"column":15},"end":{"line":126,"column":28}},"57":{"start":{"line":127,"column":19},"end":{"line":127,"column":87}},"58":{"start":{"line":128,"column":4},"end":{"line":128,"column":69}},"59":{"start":{"line":129,"column":4},"end":{"line":129,"column":26}},"60":{"start":{"line":131,"column":4},"end":{"line":131,"column":41}},"61":{"start":{"line":135,"column":22},"end":{"line":145,"column":1}},"62":{"start":{"line":136,"column":2},"end":{"line":144,"column":3}},"63":{"start":{"line":138,"column":15},"end":{"line":138,"column":28}},"64":{"start":{"line":139,"column":19},"end":{"line":139,"column":74}},"65":{"start":{"line":140,"column":4},"end":{"line":140,"column":85}},"66":{"start":{"line":141,"column":4},"end":{"line":141,"column":29}},"67":{"start":{"line":143,"column":4},"end":{"line":143,"column":41}},"68":{"start":{"line":147,"column":28},"end":{"line":171,"column":1}},"69":{"start":{"line":148,"column":2},"end":{"line":170,"column":3}},"70":{"start":{"line":150,"column":15},"end":{"line":150,"column":28}},"71":{"start":{"line":152,"column":23},"end":{"line":152,"column":78}},"72":{"start":{"line":153,"column":4},"end":{"line":153,"column":46}},"73":{"start":{"line":155,"column":19},"end":{"line":165,"column":5}},"74":{"start":{"line":166,"column":4},"end":{"line":166,"column":58}},"75":{"start":{"line":167,"column":4},"end":{"line":167,"column":18}},"76":{"start":{"line":169,"column":4},"end":{"line":169,"column":41}},"77":{"start":{"line":173,"column":22},"end":{"line":190,"column":1}},"78":{"start":{"line":174,"column":2},"end":{"line":189,"column":3}},"79":{"start":{"line":176,"column":15},"end":{"line":176,"column":28}},"80":{"start":{"line":177,"column":4},"end":{"line":177,"column":24}},"81":{"start":{"line":178,"column":4},"end":{"line":178,"column":29}},"82":{"start":{"line":179,"column":4},"end":{"line":179,"column":32}},"83":{"start":{"line":180,"column":19},"end":{"line":184,"column":5}},"84":{"start":{"line":185,"column":4},"end":{"line":185,"column":23}},"85":{"start":{"line":186,"column":4},"end":{"line":186,"column":18}},"86":{"start":{"line":188,"column":4},"end":{"line":188,"column":41}},"87":{"start":{"line":220,"column":0},"end":{"line":233,"column":2}}},"fnMap":{"0":{"name":"(anonymous_0)","decl":{"start":{"line":14,"column":16},"end":{"line":14,"column":17}},"loc":{"start":{"line":14,"column":28},"end":{"line":27,"column":1}},"line":14},"1":{"name":"(anonymous_1)","decl":{"start":{"line":33,"column":14},"end":{"line":33,"column":15}},"loc":{"start":{"line":33,"column":26},"end":{"line":39,"column":1}},"line":33},"2":{"name":"(anonymous_2)","decl":{"start":{"line":45,"column":31},"end":{"line":45,"column":32}},"loc":{"start":{"line":45,"column":43},"end":{"line":47,"column":1}},"line":45},"3":{"name":"(anonymous_3)","decl":{"start":{"line":49,"column":23},"end":{"line":49,"column":24}},"loc":{"start":{"line":49,"column":41},"end":{"line":60,"column":1}},"line":49},"4":{"name":"(anonymous_4)","decl":{"start":{"line":62,"column":19},"end":{"line":62,"column":20}},"loc":{"start":{"line":62,"column":52},"end":{"line":81,"column":1}},"line":62},"5":{"name":"(anonymous_5)","decl":{"start":{"line":83,"column":21},"end":{"line":83,"column":22}},"loc":{"start":{"line":83,"column":54},"end":{"line":96,"column":1}},"line":83},"6":{"name":"(anonymous_6)","decl":{"start":{"line":98,"column":22},"end":{"line":98,"column":23}},"loc":{"start":{"line":98,"column":53},"end":{"line":109,"column":1}},"line":98},"7":{"name":"(anonymous_7)","decl":{"start":{"line":111,"column":25},"end":{"line":111,"column":26}},"loc":{"start":{"line":111,"column":43},"end":{"line":121,"column":1}},"line":111},"8":{"name":"(anonymous_8)","decl":{"start":{"line":123,"column":26},"end":{"line":123,"column":27}},"loc":{"start":{"line":123,"column":47},"end":{"line":133,"column":1}},"line":123},"9":{"name":"(anonymous_9)","decl":{"start":{"line":135,"column":22},"end":{"line":135,"column":23}},"loc":{"start":{"line":135,"column":47},"end":{"line":145,"column":1}},"line":135},"10":{"name":"(anonymous_10)","decl":{"start":{"line":147,"column":28},"end":{"line":147,"column":29}},"loc":{"start":{"line":147,"column":61},"end":{"line":171,"column":1}},"line":147},"11":{"name":"(anonymous_11)","decl":{"start":{"line":173,"column":22},"end":{"line":173,"column":23}},"loc":{"start":{"line":173,"column":57},"end":{"line":190,"column":1}},"line":173}},"branchMap":{"0":{"loc":{"start":{"line":35,"column":2},"end":{"line":37,"column":3}},"type":"if","locations":[{"start":{"line":35,"column":2},"end":{"line":37,"column":3}},{"start":{},"end":{}}],"line":35}},"s":{"0":14,"1":14,"2":14,"3":14,"4":7,"5":7,"6":7,"7":7,"8":0,"9":14,"10":18,"11":0,"12":18,"13":14,"14":7,"15":14,"16":1,"17":1,"18":1,"19":1,"20":0,"21":0,"22":1,"23":14,"24":3,"25":3,"26":3,"27":3,"28":3,"29":2,"30":2,"31":1,"32":14,"33":0,"34":0,"35":0,"36":0,"37":0,"38":0,"39":14,"40":8,"41":8,"42":8,"43":6,"44":6,"45":6,"46":2,"47":14,"48":0,"49":0,"50":0,"51":0,"52":0,"53":0,"54":14,"55":2,"56":2,"57":2,"58":1,"59":1,"60":1,"61":14,"62":3,"63":3,"64":3,"65":3,"66":3,"67":0,"68":14,"69":0,"70":0,"71":0,"72":0,"73":0,"74":0,"75":0,"76":0,"77":14,"78":1,"79":1,"80":1,"81":1,"82":1,"83":1,"84":1,"85":1,"86":0,"87":14},"f":{"0":7,"1":18,"2":7,"3":1,"4":3,"5":0,"6":8,"7":0,"8":2,"9":3,"10":0,"11":1},"b":{"0":[0,18]},"_coverageSchema":"1a1c01bbd47fc00a2c39e90264f33305004495a9","hash":"2244ff4e37bfe2486d95838efde3919bd4a3f831"}
,"C:\\Users\\amyry\\Documents\\1_Classes\\6_2022_Q1\\6_CIT557\\project---design-hw1-group-3\\mongodb\\dbLike.js": {"path":"C:\\Users\\amyry\\Documents\\1_Classes\\6_2022_Q1\\6_CIT557\\project---design-hw1-group-3\\mongodb\\dbLike.js","statementMap":{"0":{"start":{"line":2,"column":31},"end":{"line":2,"column":49}},"1":{"start":{"line":3,"column":24},"end":{"line":3,"column":42}},"2":{"start":{"line":4,"column":15},"end":{"line":4,"column":34}},"3":{"start":{"line":5,"column":20},"end":{"line":5,"column":39}},"4":{"start":{"line":8,"column":14},"end":{"line":8,"column":120}},"5":{"start":{"line":12,"column":16},"end":{"line":25,"column":1}},"6":{"start":{"line":14,"column":2},"end":{"line":24,"column":3}},"7":{"start":{"line":15,"column":4},"end":{"line":18,"column":7}},"8":{"start":{"line":20,"column":4},"end":{"line":20,"column":73}},"9":{"start":{"line":21,"column":4},"end":{"line":21,"column":27}},"10":{"start":{"line":23,"column":4},"end":{"line":23,"column":29}},"11":{"start":{"line":31,"column":14},"end":{"line":37,"column":1}},"12":{"start":{"line":33,"column":2},"end":{"line":35,"column":3}},"13":{"start":{"line":34,"column":4},"end":{"line":34,"column":20}},"14":{"start":{"line":36,"column":2},"end":{"line":36,"column":30}},"15":{"start":{"line":41,"column":21},"end":{"line":71,"column":1}},"16":{"start":{"line":42,"column":2},"end":{"line":70,"column":3}},"17":{"start":{"line":43,"column":4},"end":{"line":43,"column":43}},"18":{"start":{"line":63,"column":15},"end":{"line":63,"column":28}},"19":{"start":{"line":64,"column":4},"end":{"line":64,"column":24}},"20":{"start":{"line":65,"column":18},"end":{"line":65,"column":125}},"21":{"start":{"line":66,"column":4},"end":{"line":66,"column":23}},"22":{"start":{"line":67,"column":4},"end":{"line":67,"column":21}},"23":{"start":{"line":69,"column":4},"end":{"line":69,"column":23}},"24":{"start":{"line":73,"column":26},"end":{"line":94,"column":1}},"25":{"start":{"line":74,"column":2},"end":{"line":93,"column":3}},"26":{"start":{"line":75,"column":4},"end":{"line":75,"column":47}},"27":{"start":{"line":76,"column":15},"end":{"line":76,"column":28}},"28":{"start":{"line":77,"column":19},"end":{"line":87,"column":5}},"29":{"start":{"line":89,"column":4},"end":{"line":89,"column":66}},"30":{"start":{"line":90,"column":4},"end":{"line":90,"column":18}},"31":{"start":{"line":92,"column":4},"end":{"line":92,"column":23}},"32":{"start":{"line":96,"column":23},"end":{"line":113,"column":1}},"33":{"start":{"line":97,"column":2},"end":{"line":97,"column":45}},"34":{"start":{"line":98,"column":2},"end":{"line":112,"column":3}},"35":{"start":{"line":99,"column":4},"end":{"line":99,"column":44}},"36":{"start":{"line":100,"column":15},"end":{"line":100,"column":28}},"37":{"start":{"line":101,"column":4},"end":{"line":101,"column":24}},"38":{"start":{"line":102,"column":19},"end":{"line":107,"column":5}},"39":{"start":{"line":108,"column":4},"end":{"line":108,"column":63}},"40":{"start":{"line":109,"column":4},"end":{"line":109,"column":18}},"41":{"start":{"line":111,"column":4},"end":{"line":111,"column":23}},"42":{"start":{"line":115,"column":0},"end":{"line":120,"column":2}}},"fnMap":{"0":{"name":"(anonymous_0)","decl":{"start":{"line":12,"column":16},"end":{"line":12,"column":17}},"loc":{"start":{"line":12,"column":28},"end":{"line":25,"column":1}},"line":12},"1":{"name":"(anonymous_1)","decl":{"start":{"line":31,"column":14},"end":{"line":31,"column":15}},"loc":{"start":{"line":31,"column":26},"end":{"line":37,"column":1}},"line":31},"2":{"name":"(anonymous_2)","decl":{"start":{"line":41,"column":21},"end":{"line":41,"column":22}},"loc":{"start":{"line":41,"column":47},"end":{"line":71,"column":1}},"line":41},"3":{"name":"(anonymous_3)","decl":{"start":{"line":73,"column":26},"end":{"line":73,"column":27}},"loc":{"start":{"line":73,"column":52},"end":{"line":94,"column":1}},"line":73},"4":{"name":"(anonymous_4)","decl":{"start":{"line":96,"column":23},"end":{"line":96,"column":24}},"loc":{"start":{"line":96,"column":49},"end":{"line":113,"column":1}},"line":96}},"branchMap":{"0":{"loc":{"start":{"line":33,"column":2},"end":{"line":35,"column":3}},"type":"if","locations":[{"start":{"line":33,"column":2},"end":{"line":35,"column":3}},{"start":{},"end":{}}],"line":33}},"s":{"0":14,"1":14,"2":14,"3":14,"4":14,"5":14,"6":1,"7":1,"8":1,"9":1,"10":0,"11":14,"12":3,"13":1,"14":3,"15":14,"16":1,"17":1,"18":1,"19":1,"20":1,"21":1,"22":1,"23":0,"24":14,"25":1,"26":1,"27":1,"28":1,"29":1,"30":1,"31":0,"32":14,"33":1,"34":1,"35":1,"36":1,"37":1,"38":1,"39":1,"40":1,"41":0,"42":14},"f":{"0":1,"1":3,"2":1,"3":1,"4":1},"b":{"0":[1,2]},"_coverageSchema":"1a1c01bbd47fc00a2c39e90264f33305004495a9","hash":"14561d0d1842180a9fcc0f4a0d432d3575e7a5a8"}
,"C:\\Users\\amyry\\Documents\\1_Classes\\6_2022_Q1\\6_CIT557\\project---design-hw1-group-3\\mongodb\\dbPost.js": {"path":"C:\\Users\\amyry\\Documents\\1_Classes\\6_2022_Q1\\6_CIT557\\project---design-hw1-group-3\\mongodb\\dbPost.js","statementMap":{"0":{"start":{"line":1,"column":25},"end":{"line":1,"column":55}},"1":{"start":{"line":2,"column":15},"end":{"line":2,"column":34}},"2":{"start":{"line":3,"column":20},"end":{"line":3,"column":38}},"3":{"start":{"line":4,"column":24},"end":{"line":4,"column":42}},"4":{"start":{"line":7,"column":14},"end":{"line":7,"column":120}},"5":{"start":{"line":11,"column":16},"end":{"line":24,"column":1}},"6":{"start":{"line":13,"column":2},"end":{"line":23,"column":3}},"7":{"start":{"line":14,"column":4},"end":{"line":17,"column":7}},"8":{"start":{"line":19,"column":4},"end":{"line":19,"column":73}},"9":{"start":{"line":20,"column":4},"end":{"line":20,"column":27}},"10":{"start":{"line":22,"column":4},"end":{"line":22,"column":29}},"11":{"start":{"line":30,"column":14},"end":{"line":36,"column":1}},"12":{"start":{"line":32,"column":2},"end":{"line":34,"column":3}},"13":{"start":{"line":33,"column":4},"end":{"line":33,"column":20}},"14":{"start":{"line":35,"column":2},"end":{"line":35,"column":30}},"15":{"start":{"line":38,"column":17},"end":{"line":47,"column":1}},"16":{"start":{"line":39,"column":2},"end":{"line":46,"column":3}},"17":{"start":{"line":42,"column":15},"end":{"line":42,"column":28}},"18":{"start":{"line":43,"column":4},"end":{"line":43,"column":58}},"19":{"start":{"line":45,"column":4},"end":{"line":45,"column":41}},"20":{"start":{"line":49,"column":16},"end":{"line":58,"column":1}},"21":{"start":{"line":51,"column":2},"end":{"line":57,"column":3}},"22":{"start":{"line":53,"column":15},"end":{"line":53,"column":28}},"23":{"start":{"line":54,"column":4},"end":{"line":54,"column":79}},"24":{"start":{"line":56,"column":4},"end":{"line":56,"column":41}},"25":{"start":{"line":60,"column":21},"end":{"line":68,"column":1}},"26":{"start":{"line":61,"column":2},"end":{"line":67,"column":3}},"27":{"start":{"line":63,"column":15},"end":{"line":63,"column":28}},"28":{"start":{"line":64,"column":4},"end":{"line":64,"column":76}},"29":{"start":{"line":66,"column":4},"end":{"line":66,"column":41}},"30":{"start":{"line":70,"column":17},"end":{"line":82,"column":1}},"31":{"start":{"line":71,"column":2},"end":{"line":81,"column":3}},"32":{"start":{"line":73,"column":4},"end":{"line":73,"column":37}},"33":{"start":{"line":74,"column":15},"end":{"line":74,"column":28}},"34":{"start":{"line":75,"column":19},"end":{"line":75,"column":65}},"35":{"start":{"line":77,"column":4},"end":{"line":77,"column":56}},"36":{"start":{"line":78,"column":4},"end":{"line":78,"column":18}},"37":{"start":{"line":80,"column":4},"end":{"line":80,"column":41}},"38":{"start":{"line":86,"column":34},"end":{"line":97,"column":1}},"39":{"start":{"line":87,"column":2},"end":{"line":96,"column":3}},"40":{"start":{"line":88,"column":15},"end":{"line":88,"column":28}},"41":{"start":{"line":89,"column":20},"end":{"line":89,"column":51}},"42":{"start":{"line":90,"column":4},"end":{"line":93,"column":6}},"43":{"start":{"line":95,"column":4},"end":{"line":95,"column":41}},"44":{"start":{"line":124,"column":26},"end":{"line":145,"column":1}},"45":{"start":{"line":125,"column":2},"end":{"line":144,"column":3}},"46":{"start":{"line":127,"column":18},"end":{"line":127,"column":34}},"47":{"start":{"line":130,"column":27},"end":{"line":130,"column":29}},"48":{"start":{"line":132,"column":4},"end":{"line":137,"column":5}},"49":{"start":{"line":132,"column":16},"end":{"line":132,"column":17}},"50":{"start":{"line":133,"column":30},"end":{"line":133,"column":68}},"51":{"start":{"line":134,"column":6},"end":{"line":136,"column":7}},"52":{"start":{"line":135,"column":10},"end":{"line":135,"column":49}},"53":{"start":{"line":138,"column":4},"end":{"line":138,"column":70}},"54":{"start":{"line":140,"column":4},"end":{"line":140,"column":26}},"55":{"start":{"line":143,"column":4},"end":{"line":143,"column":41}},"56":{"start":{"line":148,"column":0},"end":{"line":157,"column":2}}},"fnMap":{"0":{"name":"(anonymous_0)","decl":{"start":{"line":11,"column":16},"end":{"line":11,"column":17}},"loc":{"start":{"line":11,"column":28},"end":{"line":24,"column":1}},"line":11},"1":{"name":"(anonymous_1)","decl":{"start":{"line":30,"column":14},"end":{"line":30,"column":15}},"loc":{"start":{"line":30,"column":26},"end":{"line":36,"column":1}},"line":30},"2":{"name":"(anonymous_2)","decl":{"start":{"line":38,"column":17},"end":{"line":38,"column":18}},"loc":{"start":{"line":38,"column":29},"end":{"line":47,"column":1}},"line":38},"3":{"name":"(anonymous_3)","decl":{"start":{"line":49,"column":16},"end":{"line":49,"column":17}},"loc":{"start":{"line":49,"column":34},"end":{"line":58,"column":1}},"line":49},"4":{"name":"(anonymous_4)","decl":{"start":{"line":60,"column":21},"end":{"line":60,"column":22}},"loc":{"start":{"line":60,"column":41},"end":{"line":68,"column":1}},"line":60},"5":{"name":"(anonymous_5)","decl":{"start":{"line":70,"column":17},"end":{"line":70,"column":18}},"loc":{"start":{"line":70,"column":29},"end":{"line":82,"column":1}},"line":70},"6":{"name":"(anonymous_6)","decl":{"start":{"line":86,"column":34},"end":{"line":86,"column":35}},"loc":{"start":{"line":86,"column":60},"end":{"line":97,"column":1}},"line":86},"7":{"name":"(anonymous_7)","decl":{"start":{"line":124,"column":26},"end":{"line":124,"column":27}},"loc":{"start":{"line":124,"column":38},"end":{"line":145,"column":1}},"line":124}},"branchMap":{"0":{"loc":{"start":{"line":32,"column":2},"end":{"line":34,"column":3}},"type":"if","locations":[{"start":{"line":32,"column":2},"end":{"line":34,"column":3}},{"start":{},"end":{}}],"line":32},"1":{"loc":{"start":{"line":134,"column":6},"end":{"line":136,"column":7}},"type":"if","locations":[{"start":{"line":134,"column":6},"end":{"line":136,"column":7}},{"start":{},"end":{}}],"line":134},"2":{"loc":{"start":{"line":134,"column":9},"end":{"line":134,"column":58}},"type":"binary-expr","locations":[{"start":{"line":134,"column":9},"end":{"line":134,"column":25}},{"start":{"line":134,"column":29},"end":{"line":134,"column":58}}],"line":134}},"s":{"0":14,"1":14,"2":14,"3":14,"4":14,"5":14,"6":2,"7":2,"8":2,"9":2,"10":0,"11":14,"12":6,"13":2,"14":6,"15":14,"16":1,"17":1,"18":1,"19":0,"20":14,"21":1,"22":1,"23":1,"24":0,"25":14,"26":1,"27":1,"28":1,"29":0,"30":14,"31":3,"32":3,"33":3,"34":3,"35":3,"36":3,"37":0,"38":14,"39":0,"40":0,"41":0,"42":0,"43":0,"44":14,"45":1,"46":1,"47":1,"48":1,"49":1,"50":1,"51":1,"52":0,"53":0,"54":0,"55":1,"56":14},"f":{"0":2,"1":6,"2":1,"3":1,"4":1,"5":3,"6":0,"7":1},"b":{"0":[2,4],"1":[0,0],"2":[1,1]},"_coverageSchema":"1a1c01bbd47fc00a2c39e90264f33305004495a9","hash":"25f628435042b7eca08e86ab5a07d02bd10f2dbe"}
,"C:\\Users\\amyry\\Documents\\1_Classes\\6_2022_Q1\\6_CIT557\\project---design-hw1-group-3\\mongodb\\dbUser.js": {"path":"C:\\Users\\amyry\\Documents\\1_Classes\\6_2022_Q1\\6_CIT557\\project---design-hw1-group-3\\mongodb\\dbUser.js","statementMap":{"0":{"start":{"line":4,"column":24},"end":{"line":4,"column":42}},"1":{"start":{"line":7,"column":21},"end":{"line":7,"column":39}},"2":{"start":{"line":10,"column":14},"end":{"line":10,"column":120}},"3":{"start":{"line":22,"column":16},"end":{"line":35,"column":1}},"4":{"start":{"line":24,"column":2},"end":{"line":34,"column":3}},"5":{"start":{"line":25,"column":4},"end":{"line":28,"column":7}},"6":{"start":{"line":30,"column":4},"end":{"line":30,"column":73}},"7":{"start":{"line":31,"column":4},"end":{"line":31,"column":27}},"8":{"start":{"line":33,"column":4},"end":{"line":33,"column":29}},"9":{"start":{"line":41,"column":14},"end":{"line":47,"column":1}},"10":{"start":{"line":43,"column":2},"end":{"line":45,"column":3}},"11":{"start":{"line":44,"column":4},"end":{"line":44,"column":20}},"12":{"start":{"line":46,"column":2},"end":{"line":46,"column":30}},"13":{"start":{"line":52,"column":32},"end":{"line":54,"column":1}},"14":{"start":{"line":53,"column":2},"end":{"line":53,"column":32}},"15":{"start":{"line":59,"column":19},"end":{"line":69,"column":1}},"16":{"start":{"line":61,"column":2},"end":{"line":68,"column":3}},"17":{"start":{"line":62,"column":15},"end":{"line":62,"column":28}},"18":{"start":{"line":63,"column":19},"end":{"line":63,"column":65}},"19":{"start":{"line":65,"column":4},"end":{"line":65,"column":29}},"20":{"start":{"line":67,"column":4},"end":{"line":67,"column":41}},"21":{"start":{"line":72,"column":20},"end":{"line":79,"column":1}},"22":{"start":{"line":73,"column":2},"end":{"line":78,"column":1}},"23":{"start":{"line":74,"column":15},"end":{"line":74,"column":28}},"24":{"start":{"line":75,"column":4},"end":{"line":75,"column":58}},"25":{"start":{"line":77,"column":4},"end":{"line":77,"column":23}},"26":{"start":{"line":82,"column":16},"end":{"line":89,"column":1}},"27":{"start":{"line":83,"column":2},"end":{"line":88,"column":3}},"28":{"start":{"line":84,"column":15},"end":{"line":84,"column":28}},"29":{"start":{"line":85,"column":4},"end":{"line":85,"column":74}},"30":{"start":{"line":87,"column":4},"end":{"line":87,"column":41}},"31":{"start":{"line":93,"column":23},"end":{"line":100,"column":1}},"32":{"start":{"line":94,"column":2},"end":{"line":99,"column":3}},"33":{"start":{"line":95,"column":15},"end":{"line":95,"column":28}},"34":{"start":{"line":96,"column":4},"end":{"line":96,"column":65}},"35":{"start":{"line":98,"column":4},"end":{"line":98,"column":41}},"36":{"start":{"line":103,"column":19},"end":{"line":113,"column":1}},"37":{"start":{"line":104,"column":2},"end":{"line":112,"column":3}},"38":{"start":{"line":105,"column":15},"end":{"line":105,"column":28}},"39":{"start":{"line":106,"column":4},"end":{"line":109,"column":6}},"40":{"start":{"line":111,"column":4},"end":{"line":111,"column":41}},"41":{"start":{"line":115,"column":19},"end":{"line":124,"column":1}},"42":{"start":{"line":116,"column":2},"end":{"line":123,"column":3}},"43":{"start":{"line":117,"column":15},"end":{"line":117,"column":28}},"44":{"start":{"line":118,"column":4},"end":{"line":120,"column":6}},"45":{"start":{"line":122,"column":4},"end":{"line":122,"column":42}},"46":{"start":{"line":128,"column":26},"end":{"line":143,"column":1}},"47":{"start":{"line":129,"column":2},"end":{"line":142,"column":3}},"48":{"start":{"line":130,"column":18},"end":{"line":130,"column":37}},"49":{"start":{"line":131,"column":17},"end":{"line":131,"column":19}},"50":{"start":{"line":132,"column":4},"end":{"line":138,"column":5}},"51":{"start":{"line":132,"column":17},"end":{"line":132,"column":18}},"52":{"start":{"line":133,"column":6},"end":{"line":133,"column":32}},"53":{"start":{"line":134,"column":28},"end":{"line":134,"column":81}},"54":{"start":{"line":135,"column":6},"end":{"line":137,"column":7}},"55":{"start":{"line":136,"column":8},"end":{"line":136,"column":28}},"56":{"start":{"line":139,"column":4},"end":{"line":139,"column":16}},"57":{"start":{"line":141,"column":4},"end":{"line":141,"column":23}},"58":{"start":{"line":147,"column":20},"end":{"line":159,"column":1}},"59":{"start":{"line":148,"column":15},"end":{"line":148,"column":36}},"60":{"start":{"line":149,"column":20},"end":{"line":149,"column":46}},"61":{"start":{"line":150,"column":2},"end":{"line":157,"column":3}},"62":{"start":{"line":151,"column":4},"end":{"line":155,"column":5}},"63":{"start":{"line":151,"column":17},"end":{"line":151,"column":18}},"64":{"start":{"line":152,"column":6},"end":{"line":154,"column":7}},"65":{"start":{"line":153,"column":8},"end":{"line":153,"column":20}},"66":{"start":{"line":156,"column":4},"end":{"line":156,"column":17}},"67":{"start":{"line":158,"column":2},"end":{"line":158,"column":15}},"68":{"start":{"line":161,"column":27},"end":{"line":170,"column":1}},"69":{"start":{"line":162,"column":20},"end":{"line":162,"column":46}},"70":{"start":{"line":163,"column":14},"end":{"line":163,"column":15}},"71":{"start":{"line":164,"column":2},"end":{"line":168,"column":3}},"72":{"start":{"line":164,"column":15},"end":{"line":164,"column":16}},"73":{"start":{"line":165,"column":4},"end":{"line":167,"column":5}},"74":{"start":{"line":166,"column":6},"end":{"line":166,"column":14}},"75":{"start":{"line":169,"column":2},"end":{"line":169,"column":20}},"76":{"start":{"line":172,"column":26},"end":{"line":179,"column":1}},"77":{"start":{"line":173,"column":2},"end":{"line":178,"column":3}},"78":{"start":{"line":174,"column":15},"end":{"line":174,"column":28}},"79":{"start":{"line":175,"column":4},"end":{"line":175,"column":71}},"80":{"start":{"line":177,"column":4},"end":{"line":177,"column":41}},"81":{"start":{"line":217,"column":0},"end":{"line":221,"column":2}}},"fnMap":{"0":{"name":"(anonymous_0)","decl":{"start":{"line":22,"column":16},"end":{"line":22,"column":17}},"loc":{"start":{"line":22,"column":28},"end":{"line":35,"column":1}},"line":22},"1":{"name":"(anonymous_1)","decl":{"start":{"line":41,"column":14},"end":{"line":41,"column":15}},"loc":{"start":{"line":41,"column":26},"end":{"line":47,"column":1}},"line":41},"2":{"name":"(anonymous_2)","decl":{"start":{"line":52,"column":32},"end":{"line":52,"column":33}},"loc":{"start":{"line":52,"column":44},"end":{"line":54,"column":1}},"line":52},"3":{"name":"(anonymous_3)","decl":{"start":{"line":59,"column":19},"end":{"line":59,"column":20}},"loc":{"start":{"line":59,"column":38},"end":{"line":69,"column":1}},"line":59},"4":{"name":"(anonymous_4)","decl":{"start":{"line":72,"column":20},"end":{"line":72,"column":21}},"loc":{"start":{"line":72,"column":32},"end":{"line":79,"column":1}},"line":72},"5":{"name":"(anonymous_5)","decl":{"start":{"line":82,"column":16},"end":{"line":82,"column":17}},"loc":{"start":{"line":82,"column":34},"end":{"line":89,"column":1}},"line":82},"6":{"name":"(anonymous_6)","decl":{"start":{"line":93,"column":23},"end":{"line":93,"column":24}},"loc":{"start":{"line":93,"column":40},"end":{"line":100,"column":1}},"line":93},"7":{"name":"(anonymous_7)","decl":{"start":{"line":103,"column":19},"end":{"line":103,"column":20}},"loc":{"start":{"line":103,"column":50},"end":{"line":113,"column":1}},"line":103},"8":{"name":"(anonymous_8)","decl":{"start":{"line":115,"column":19},"end":{"line":115,"column":20}},"loc":{"start":{"line":115,"column":37},"end":{"line":124,"column":1}},"line":115},"9":{"name":"(anonymous_9)","decl":{"start":{"line":128,"column":26},"end":{"line":128,"column":27}},"loc":{"start":{"line":128,"column":44},"end":{"line":143,"column":1}},"line":128},"10":{"name":"(anonymous_10)","decl":{"start":{"line":147,"column":20},"end":{"line":147,"column":21}},"loc":{"start":{"line":147,"column":51},"end":{"line":159,"column":1}},"line":147},"11":{"name":"(anonymous_11)","decl":{"start":{"line":161,"column":27},"end":{"line":161,"column":28}},"loc":{"start":{"line":161,"column":58},"end":{"line":170,"column":1}},"line":161},"12":{"name":"(anonymous_12)","decl":{"start":{"line":172,"column":26},"end":{"line":172,"column":27}},"loc":{"start":{"line":172,"column":46},"end":{"line":179,"column":1}},"line":172}},"branchMap":{"0":{"loc":{"start":{"line":43,"column":2},"end":{"line":45,"column":3}},"type":"if","locations":[{"start":{"line":43,"column":2},"end":{"line":45,"column":3}},{"start":{},"end":{}}],"line":43},"1":{"loc":{"start":{"line":135,"column":6},"end":{"line":137,"column":7}},"type":"if","locations":[{"start":{"line":135,"column":6},"end":{"line":137,"column":7}},{"start":{},"end":{}}],"line":135},"2":{"loc":{"start":{"line":135,"column":10},"end":{"line":135,"column":74}},"type":"binary-expr","locations":[{"start":{"line":135,"column":10},"end":{"line":135,"column":24}},{"start":{"line":135,"column":28},"end":{"line":135,"column":74}}],"line":135},"3":{"loc":{"start":{"line":150,"column":2},"end":{"line":157,"column":3}},"type":"if","locations":[{"start":{"line":150,"column":2},"end":{"line":157,"column":3}},{"start":{},"end":{}}],"line":150},"4":{"loc":{"start":{"line":152,"column":6},"end":{"line":154,"column":7}},"type":"if","locations":[{"start":{"line":152,"column":6},"end":{"line":154,"column":7}},{"start":{},"end":{}}],"line":152},"5":{"loc":{"start":{"line":165,"column":4},"end":{"line":167,"column":5}},"type":"if","locations":[{"start":{"line":165,"column":4},"end":{"line":167,"column":5}},{"start":{},"end":{}}],"line":165}},"s":{"0":14,"1":14,"2":14,"3":14,"4":9,"5":9,"6":9,"7":9,"8":0,"9":14,"10":16,"11":2,"12":16,"13":14,"14":8,"15":14,"16":7,"17":7,"18":7,"19":7,"20":0,"21":14,"22":1,"23":1,"24":1,"25":0,"26":14,"27":5,"28":5,"29":5,"30":0,"31":14,"32":1,"33":1,"34":1,"35":0,"36":14,"37":1,"38":1,"39":1,"40":0,"41":14,"42":1,"43":1,"44":1,"45":0,"46":14,"47":1,"48":1,"49":1,"50":1,"51":1,"52":1,"53":1,"54":0,"55":0,"56":0,"57":1,"58":14,"59":2,"60":2,"61":2,"62":1,"63":1,"64":0,"65":0,"66":1,"67":0,"68":14,"69":0,"70":0,"71":0,"72":0,"73":0,"74":0,"75":0,"76":14,"77":0,"78":0,"79":0,"80":0,"81":14},"f":{"0":9,"1":16,"2":8,"3":7,"4":1,"5":5,"6":1,"7":1,"8":1,"9":1,"10":2,"11":0,"12":0},"b":{"0":[2,14],"1":[0,0],"2":[0,0],"3":[1,0],"4":[0,0],"5":[0,0]},"_coverageSchema":"1a1c01bbd47fc00a2c39e90264f33305004495a9","hash":"fed5718da84d3801631e1ed2f111cbabc4cfdcbe"}
,"C:\\Users\\amyry\\Documents\\1_Classes\\6_2022_Q1\\6_CIT557\\project---design-hw1-group-3\\mongodb\\server.js": {"path":"C:\\Users\\amyry\\Documents\\1_Classes\\6_2022_Q1\\6_CIT557\\project---design-hw1-group-3\\mongodb\\server.js","statementMap":{"0":{"start":{"line":5,"column":16},"end":{"line":5,"column":34}},"1":{"start":{"line":7,"column":16},"end":{"line":7,"column":42}},"2":{"start":{"line":11,"column":13},"end":{"line":11,"column":28}},"3":{"start":{"line":14,"column":15},"end":{"line":14,"column":24}},"4":{"start":{"line":16,"column":0},"end":{"line":22,"column":2}},"5":{"start":{"line":25,"column":0},"end":{"line":25,"column":19}},"6":{"start":{"line":28,"column":0},"end":{"line":28,"column":27}},"7":{"start":{"line":31,"column":15},"end":{"line":31,"column":32}},"8":{"start":{"line":32,"column":12},"end":{"line":32,"column":35}},"9":{"start":{"line":33,"column":14},"end":{"line":33,"column":44}},"10":{"start":{"line":34,"column":18},"end":{"line":34,"column":37}},"11":{"start":{"line":35,"column":18},"end":{"line":35,"column":37}},"12":{"start":{"line":36,"column":19},"end":{"line":36,"column":44}},"13":{"start":{"line":39,"column":18},"end":{"line":39,"column":37}},"14":{"start":{"line":50,"column":0},"end":{"line":52,"column":3}},"15":{"start":{"line":51,"column":2},"end":{"line":51,"column":54}},"16":{"start":{"line":56,"column":0},"end":{"line":77,"column":3}},"17":{"start":{"line":57,"column":16},"end":{"line":57,"column":42}},"18":{"start":{"line":58,"column":2},"end":{"line":60,"column":3}},"19":{"start":{"line":59,"column":4},"end":{"line":59,"column":72}},"20":{"start":{"line":61,"column":2},"end":{"line":64,"column":3}},"21":{"start":{"line":62,"column":22},"end":{"line":62,"column":50}},"22":{"start":{"line":63,"column":4},"end":{"line":63,"column":46}},"23":{"start":{"line":65,"column":2},"end":{"line":76,"column":3}},"24":{"start":{"line":66,"column":4},"end":{"line":73,"column":7}},"25":{"start":{"line":67,"column":6},"end":{"line":72,"column":7}},"26":{"start":{"line":68,"column":8},"end":{"line":68,"column":64}},"27":{"start":{"line":70,"column":23},"end":{"line":70,"column":61}},"28":{"start":{"line":71,"column":8},"end":{"line":71,"column":25}},"29":{"start":{"line":75,"column":4},"end":{"line":75,"column":23}},"30":{"start":{"line":109,"column":0},"end":{"line":148,"column":3}},"31":{"start":{"line":111,"column":2},"end":{"line":114,"column":3}},"32":{"start":{"line":112,"column":4},"end":{"line":112,"column":64}},"33":{"start":{"line":113,"column":4},"end":{"line":113,"column":11}},"34":{"start":{"line":115,"column":2},"end":{"line":147,"column":3}},"35":{"start":{"line":117,"column":18},"end":{"line":117,"column":44}},"36":{"start":{"line":118,"column":4},"end":{"line":143,"column":5}},"37":{"start":{"line":119,"column":17},"end":{"line":119,"column":32}},"38":{"start":{"line":120,"column":30},"end":{"line":120,"column":83}},"39":{"start":{"line":121,"column":6},"end":{"line":125,"column":7}},"40":{"start":{"line":122,"column":8},"end":{"line":122,"column":70}},"41":{"start":{"line":124,"column":8},"end":{"line":124,"column":68}},"42":{"start":{"line":126,"column":6},"end":{"line":126,"column":35}},"43":{"start":{"line":128,"column":6},"end":{"line":142,"column":9}},"44":{"start":{"line":129,"column":8},"end":{"line":141,"column":9}},"45":{"start":{"line":130,"column":10},"end":{"line":130,"column":66}},"46":{"start":{"line":132,"column":25},"end":{"line":132,"column":32}},"47":{"start":{"line":133,"column":34},"end":{"line":133,"column":95}},"48":{"start":{"line":134,"column":10},"end":{"line":138,"column":11}},"49":{"start":{"line":135,"column":12},"end":{"line":135,"column":80}},"50":{"start":{"line":137,"column":12},"end":{"line":137,"column":82}},"51":{"start":{"line":140,"column":10},"end":{"line":140,"column":52}},"52":{"start":{"line":145,"column":4},"end":{"line":145,"column":57}},"53":{"start":{"line":146,"column":4},"end":{"line":146,"column":23}},"54":{"start":{"line":150,"column":0},"end":{"line":171,"column":3}},"55":{"start":{"line":151,"column":16},"end":{"line":151,"column":42}},"56":{"start":{"line":152,"column":2},"end":{"line":154,"column":3}},"57":{"start":{"line":153,"column":4},"end":{"line":153,"column":72}},"58":{"start":{"line":156,"column":2},"end":{"line":170,"column":3}},"59":{"start":{"line":157,"column":4},"end":{"line":167,"column":7}},"60":{"start":{"line":158,"column":6},"end":{"line":166,"column":7}},"61":{"start":{"line":159,"column":8},"end":{"line":159,"column":64}},"62":{"start":{"line":161,"column":24},"end":{"line":161,"column":56}},"63":{"start":{"line":162,"column":8},"end":{"line":162,"column":33}},"64":{"start":{"line":163,"column":8},"end":{"line":163,"column":37}},"65":{"start":{"line":164,"column":8},"end":{"line":164,"column":44}},"66":{"start":{"line":165,"column":8},"end":{"line":165,"column":25}},"67":{"start":{"line":169,"column":4},"end":{"line":169,"column":23}},"68":{"start":{"line":175,"column":0},"end":{"line":184,"column":3}},"69":{"start":{"line":176,"column":2},"end":{"line":183,"column":3}},"70":{"start":{"line":178,"column":20},"end":{"line":178,"column":63}},"71":{"start":{"line":180,"column":4},"end":{"line":180,"column":44}},"72":{"start":{"line":182,"column":4},"end":{"line":182,"column":57}},"73":{"start":{"line":187,"column":0},"end":{"line":200,"column":3}},"74":{"start":{"line":188,"column":2},"end":{"line":199,"column":3}},"75":{"start":{"line":190,"column":20},"end":{"line":190,"column":64}},"76":{"start":{"line":192,"column":4},"end":{"line":195,"column":5}},"77":{"start":{"line":193,"column":6},"end":{"line":193,"column":57}},"78":{"start":{"line":194,"column":6},"end":{"line":194,"column":13}},"79":{"start":{"line":196,"column":4},"end":{"line":196,"column":44}},"80":{"start":{"line":198,"column":4},"end":{"line":198,"column":57}},"81":{"start":{"line":203,"column":0},"end":{"line":223,"column":3}},"82":{"start":{"line":205,"column":2},"end":{"line":208,"column":3}},"83":{"start":{"line":206,"column":4},"end":{"line":206,"column":90}},"84":{"start":{"line":207,"column":4},"end":{"line":207,"column":11}},"85":{"start":{"line":209,"column":2},"end":{"line":222,"column":3}},"86":{"start":{"line":211,"column":23},"end":{"line":216,"column":5}},"87":{"start":{"line":217,"column":19},"end":{"line":217,"column":56}},"88":{"start":{"line":219,"column":4},"end":{"line":219,"column":66}},"89":{"start":{"line":221,"column":4},"end":{"line":221,"column":57}},"90":{"start":{"line":226,"column":0},"end":{"line":246,"column":3}},"91":{"start":{"line":228,"column":2},"end":{"line":231,"column":3}},"92":{"start":{"line":229,"column":4},"end":{"line":229,"column":90}},"93":{"start":{"line":230,"column":4},"end":{"line":230,"column":11}},"94":{"start":{"line":232,"column":2},"end":{"line":245,"column":3}},"95":{"start":{"line":234,"column":23},"end":{"line":239,"column":5}},"96":{"start":{"line":240,"column":19},"end":{"line":240,"column":77}},"97":{"start":{"line":242,"column":4},"end":{"line":242,"column":66}},"98":{"start":{"line":244,"column":4},"end":{"line":244,"column":57}},"99":{"start":{"line":249,"column":0},"end":{"line":265,"column":3}},"100":{"start":{"line":255,"column":2},"end":{"line":255,"column":56}},"101":{"start":{"line":256,"column":2},"end":{"line":256,"column":54}},"102":{"start":{"line":257,"column":2},"end":{"line":257,"column":60}},"103":{"start":{"line":258,"column":2},"end":{"line":264,"column":3}},"104":{"start":{"line":259,"column":19},"end":{"line":259,"column":105}},"105":{"start":{"line":261,"column":4},"end":{"line":261,"column":46}},"106":{"start":{"line":263,"column":4},"end":{"line":263,"column":57}},"107":{"start":{"line":268,"column":0},"end":{"line":279,"column":3}},"108":{"start":{"line":269,"column":2},"end":{"line":278,"column":3}},"109":{"start":{"line":271,"column":20},"end":{"line":271,"column":46}},"110":{"start":{"line":275,"column":4},"end":{"line":275,"column":44}},"111":{"start":{"line":277,"column":4},"end":{"line":277,"column":57}},"112":{"start":{"line":309,"column":0},"end":{"line":321,"column":3}},"113":{"start":{"line":310,"column":2},"end":{"line":320,"column":3}},"114":{"start":{"line":311,"column":19},"end":{"line":311,"column":61}},"115":{"start":{"line":312,"column":4},"end":{"line":315,"column":5}},"116":{"start":{"line":313,"column":6},"end":{"line":313,"column":64}},"117":{"start":{"line":314,"column":6},"end":{"line":314,"column":13}},"118":{"start":{"line":317,"column":4},"end":{"line":317,"column":46}},"119":{"start":{"line":319,"column":4},"end":{"line":319,"column":57}},"120":{"start":{"line":323,"column":0},"end":{"line":336,"column":3}},"121":{"start":{"line":324,"column":2},"end":{"line":335,"column":3}},"122":{"start":{"line":326,"column":20},"end":{"line":326,"column":58}},"123":{"start":{"line":328,"column":4},"end":{"line":331,"column":5}},"124":{"start":{"line":329,"column":6},"end":{"line":329,"column":54}},"125":{"start":{"line":330,"column":6},"end":{"line":330,"column":13}},"126":{"start":{"line":332,"column":4},"end":{"line":332,"column":44}},"127":{"start":{"line":334,"column":4},"end":{"line":334,"column":57}},"128":{"start":{"line":360,"column":0},"end":{"line":368,"column":3}},"129":{"start":{"line":361,"column":2},"end":{"line":367,"column":3}},"130":{"start":{"line":363,"column":20},"end":{"line":363,"column":69}},"131":{"start":{"line":364,"column":4},"end":{"line":364,"column":44}},"132":{"start":{"line":366,"column":4},"end":{"line":366,"column":57}},"133":{"start":{"line":371,"column":0},"end":{"line":382,"column":3}},"134":{"start":{"line":372,"column":2},"end":{"line":381,"column":3}},"135":{"start":{"line":374,"column":20},"end":{"line":374,"column":46}},"136":{"start":{"line":378,"column":4},"end":{"line":378,"column":44}},"137":{"start":{"line":380,"column":4},"end":{"line":380,"column":57}},"138":{"start":{"line":384,"column":0},"end":{"line":395,"column":3}},"139":{"start":{"line":385,"column":2},"end":{"line":394,"column":3}},"140":{"start":{"line":387,"column":20},"end":{"line":387,"column":55}},"141":{"start":{"line":391,"column":4},"end":{"line":391,"column":44}},"142":{"start":{"line":393,"column":4},"end":{"line":393,"column":57}},"143":{"start":{"line":398,"column":0},"end":{"line":409,"column":3}},"144":{"start":{"line":399,"column":2},"end":{"line":408,"column":3}},"145":{"start":{"line":401,"column":20},"end":{"line":401,"column":82}},"146":{"start":{"line":405,"column":4},"end":{"line":405,"column":34}},"147":{"start":{"line":407,"column":4},"end":{"line":407,"column":57}},"148":{"start":{"line":412,"column":0},"end":{"line":452,"column":3}},"149":{"start":{"line":413,"column":2},"end":{"line":413,"column":75}},"150":{"start":{"line":414,"column":16},"end":{"line":414,"column":42}},"151":{"start":{"line":415,"column":2},"end":{"line":415,"column":34}},"152":{"start":{"line":416,"column":2},"end":{"line":451,"column":4}},"153":{"start":{"line":417,"column":4},"end":{"line":417,"column":51}},"154":{"start":{"line":418,"column":4},"end":{"line":424,"column":5}},"155":{"start":{"line":419,"column":21},"end":{"line":419,"column":88}},"156":{"start":{"line":420,"column":6},"end":{"line":420,"column":48}},"157":{"start":{"line":422,"column":6},"end":{"line":422,"column":25}},"158":{"start":{"line":423,"column":6},"end":{"line":423,"column":59}},"159":{"start":{"line":426,"column":2},"end":{"line":451,"column":3}},"160":{"start":{"line":427,"column":4},"end":{"line":448,"column":7}},"161":{"start":{"line":428,"column":6},"end":{"line":431,"column":7}},"162":{"start":{"line":429,"column":8},"end":{"line":429,"column":59}},"163":{"start":{"line":430,"column":8},"end":{"line":430,"column":15}},"164":{"start":{"line":432,"column":6},"end":{"line":447,"column":7}},"165":{"start":{"line":433,"column":8},"end":{"line":439,"column":9}},"166":{"start":{"line":434,"column":25},"end":{"line":434,"column":92}},"167":{"start":{"line":435,"column":10},"end":{"line":435,"column":52}},"168":{"start":{"line":437,"column":10},"end":{"line":437,"column":29}},"169":{"start":{"line":438,"column":10},"end":{"line":438,"column":63}},"170":{"start":{"line":441,"column":8},"end":{"line":446,"column":9}},"171":{"start":{"line":442,"column":27},"end":{"line":442,"column":89}},"172":{"start":{"line":443,"column":12},"end":{"line":443,"column":54}},"173":{"start":{"line":445,"column":12},"end":{"line":445,"column":65}},"174":{"start":{"line":450,"column":4},"end":{"line":450,"column":57}},"175":{"start":{"line":455,"column":0},"end":{"line":496,"column":3}},"176":{"start":{"line":456,"column":16},"end":{"line":456,"column":42}},"177":{"start":{"line":457,"column":2},"end":{"line":495,"column":4}},"178":{"start":{"line":458,"column":4},"end":{"line":458,"column":50}},"179":{"start":{"line":459,"column":4},"end":{"line":459,"column":11}},"180":{"start":{"line":461,"column":7},"end":{"line":495,"column":4}},"181":{"start":{"line":462,"column":4},"end":{"line":467,"column":5}},"182":{"start":{"line":463,"column":21},"end":{"line":463,"column":85}},"183":{"start":{"line":464,"column":6},"end":{"line":464,"column":48}},"184":{"start":{"line":466,"column":6},"end":{"line":466,"column":59}},"185":{"start":{"line":470,"column":2},"end":{"line":495,"column":3}},"186":{"start":{"line":471,"column":4},"end":{"line":492,"column":7}},"187":{"start":{"line":472,"column":8},"end":{"line":475,"column":9}},"188":{"start":{"line":473,"column":12},"end":{"line":473,"column":63}},"189":{"start":{"line":474,"column":12},"end":{"line":474,"column":19}},"190":{"start":{"line":476,"column":8},"end":{"line":491,"column":9}},"191":{"start":{"line":477,"column":12},"end":{"line":482,"column":13}},"192":{"start":{"line":478,"column":29},"end":{"line":478,"column":93}},"193":{"start":{"line":479,"column":14},"end":{"line":479,"column":56}},"194":{"start":{"line":481,"column":14},"end":{"line":481,"column":67}},"195":{"start":{"line":484,"column":25},"end":{"line":484,"column":35}},"196":{"start":{"line":485,"column":12},"end":{"line":490,"column":13}},"197":{"start":{"line":486,"column":31},"end":{"line":486,"column":86}},"198":{"start":{"line":487,"column":16},"end":{"line":487,"column":58}},"199":{"start":{"line":489,"column":14},"end":{"line":489,"column":67}},"200":{"start":{"line":494,"column":4},"end":{"line":494,"column":55}},"201":{"start":{"line":499,"column":0},"end":{"line":522,"column":3}},"202":{"start":{"line":502,"column":2},"end":{"line":505,"column":3}},"203":{"start":{"line":503,"column":4},"end":{"line":503,"column":105}},"204":{"start":{"line":504,"column":4},"end":{"line":504,"column":11}},"205":{"start":{"line":506,"column":2},"end":{"line":521,"column":3}},"206":{"start":{"line":508,"column":20},"end":{"line":515,"column":5}},"207":{"start":{"line":516,"column":19},"end":{"line":516,"column":54}},"208":{"start":{"line":518,"column":4},"end":{"line":518,"column":63}},"209":{"start":{"line":520,"column":4},"end":{"line":520,"column":57}},"210":{"start":{"line":525,"column":0},"end":{"line":535,"column":3}},"211":{"start":{"line":528,"column":2},"end":{"line":534,"column":3}},"212":{"start":{"line":529,"column":19},"end":{"line":529,"column":60}},"213":{"start":{"line":531,"column":4},"end":{"line":531,"column":47}},"214":{"start":{"line":533,"column":4},"end":{"line":533,"column":60}},"215":{"start":{"line":538,"column":0},"end":{"line":553,"column":3}},"216":{"start":{"line":540,"column":2},"end":{"line":543,"column":3}},"217":{"start":{"line":541,"column":4},"end":{"line":541,"column":58}},"218":{"start":{"line":542,"column":4},"end":{"line":542,"column":11}},"219":{"start":{"line":546,"column":2},"end":{"line":552,"column":3}},"220":{"start":{"line":547,"column":19},"end":{"line":547,"column":79}},"221":{"start":{"line":549,"column":4},"end":{"line":549,"column":47}},"222":{"start":{"line":551,"column":4},"end":{"line":551,"column":60}},"223":{"start":{"line":556,"column":0},"end":{"line":563,"column":3}},"224":{"start":{"line":557,"column":2},"end":{"line":562,"column":3}},"225":{"start":{"line":558,"column":19},"end":{"line":558,"column":48}},"226":{"start":{"line":559,"column":4},"end":{"line":559,"column":43}},"227":{"start":{"line":561,"column":4},"end":{"line":561,"column":60}},"228":{"start":{"line":566,"column":0},"end":{"line":573,"column":3}},"229":{"start":{"line":567,"column":2},"end":{"line":572,"column":3}},"230":{"start":{"line":568,"column":19},"end":{"line":568,"column":57}},"231":{"start":{"line":569,"column":4},"end":{"line":569,"column":43}},"232":{"start":{"line":571,"column":4},"end":{"line":571,"column":57}},"233":{"start":{"line":575,"column":0},"end":{"line":607,"column":3}},"234":{"start":{"line":576,"column":30},"end":{"line":576,"column":38}},"235":{"start":{"line":577,"column":2},"end":{"line":579,"column":3}},"236":{"start":{"line":578,"column":4},"end":{"line":578,"column":67}},"237":{"start":{"line":580,"column":15},"end":{"line":580,"column":52}},"238":{"start":{"line":581,"column":2},"end":{"line":583,"column":3}},"239":{"start":{"line":582,"column":4},"end":{"line":582,"column":55}},"240":{"start":{"line":584,"column":2},"end":{"line":606,"column":5}},"241":{"start":{"line":585,"column":4},"end":{"line":587,"column":5}},"242":{"start":{"line":586,"column":6},"end":{"line":586,"column":60}},"243":{"start":{"line":588,"column":4},"end":{"line":605,"column":5}},"244":{"start":{"line":590,"column":6},"end":{"line":602,"column":9}},"245":{"start":{"line":591,"column":8},"end":{"line":593,"column":9}},"246":{"start":{"line":592,"column":12},"end":{"line":592,"column":66}},"247":{"start":{"line":594,"column":8},"end":{"line":594,"column":34}},"248":{"start":{"line":595,"column":8},"end":{"line":601,"column":11}},"249":{"start":{"line":604,"column":6},"end":{"line":604,"column":57}},"250":{"start":{"line":610,"column":0},"end":{"line":645,"column":3}},"251":{"start":{"line":611,"column":40},"end":{"line":611,"column":48}},"252":{"start":{"line":612,"column":2},"end":{"line":614,"column":3}},"253":{"start":{"line":613,"column":4},"end":{"line":613,"column":70}},"254":{"start":{"line":615,"column":15},"end":{"line":615,"column":52}},"255":{"start":{"line":616,"column":2},"end":{"line":618,"column":3}},"256":{"start":{"line":617,"column":4},"end":{"line":617,"column":61}},"257":{"start":{"line":619,"column":15},"end":{"line":619,"column":39}},"258":{"start":{"line":620,"column":15},"end":{"line":620,"column":48}},"259":{"start":{"line":621,"column":18},"end":{"line":630,"column":3}},"260":{"start":{"line":631,"column":17},"end":{"line":631,"column":52}},"261":{"start":{"line":632,"column":2},"end":{"line":644,"column":5}},"262":{"start":{"line":633,"column":4},"end":{"line":635,"column":5}},"263":{"start":{"line":634,"column":8},"end":{"line":634,"column":59}},"264":{"start":{"line":636,"column":4},"end":{"line":636,"column":30}},"265":{"start":{"line":637,"column":4},"end":{"line":643,"column":7}},"266":{"start":{"line":647,"column":0},"end":{"line":658,"column":3}},"267":{"start":{"line":648,"column":19},"end":{"line":648,"column":38}},"268":{"start":{"line":649,"column":4},"end":{"line":651,"column":5}},"269":{"start":{"line":650,"column":8},"end":{"line":650,"column":62}},"270":{"start":{"line":652,"column":17},"end":{"line":652,"column":60}},"271":{"start":{"line":653,"column":4},"end":{"line":657,"column":5}},"272":{"start":{"line":654,"column":8},"end":{"line":654,"column":62}},"273":{"start":{"line":656,"column":6},"end":{"line":656,"column":43}},"274":{"start":{"line":660,"column":0},"end":{"line":670,"column":3}},"275":{"start":{"line":662,"column":15},"end":{"line":662,"column":23}},"276":{"start":{"line":663,"column":2},"end":{"line":669,"column":3}},"277":{"start":{"line":664,"column":19},"end":{"line":664,"column":52}},"278":{"start":{"line":665,"column":4},"end":{"line":665,"column":60}},"279":{"start":{"line":666,"column":4},"end":{"line":666,"column":11}},"280":{"start":{"line":668,"column":4},"end":{"line":668,"column":60}},"281":{"start":{"line":673,"column":0},"end":{"line":690,"column":3}},"282":{"start":{"line":674,"column":16},"end":{"line":674,"column":42}},"283":{"start":{"line":675,"column":2},"end":{"line":677,"column":3}},"284":{"start":{"line":676,"column":4},"end":{"line":676,"column":50}},"285":{"start":{"line":678,"column":2},"end":{"line":689,"column":3}},"286":{"start":{"line":679,"column":4},"end":{"line":686,"column":7}},"287":{"start":{"line":680,"column":6},"end":{"line":684,"column":7}},"288":{"start":{"line":681,"column":8},"end":{"line":681,"column":59}},"289":{"start":{"line":682,"column":8},"end":{"line":682,"column":27}},"290":{"start":{"line":683,"column":8},"end":{"line":683,"column":15}},"291":{"start":{"line":685,"column":6},"end":{"line":685,"column":55}},"292":{"start":{"line":688,"column":4},"end":{"line":688,"column":55}},"293":{"start":{"line":692,"column":0},"end":{"line":753,"column":3}},"294":{"start":{"line":694,"column":16},"end":{"line":694,"column":42}},"295":{"start":{"line":695,"column":2},"end":{"line":695,"column":36}},"296":{"start":{"line":697,"column":2},"end":{"line":752,"column":3}},"297":{"start":{"line":698,"column":4},"end":{"line":698,"column":72}},"298":{"start":{"line":699,"column":4},"end":{"line":699,"column":11}},"299":{"start":{"line":701,"column":7},"end":{"line":752,"column":3}},"300":{"start":{"line":702,"column":4},"end":{"line":702,"column":45}},"301":{"start":{"line":703,"column":24},"end":{"line":703,"column":32}},"302":{"start":{"line":704,"column":19},"end":{"line":704,"column":29}},"303":{"start":{"line":705,"column":4},"end":{"line":708,"column":5}},"304":{"start":{"line":706,"column":6},"end":{"line":706,"column":58}},"305":{"start":{"line":707,"column":6},"end":{"line":707,"column":13}},"306":{"start":{"line":709,"column":19},"end":{"line":709,"column":63}},"307":{"start":{"line":710,"column":4},"end":{"line":710,"column":43}},"308":{"start":{"line":713,"column":4},"end":{"line":713,"column":53}},"309":{"start":{"line":715,"column":4},"end":{"line":751,"column":5}},"310":{"start":{"line":716,"column":6},"end":{"line":748,"column":9}},"311":{"start":{"line":717,"column":8},"end":{"line":721,"column":9}},"312":{"start":{"line":718,"column":10},"end":{"line":718,"column":61}},"313":{"start":{"line":719,"column":10},"end":{"line":719,"column":29}},"314":{"start":{"line":720,"column":10},"end":{"line":720,"column":17}},"315":{"start":{"line":722,"column":21},"end":{"line":722,"column":56}},"316":{"start":{"line":723,"column":8},"end":{"line":726,"column":9}},"317":{"start":{"line":724,"column":10},"end":{"line":724,"column":60}},"318":{"start":{"line":725,"column":10},"end":{"line":725,"column":17}},"319":{"start":{"line":727,"column":21},"end":{"line":727,"column":60}},"320":{"start":{"line":728,"column":8},"end":{"line":731,"column":9}},"321":{"start":{"line":729,"column":10},"end":{"line":729,"column":63}},"322":{"start":{"line":730,"column":10},"end":{"line":730,"column":17}},"323":{"start":{"line":732,"column":28},"end":{"line":740,"column":9}},"324":{"start":{"line":741,"column":23},"end":{"line":741,"column":33}},"325":{"start":{"line":742,"column":8},"end":{"line":745,"column":9}},"326":{"start":{"line":743,"column":10},"end":{"line":743,"column":62}},"327":{"start":{"line":744,"column":10},"end":{"line":744,"column":17}},"328":{"start":{"line":746,"column":23},"end":{"line":746,"column":67}},"329":{"start":{"line":747,"column":8},"end":{"line":747,"column":47}},"330":{"start":{"line":750,"column":6},"end":{"line":750,"column":25}},"331":{"start":{"line":755,"column":0},"end":{"line":778,"column":3}},"332":{"start":{"line":756,"column":16},"end":{"line":756,"column":42}},"333":{"start":{"line":757,"column":2},"end":{"line":760,"column":3}},"334":{"start":{"line":758,"column":4},"end":{"line":758,"column":50}},"335":{"start":{"line":759,"column":4},"end":{"line":759,"column":11}},"336":{"start":{"line":761,"column":2},"end":{"line":777,"column":3}},"337":{"start":{"line":762,"column":4},"end":{"line":774,"column":7}},"338":{"start":{"line":763,"column":6},"end":{"line":767,"column":7}},"339":{"start":{"line":764,"column":8},"end":{"line":764,"column":59}},"340":{"start":{"line":765,"column":8},"end":{"line":765,"column":27}},"341":{"start":{"line":766,"column":8},"end":{"line":766,"column":15}},"342":{"start":{"line":768,"column":19},"end":{"line":768,"column":54}},"343":{"start":{"line":769,"column":6},"end":{"line":772,"column":7}},"344":{"start":{"line":770,"column":8},"end":{"line":770,"column":58}},"345":{"start":{"line":771,"column":8},"end":{"line":771,"column":15}},"346":{"start":{"line":773,"column":6},"end":{"line":773,"column":43}},"347":{"start":{"line":776,"column":4},"end":{"line":776,"column":23}},"348":{"start":{"line":780,"column":0},"end":{"line":785,"column":3}},"349":{"start":{"line":781,"column":21},"end":{"line":781,"column":29}},"350":{"start":{"line":782,"column":26},"end":{"line":782,"column":34}},"351":{"start":{"line":783,"column":17},"end":{"line":783,"column":65}},"352":{"start":{"line":784,"column":2},"end":{"line":784,"column":41}},"353":{"start":{"line":787,"column":0},"end":{"line":791,"column":3}},"354":{"start":{"line":788,"column":21},"end":{"line":788,"column":29}},"355":{"start":{"line":789,"column":17},"end":{"line":789,"column":58}},"356":{"start":{"line":790,"column":2},"end":{"line":790,"column":41}},"357":{"start":{"line":794,"column":0},"end":{"line":805,"column":3}},"358":{"start":{"line":795,"column":2},"end":{"line":804,"column":3}},"359":{"start":{"line":797,"column":20},"end":{"line":797,"column":99}},"360":{"start":{"line":801,"column":4},"end":{"line":801,"column":34}},"361":{"start":{"line":803,"column":4},"end":{"line":803,"column":57}},"362":{"start":{"line":809,"column":0},"end":{"line":811,"column":3}},"363":{"start":{"line":810,"column":2},"end":{"line":810,"column":55}},"364":{"start":{"line":814,"column":0},"end":{"line":814,"column":24}}},"fnMap":{"0":{"name":"(anonymous_0)","decl":{"start":{"line":50,"column":16},"end":{"line":50,"column":17}},"loc":{"start":{"line":50,"column":31},"end":{"line":52,"column":1}},"line":50},"1":{"name":"(anonymous_1)","decl":{"start":{"line":56,"column":29},"end":{"line":56,"column":30}},"loc":{"start":{"line":56,"column":49},"end":{"line":77,"column":1}},"line":56},"2":{"name":"(anonymous_2)","decl":{"start":{"line":66,"column":43},"end":{"line":66,"column":44}},"loc":{"start":{"line":66,"column":67},"end":{"line":73,"column":5}},"line":66},"3":{"name":"(anonymous_3)","decl":{"start":{"line":109,"column":29},"end":{"line":109,"column":30}},"loc":{"start":{"line":109,"column":49},"end":{"line":148,"column":1}},"line":109},"4":{"name":"(anonymous_4)","decl":{"start":{"line":128,"column":39},"end":{"line":128,"column":40}},"loc":{"start":{"line":128,"column":63},"end":{"line":142,"column":7}},"line":128},"5":{"name":"(anonymous_5)","decl":{"start":{"line":150,"column":24},"end":{"line":150,"column":25}},"loc":{"start":{"line":150,"column":44},"end":{"line":171,"column":1}},"line":150},"6":{"name":"(anonymous_6)","decl":{"start":{"line":157,"column":43},"end":{"line":157,"column":44}},"loc":{"start":{"line":157,"column":67},"end":{"line":167,"column":5}},"line":157},"7":{"name":"(anonymous_7)","decl":{"start":{"line":175,"column":32},"end":{"line":175,"column":33}},"loc":{"start":{"line":175,"column":52},"end":{"line":184,"column":1}},"line":175},"8":{"name":"(anonymous_8)","decl":{"start":{"line":187,"column":28},"end":{"line":187,"column":29}},"loc":{"start":{"line":187,"column":48},"end":{"line":200,"column":1}},"line":187},"9":{"name":"(anonymous_9)","decl":{"start":{"line":203,"column":25},"end":{"line":203,"column":26}},"loc":{"start":{"line":203,"column":45},"end":{"line":223,"column":1}},"line":203},"10":{"name":"(anonymous_10)","decl":{"start":{"line":226,"column":33},"end":{"line":226,"column":34}},"loc":{"start":{"line":226,"column":53},"end":{"line":246,"column":1}},"line":226},"11":{"name":"(anonymous_11)","decl":{"start":{"line":249,"column":52},"end":{"line":249,"column":53}},"loc":{"start":{"line":249,"column":72},"end":{"line":265,"column":1}},"line":249},"12":{"name":"(anonymous_12)","decl":{"start":{"line":268,"column":20},"end":{"line":268,"column":21}},"loc":{"start":{"line":268,"column":40},"end":{"line":279,"column":1}},"line":268},"13":{"name":"(anonymous_13)","decl":{"start":{"line":309,"column":27},"end":{"line":309,"column":28}},"loc":{"start":{"line":309,"column":47},"end":{"line":321,"column":1}},"line":309},"14":{"name":"(anonymous_14)","decl":{"start":{"line":323,"column":24},"end":{"line":323,"column":25}},"loc":{"start":{"line":323,"column":44},"end":{"line":336,"column":1}},"line":323},"15":{"name":"(anonymous_15)","decl":{"start":{"line":360,"column":35},"end":{"line":360,"column":36}},"loc":{"start":{"line":360,"column":55},"end":{"line":368,"column":1}},"line":360},"16":{"name":"(anonymous_16)","decl":{"start":{"line":371,"column":21},"end":{"line":371,"column":22}},"loc":{"start":{"line":371,"column":41},"end":{"line":382,"column":1}},"line":371},"17":{"name":"(anonymous_17)","decl":{"start":{"line":384,"column":32},"end":{"line":384,"column":33}},"loc":{"start":{"line":384,"column":52},"end":{"line":395,"column":1}},"line":384},"18":{"name":"(anonymous_18)","decl":{"start":{"line":398,"column":28},"end":{"line":398,"column":29}},"loc":{"start":{"line":398,"column":48},"end":{"line":409,"column":1}},"line":398},"19":{"name":"(anonymous_19)","decl":{"start":{"line":412,"column":24},"end":{"line":412,"column":25}},"loc":{"start":{"line":412,"column":44},"end":{"line":452,"column":1}},"line":412},"20":{"name":"(anonymous_20)","decl":{"start":{"line":427,"column":37},"end":{"line":427,"column":38}},"loc":{"start":{"line":427,"column":61},"end":{"line":448,"column":5}},"line":427},"21":{"name":"(anonymous_21)","decl":{"start":{"line":455,"column":26},"end":{"line":455,"column":27}},"loc":{"start":{"line":455,"column":46},"end":{"line":496,"column":1}},"line":455},"22":{"name":"(anonymous_22)","decl":{"start":{"line":471,"column":43},"end":{"line":471,"column":44}},"loc":{"start":{"line":471,"column":67},"end":{"line":492,"column":5}},"line":471},"23":{"name":"(anonymous_23)","decl":{"start":{"line":499,"column":22},"end":{"line":499,"column":23}},"loc":{"start":{"line":499,"column":42},"end":{"line":522,"column":1}},"line":499},"24":{"name":"(anonymous_24)","decl":{"start":{"line":525,"column":27},"end":{"line":525,"column":28}},"loc":{"start":{"line":525,"column":47},"end":{"line":535,"column":1}},"line":525},"25":{"name":"(anonymous_25)","decl":{"start":{"line":538,"column":24},"end":{"line":538,"column":25}},"loc":{"start":{"line":538,"column":44},"end":{"line":553,"column":1}},"line":538},"26":{"name":"(anonymous_26)","decl":{"start":{"line":556,"column":24},"end":{"line":556,"column":25}},"loc":{"start":{"line":556,"column":44},"end":{"line":563,"column":1}},"line":556},"27":{"name":"(anonymous_27)","decl":{"start":{"line":566,"column":24},"end":{"line":566,"column":25}},"loc":{"start":{"line":566,"column":44},"end":{"line":573,"column":1}},"line":566},"28":{"name":"(anonymous_28)","decl":{"start":{"line":575,"column":22},"end":{"line":575,"column":23}},"loc":{"start":{"line":575,"column":42},"end":{"line":607,"column":1}},"line":575},"29":{"name":"(anonymous_29)","decl":{"start":{"line":584,"column":42},"end":{"line":584,"column":43}},"loc":{"start":{"line":584,"column":59},"end":{"line":606,"column":3}},"line":584},"30":{"name":"(anonymous_30)","decl":{"start":{"line":590,"column":65},"end":{"line":590,"column":66}},"loc":{"start":{"line":590,"column":81},"end":{"line":602,"column":7}},"line":590},"31":{"name":"(anonymous_31)","decl":{"start":{"line":610,"column":23},"end":{"line":610,"column":24}},"loc":{"start":{"line":610,"column":43},"end":{"line":645,"column":1}},"line":610},"32":{"name":"(anonymous_32)","decl":{"start":{"line":632,"column":59},"end":{"line":632,"column":60}},"loc":{"start":{"line":632,"column":75},"end":{"line":644,"column":3}},"line":632},"33":{"name":"(anonymous_33)","decl":{"start":{"line":647,"column":35},"end":{"line":647,"column":36}},"loc":{"start":{"line":647,"column":55},"end":{"line":658,"column":1}},"line":647},"34":{"name":"(anonymous_34)","decl":{"start":{"line":660,"column":21},"end":{"line":660,"column":22}},"loc":{"start":{"line":660,"column":41},"end":{"line":670,"column":1}},"line":660},"35":{"name":"(anonymous_35)","decl":{"start":{"line":673,"column":26},"end":{"line":673,"column":27}},"loc":{"start":{"line":673,"column":46},"end":{"line":690,"column":1}},"line":673},"36":{"name":"(anonymous_36)","decl":{"start":{"line":679,"column":37},"end":{"line":679,"column":38}},"loc":{"start":{"line":679,"column":55},"end":{"line":686,"column":5}},"line":679},"37":{"name":"(anonymous_37)","decl":{"start":{"line":692,"column":24},"end":{"line":692,"column":25}},"loc":{"start":{"line":692,"column":44},"end":{"line":753,"column":1}},"line":692},"38":{"name":"(anonymous_38)","decl":{"start":{"line":716,"column":45},"end":{"line":716,"column":46}},"loc":{"start":{"line":716,"column":69},"end":{"line":748,"column":7}},"line":716},"39":{"name":"(anonymous_39)","decl":{"start":{"line":755,"column":28},"end":{"line":755,"column":29}},"loc":{"start":{"line":755,"column":48},"end":{"line":778,"column":1}},"line":755},"40":{"name":"(anonymous_40)","decl":{"start":{"line":762,"column":37},"end":{"line":762,"column":38}},"loc":{"start":{"line":762,"column":61},"end":{"line":774,"column":5}},"line":762},"41":{"name":"(anonymous_41)","decl":{"start":{"line":780,"column":32},"end":{"line":780,"column":33}},"loc":{"start":{"line":780,"column":52},"end":{"line":785,"column":1}},"line":780},"42":{"name":"(anonymous_42)","decl":{"start":{"line":787,"column":32},"end":{"line":787,"column":33}},"loc":{"start":{"line":787,"column":52},"end":{"line":791,"column":1}},"line":787},"43":{"name":"(anonymous_43)","decl":{"start":{"line":794,"column":36},"end":{"line":794,"column":37}},"loc":{"start":{"line":794,"column":56},"end":{"line":805,"column":1}},"line":794},"44":{"name":"(anonymous_44)","decl":{"start":{"line":809,"column":11},"end":{"line":809,"column":12}},"loc":{"start":{"line":809,"column":26},"end":{"line":811,"column":1}},"line":809}},"branchMap":{"0":{"loc":{"start":{"line":58,"column":2},"end":{"line":60,"column":3}},"type":"if","locations":[{"start":{"line":58,"column":2},"end":{"line":60,"column":3}},{"start":{},"end":{}}],"line":58},"1":{"loc":{"start":{"line":61,"column":2},"end":{"line":64,"column":3}},"type":"if","locations":[{"start":{"line":61,"column":2},"end":{"line":64,"column":3}},{"start":{},"end":{}}],"line":61},"2":{"loc":{"start":{"line":67,"column":6},"end":{"line":72,"column":7}},"type":"if","locations":[{"start":{"line":67,"column":6},"end":{"line":72,"column":7}},{"start":{"line":69,"column":13},"end":{"line":72,"column":7}}],"line":67},"3":{"loc":{"start":{"line":111,"column":2},"end":{"line":114,"column":3}},"type":"if","locations":[{"start":{"line":111,"column":2},"end":{"line":114,"column":3}},{"start":{},"end":{}}],"line":111},"4":{"loc":{"start":{"line":118,"column":4},"end":{"line":143,"column":5}},"type":"if","locations":[{"start":{"line":118,"column":4},"end":{"line":143,"column":5}},{"start":{"line":127,"column":11},"end":{"line":143,"column":5}}],"line":118},"5":{"loc":{"start":{"line":121,"column":6},"end":{"line":125,"column":7}},"type":"if","locations":[{"start":{"line":121,"column":6},"end":{"line":125,"column":7}},{"start":{"line":123,"column":13},"end":{"line":125,"column":7}}],"line":121},"6":{"loc":{"start":{"line":129,"column":8},"end":{"line":141,"column":9}},"type":"if","locations":[{"start":{"line":129,"column":8},"end":{"line":141,"column":9}},{"start":{"line":131,"column":15},"end":{"line":141,"column":9}}],"line":129},"7":{"loc":{"start":{"line":134,"column":10},"end":{"line":138,"column":11}},"type":"if","locations":[{"start":{"line":134,"column":10},"end":{"line":138,"column":11}},{"start":{"line":136,"column":17},"end":{"line":138,"column":11}}],"line":134},"8":{"loc":{"start":{"line":152,"column":2},"end":{"line":154,"column":3}},"type":"if","locations":[{"start":{"line":152,"column":2},"end":{"line":154,"column":3}},{"start":{},"end":{}}],"line":152},"9":{"loc":{"start":{"line":158,"column":6},"end":{"line":166,"column":7}},"type":"if","locations":[{"start":{"line":158,"column":6},"end":{"line":166,"column":7}},{"start":{"line":160,"column":13},"end":{"line":166,"column":7}}],"line":158},"10":{"loc":{"start":{"line":192,"column":4},"end":{"line":195,"column":5}},"type":"if","locations":[{"start":{"line":192,"column":4},"end":{"line":195,"column":5}},{"start":{},"end":{}}],"line":192},"11":{"loc":{"start":{"line":205,"column":2},"end":{"line":208,"column":3}},"type":"if","locations":[{"start":{"line":205,"column":2},"end":{"line":208,"column":3}},{"start":{},"end":{}}],"line":205},"12":{"loc":{"start":{"line":205,"column":6},"end":{"line":205,"column":90}},"type":"binary-expr","locations":[{"start":{"line":205,"column":6},"end":{"line":205,"column":24}},{"start":{"line":205,"column":28},"end":{"line":205,"column":45}},{"start":{"line":205,"column":49},"end":{"line":205,"column":74}},{"start":{"line":205,"column":78},"end":{"line":205,"column":90}}],"line":205},"13":{"loc":{"start":{"line":228,"column":2},"end":{"line":231,"column":3}},"type":"if","locations":[{"start":{"line":228,"column":2},"end":{"line":231,"column":3}},{"start":{},"end":{}}],"line":228},"14":{"loc":{"start":{"line":228,"column":6},"end":{"line":228,"column":90}},"type":"binary-expr","locations":[{"start":{"line":228,"column":6},"end":{"line":228,"column":24}},{"start":{"line":228,"column":28},"end":{"line":228,"column":45}},{"start":{"line":228,"column":49},"end":{"line":228,"column":74}},{"start":{"line":228,"column":78},"end":{"line":228,"column":90}}],"line":228},"15":{"loc":{"start":{"line":312,"column":4},"end":{"line":315,"column":5}},"type":"if","locations":[{"start":{"line":312,"column":4},"end":{"line":315,"column":5}},{"start":{},"end":{}}],"line":312},"16":{"loc":{"start":{"line":328,"column":4},"end":{"line":331,"column":5}},"type":"if","locations":[{"start":{"line":328,"column":4},"end":{"line":331,"column":5}},{"start":{},"end":{}}],"line":328},"17":{"loc":{"start":{"line":416,"column":2},"end":{"line":451,"column":4}},"type":"if","locations":[{"start":{"line":416,"column":2},"end":{"line":451,"column":4}},{"start":{"line":425,"column":9},"end":{"line":451,"column":4}}],"line":416},"18":{"loc":{"start":{"line":428,"column":6},"end":{"line":431,"column":7}},"type":"if","locations":[{"start":{"line":428,"column":6},"end":{"line":431,"column":7}},{"start":{},"end":{}}],"line":428},"19":{"loc":{"start":{"line":432,"column":6},"end":{"line":447,"column":7}},"type":"if","locations":[{"start":{"line":432,"column":6},"end":{"line":447,"column":7}},{"start":{"line":440,"column":13},"end":{"line":447,"column":7}}],"line":432},"20":{"loc":{"start":{"line":457,"column":2},"end":{"line":495,"column":4}},"type":"if","locations":[{"start":{"line":457,"column":2},"end":{"line":495,"column":4}},{"start":{"line":461,"column":7},"end":{"line":495,"column":4}}],"line":457},"21":{"loc":{"start":{"line":461,"column":7},"end":{"line":495,"column":4}},"type":"if","locations":[{"start":{"line":461,"column":7},"end":{"line":495,"column":4}},{"start":{"line":469,"column":7},"end":{"line":495,"column":4}}],"line":461},"22":{"loc":{"start":{"line":472,"column":8},"end":{"line":475,"column":9}},"type":"if","locations":[{"start":{"line":472,"column":8},"end":{"line":475,"column":9}},{"start":{},"end":{}}],"line":472},"23":{"loc":{"start":{"line":476,"column":8},"end":{"line":491,"column":9}},"type":"if","locations":[{"start":{"line":476,"column":8},"end":{"line":491,"column":9}},{"start":{"line":483,"column":15},"end":{"line":491,"column":9}}],"line":476},"24":{"loc":{"start":{"line":502,"column":2},"end":{"line":505,"column":3}},"type":"if","locations":[{"start":{"line":502,"column":2},"end":{"line":505,"column":3}},{"start":{},"end":{}}],"line":502},"25":{"loc":{"start":{"line":502,"column":6},"end":{"line":502,"column":129}},"type":"binary-expr","locations":[{"start":{"line":502,"column":6},"end":{"line":502,"column":21}},{"start":{"line":502,"column":25},"end":{"line":502,"column":43}},{"start":{"line":502,"column":47},"end":{"line":502,"column":65}},{"start":{"line":502,"column":69},"end":{"line":502,"column":93}},{"start":{"line":502,"column":97},"end":{"line":502,"column":113}},{"start":{"line":502,"column":117},"end":{"line":502,"column":129}}],"line":502},"26":{"loc":{"start":{"line":540,"column":2},"end":{"line":543,"column":3}},"type":"if","locations":[{"start":{"line":540,"column":2},"end":{"line":543,"column":3}},{"start":{},"end":{}}],"line":540},"27":{"loc":{"start":{"line":577,"column":2},"end":{"line":579,"column":3}},"type":"if","locations":[{"start":{"line":577,"column":2},"end":{"line":579,"column":3}},{"start":{},"end":{}}],"line":577},"28":{"loc":{"start":{"line":577,"column":6},"end":{"line":577,"column":25}},"type":"binary-expr","locations":[{"start":{"line":577,"column":6},"end":{"line":577,"column":12}},{"start":{"line":577,"column":16},"end":{"line":577,"column":25}}],"line":577},"29":{"loc":{"start":{"line":581,"column":2},"end":{"line":583,"column":3}},"type":"if","locations":[{"start":{"line":581,"column":2},"end":{"line":583,"column":3}},{"start":{},"end":{}}],"line":581},"30":{"loc":{"start":{"line":585,"column":4},"end":{"line":587,"column":5}},"type":"if","locations":[{"start":{"line":585,"column":4},"end":{"line":587,"column":5}},{"start":{},"end":{}}],"line":585},"31":{"loc":{"start":{"line":591,"column":8},"end":{"line":593,"column":9}},"type":"if","locations":[{"start":{"line":591,"column":8},"end":{"line":593,"column":9}},{"start":{},"end":{}}],"line":591},"32":{"loc":{"start":{"line":612,"column":2},"end":{"line":614,"column":3}},"type":"if","locations":[{"start":{"line":612,"column":2},"end":{"line":614,"column":3}},{"start":{},"end":{}}],"line":612},"33":{"loc":{"start":{"line":612,"column":6},"end":{"line":612,"column":38}},"type":"binary-expr","locations":[{"start":{"line":612,"column":6},"end":{"line":612,"column":12}},{"start":{"line":612,"column":16},"end":{"line":612,"column":25}},{"start":{"line":612,"column":29},"end":{"line":612,"column":38}}],"line":612},"34":{"loc":{"start":{"line":616,"column":2},"end":{"line":618,"column":3}},"type":"if","locations":[{"start":{"line":616,"column":2},"end":{"line":618,"column":3}},{"start":{},"end":{}}],"line":616},"35":{"loc":{"start":{"line":633,"column":4},"end":{"line":635,"column":5}},"type":"if","locations":[{"start":{"line":633,"column":4},"end":{"line":635,"column":5}},{"start":{},"end":{}}],"line":633},"36":{"loc":{"start":{"line":649,"column":4},"end":{"line":651,"column":5}},"type":"if","locations":[{"start":{"line":649,"column":4},"end":{"line":651,"column":5}},{"start":{},"end":{}}],"line":649},"37":{"loc":{"start":{"line":653,"column":4},"end":{"line":657,"column":5}},"type":"if","locations":[{"start":{"line":653,"column":4},"end":{"line":657,"column":5}},{"start":{"line":655,"column":11},"end":{"line":657,"column":5}}],"line":653},"38":{"loc":{"start":{"line":675,"column":2},"end":{"line":677,"column":3}},"type":"if","locations":[{"start":{"line":675,"column":2},"end":{"line":677,"column":3}},{"start":{},"end":{}}],"line":675},"39":{"loc":{"start":{"line":680,"column":6},"end":{"line":684,"column":7}},"type":"if","locations":[{"start":{"line":680,"column":6},"end":{"line":684,"column":7}},{"start":{},"end":{}}],"line":680},"40":{"loc":{"start":{"line":697,"column":2},"end":{"line":752,"column":3}},"type":"if","locations":[{"start":{"line":697,"column":2},"end":{"line":752,"column":3}},{"start":{"line":701,"column":7},"end":{"line":752,"column":3}}],"line":697},"41":{"loc":{"start":{"line":701,"column":7},"end":{"line":752,"column":3}},"type":"if","locations":[{"start":{"line":701,"column":7},"end":{"line":752,"column":3}},{"start":{"line":711,"column":9},"end":{"line":752,"column":3}}],"line":701},"42":{"loc":{"start":{"line":705,"column":4},"end":{"line":708,"column":5}},"type":"if","locations":[{"start":{"line":705,"column":4},"end":{"line":708,"column":5}},{"start":{},"end":{}}],"line":705},"43":{"loc":{"start":{"line":705,"column":8},"end":{"line":705,"column":122}},"type":"binary-expr","locations":[{"start":{"line":705,"column":8},"end":{"line":705,"column":32}},{"start":{"line":705,"column":36},"end":{"line":705,"column":68}},{"start":{"line":705,"column":72},"end":{"line":705,"column":101}},{"start":{"line":705,"column":105},"end":{"line":705,"column":122}}],"line":705},"44":{"loc":{"start":{"line":717,"column":8},"end":{"line":721,"column":9}},"type":"if","locations":[{"start":{"line":717,"column":8},"end":{"line":721,"column":9}},{"start":{},"end":{}}],"line":717},"45":{"loc":{"start":{"line":723,"column":8},"end":{"line":726,"column":9}},"type":"if","locations":[{"start":{"line":723,"column":8},"end":{"line":726,"column":9}},{"start":{},"end":{}}],"line":723},"46":{"loc":{"start":{"line":728,"column":8},"end":{"line":731,"column":9}},"type":"if","locations":[{"start":{"line":728,"column":8},"end":{"line":731,"column":9}},{"start":{},"end":{}}],"line":728},"47":{"loc":{"start":{"line":742,"column":8},"end":{"line":745,"column":9}},"type":"if","locations":[{"start":{"line":742,"column":8},"end":{"line":745,"column":9}},{"start":{},"end":{}}],"line":742},"48":{"loc":{"start":{"line":742,"column":12},"end":{"line":742,"column":126}},"type":"binary-expr","locations":[{"start":{"line":742,"column":12},"end":{"line":742,"column":36}},{"start":{"line":742,"column":40},"end":{"line":742,"column":72}},{"start":{"line":742,"column":76},"end":{"line":742,"column":105}},{"start":{"line":742,"column":109},"end":{"line":742,"column":126}}],"line":742},"49":{"loc":{"start":{"line":757,"column":2},"end":{"line":760,"column":3}},"type":"if","locations":[{"start":{"line":757,"column":2},"end":{"line":760,"column":3}},{"start":{},"end":{}}],"line":757},"50":{"loc":{"start":{"line":763,"column":6},"end":{"line":767,"column":7}},"type":"if","locations":[{"start":{"line":763,"column":6},"end":{"line":767,"column":7}},{"start":{},"end":{}}],"line":763},"51":{"loc":{"start":{"line":769,"column":6},"end":{"line":772,"column":7}},"type":"if","locations":[{"start":{"line":769,"column":6},"end":{"line":772,"column":7}},{"start":{},"end":{}}],"line":769}},"s":{"0":14,"1":14,"2":14,"3":14,"4":14,"5":14,"6":14,"7":14,"8":14,"9":14,"10":14,"11":14,"12":14,"13":14,"14":14,"15":0,"16":14,"17":1,"18":1,"19":0,"20":1,"21":1,"22":1,"23":1,"24":1,"25":1,"26":1,"27":0,"28":0,"29":1,"30":14,"31":4,"32":1,"33":1,"34":3,"35":3,"36":3,"37":3,"38":3,"39":3,"40":0,"41":3,"42":3,"43":0,"44":0,"45":0,"46":0,"47":0,"48":0,"49":0,"50":0,"51":0,"52":0,"53":0,"54":14,"55":0,"56":0,"57":0,"58":0,"59":0,"60":0,"61":0,"62":0,"63":0,"64":0,"65":0,"66":0,"67":0,"68":14,"69":0,"70":0,"71":0,"72":0,"73":14,"74":2,"75":2,"76":2,"77":1,"78":1,"79":1,"80":0,"81":14,"82":4,"83":1,"84":1,"85":3,"86":3,"87":3,"88":3,"89":0,"90":14,"91":0,"92":0,"93":0,"94":0,"95":0,"96":0,"97":0,"98":0,"99":14,"100":1,"101":1,"102":1,"103":1,"104":1,"105":1,"106":0,"107":14,"108":1,"109":1,"110":1,"111":0,"112":14,"113":0,"114":0,"115":0,"116":0,"117":0,"118":0,"119":0,"120":14,"121":1,"122":1,"123":1,"124":0,"125":0,"126":1,"127":0,"128":14,"129":1,"130":1,"131":1,"132":0,"133":14,"134":2,"135":2,"136":2,"137":0,"138":14,"139":1,"140":1,"141":1,"142":0,"143":14,"144":1,"145":1,"146":1,"147":0,"148":14,"149":1,"150":1,"151":1,"152":1,"153":1,"154":1,"155":1,"156":1,"157":0,"158":0,"159":0,"160":0,"161":0,"162":0,"163":0,"164":0,"165":0,"166":0,"167":0,"168":0,"169":0,"170":0,"171":0,"172":0,"173":0,"174":0,"175":14,"176":1,"177":1,"178":0,"179":0,"180":1,"181":1,"182":1,"183":1,"184":0,"185":0,"186":0,"187":0,"188":0,"189":0,"190":0,"191":0,"192":0,"193":0,"194":0,"195":0,"196":0,"197":0,"198":0,"199":0,"200":0,"201":14,"202":8,"203":2,"204":2,"205":6,"206":6,"207":6,"208":6,"209":0,"210":14,"211":1,"212":1,"213":1,"214":0,"215":14,"216":2,"217":1,"218":1,"219":1,"220":1,"221":1,"222":0,"223":14,"224":0,"225":0,"226":0,"227":0,"228":14,"229":1,"230":1,"231":1,"232":0,"233":14,"234":0,"235":0,"236":0,"237":0,"238":0,"239":0,"240":0,"241":0,"242":0,"243":0,"244":0,"245":0,"246":0,"247":0,"248":0,"249":0,"250":14,"251":1,"252":1,"253":0,"254":1,"255":1,"256":0,"257":1,"258":1,"259":1,"260":1,"261":1,"262":1,"263":0,"264":1,"265":1,"266":14,"267":0,"268":0,"269":0,"270":0,"271":0,"272":0,"273":0,"274":14,"275":3,"276":3,"277":3,"278":3,"279":3,"280":0,"281":14,"282":0,"283":0,"284":0,"285":0,"286":0,"287":0,"288":0,"289":0,"290":0,"291":0,"292":0,"293":14,"294":2,"295":2,"296":2,"297":0,"298":0,"299":2,"300":2,"301":2,"302":2,"303":2,"304":1,"305":1,"306":1,"307":1,"308":0,"309":0,"310":0,"311":0,"312":0,"313":0,"314":0,"315":0,"316":0,"317":0,"318":0,"319":0,"320":0,"321":0,"322":0,"323":0,"324":0,"325":0,"326":0,"327":0,"328":0,"329":0,"330":0,"331":14,"332":0,"333":0,"334":0,"335":0,"336":0,"337":0,"338":0,"339":0,"340":0,"341":0,"342":0,"343":0,"344":0,"345":0,"346":0,"347":0,"348":14,"349":1,"350":1,"351":1,"352":1,"353":14,"354":1,"355":1,"356":1,"357":14,"358":0,"359":0,"360":0,"361":0,"362":14,"363":1,"364":14},"f":{"0":0,"1":1,"2":1,"3":4,"4":0,"5":0,"6":0,"7":0,"8":2,"9":4,"10":0,"11":1,"12":1,"13":0,"14":1,"15":1,"16":2,"17":1,"18":1,"19":1,"20":0,"21":1,"22":0,"23":8,"24":1,"25":2,"26":0,"27":1,"28":0,"29":0,"30":0,"31":1,"32":1,"33":0,"34":3,"35":0,"36":0,"37":2,"38":0,"39":0,"40":0,"41":1,"42":1,"43":0,"44":1},"b":{"0":[0,1],"1":[1,0],"2":[1,0],"3":[1,3],"4":[3,0],"5":[0,3],"6":[0,0],"7":[0,0],"8":[0,0],"9":[0,0],"10":[1,1],"11":[1,3],"12":[4,3,3,3],"13":[0,0],"14":[0,0,0,0],"15":[0,0],"16":[0,1],"17":[1,0],"18":[0,0],"19":[0,0],"20":[0,1],"21":[1,0],"22":[0,0],"23":[0,0],"24":[2,6],"25":[8,6,6,6,6,6],"26":[1,1],"27":[0,0],"28":[0,0],"29":[0,0],"30":[0,0],"31":[0,0],"32":[0,1],"33":[1,1,1],"34":[0,1],"35":[0,1],"36":[0,0],"37":[0,0],"38":[0,0],"39":[0,0],"40":[0,2],"41":[2,0],"42":[1,1],"43":[2,2,1,1],"44":[0,0],"45":[0,0],"46":[0,0],"47":[0,0],"48":[0,0,0,0],"49":[0,0],"50":[0,0],"51":[0,0]},"_coverageSchema":"1a1c01bbd47fc00a2c39e90264f33305004495a9","hash":"4294a8db477f9d1e9d595ed3cf563705d976d645"}
}
