{"C:\\Users\\amyry\\Documents\\1_Classes\\6_2022_Q1\\6_CIT557\\project---design-hw1-group-3\\mongodb\\dbCreatePost.js": {"path":"C:\\Users\\amyry\\Documents\\1_Classes\\6_2022_Q1\\6_CIT557\\project---design-hw1-group-3\\mongodb\\dbCreatePost.js","statementMap":{"0":{"start":{"line":1,"column":24},"end":{"line":1,"column":42}},"1":{"start":{"line":4,"column":21},"end":{"line":4,"column":39}},"2":{"start":{"line":7,"column":14},"end":{"line":7,"column":120}},"3":{"start":{"line":11,"column":16},"end":{"line":24,"column":1}},"4":{"start":{"line":13,"column":4},"end":{"line":23,"column":5}},"5":{"start":{"line":14,"column":8},"end":{"line":17,"column":11}},"6":{"start":{"line":19,"column":8},"end":{"line":19,"column":77}},"7":{"start":{"line":20,"column":8},"end":{"line":20,"column":31}},"8":{"start":{"line":22,"column":8},"end":{"line":22,"column":33}},"9":{"start":{"line":30,"column":14},"end":{"line":36,"column":1}},"10":{"start":{"line":32,"column":4},"end":{"line":34,"column":5}},"11":{"start":{"line":33,"column":8},"end":{"line":33,"column":24}},"12":{"start":{"line":35,"column":4},"end":{"line":35,"column":32}},"13":{"start":{"line":38,"column":19},"end":{"line":58,"column":1}},"14":{"start":{"line":39,"column":4},"end":{"line":57,"column":5}},"15":{"start":{"line":40,"column":19},"end":{"line":40,"column":32}},"16":{"start":{"line":41,"column":23},"end":{"line":41,"column":66}},"17":{"start":{"line":42,"column":8},"end":{"line":42,"column":74}},"18":{"start":{"line":43,"column":27},"end":{"line":53,"column":11}},"19":{"start":{"line":54,"column":8},"end":{"line":54,"column":22}},"20":{"start":{"line":56,"column":8},"end":{"line":56,"column":45}},"21":{"start":{"line":60,"column":19},"end":{"line":69,"column":1}},"22":{"start":{"line":61,"column":4},"end":{"line":68,"column":5}},"23":{"start":{"line":62,"column":19},"end":{"line":62,"column":32}},"24":{"start":{"line":63,"column":23},"end":{"line":63,"column":99}},"25":{"start":{"line":64,"column":8},"end":{"line":64,"column":63}},"26":{"start":{"line":65,"column":8},"end":{"line":65,"column":22}},"27":{"start":{"line":67,"column":8},"end":{"line":67,"column":45}},"28":{"start":{"line":71,"column":19},"end":{"line":88,"column":1}},"29":{"start":{"line":72,"column":4},"end":{"line":87,"column":5}},"30":{"start":{"line":73,"column":19},"end":{"line":73,"column":32}},"31":{"start":{"line":74,"column":21},"end":{"line":74,"column":77}},"32":{"start":{"line":75,"column":27},"end":{"line":80,"column":11}},"33":{"start":{"line":81,"column":8},"end":{"line":81,"column":74}},"34":{"start":{"line":82,"column":23},"end":{"line":82,"column":83}},"35":{"start":{"line":83,"column":8},"end":{"line":83,"column":63}},"36":{"start":{"line":84,"column":8},"end":{"line":84,"column":22}},"37":{"start":{"line":86,"column":8},"end":{"line":86,"column":45}},"38":{"start":{"line":90,"column":16},"end":{"line":99,"column":1}},"39":{"start":{"line":91,"column":4},"end":{"line":98,"column":5}},"40":{"start":{"line":92,"column":19},"end":{"line":92,"column":32}},"41":{"start":{"line":93,"column":23},"end":{"line":93,"column":85}},"42":{"start":{"line":94,"column":8},"end":{"line":94,"column":61}},"43":{"start":{"line":95,"column":8},"end":{"line":95,"column":22}},"44":{"start":{"line":97,"column":8},"end":{"line":97,"column":45}},"45":{"start":{"line":101,"column":0},"end":{"line":106,"column":1}}},"fnMap":{"0":{"name":"(anonymous_0)","decl":{"start":{"line":11,"column":16},"end":{"line":11,"column":17}},"loc":{"start":{"line":11,"column":28},"end":{"line":24,"column":1}},"line":11},"1":{"name":"(anonymous_1)","decl":{"start":{"line":30,"column":14},"end":{"line":30,"column":15}},"loc":{"start":{"line":30,"column":26},"end":{"line":36,"column":1}},"line":30},"2":{"name":"(anonymous_2)","decl":{"start":{"line":38,"column":19},"end":{"line":38,"column":20}},"loc":{"start":{"line":38,"column":35},"end":{"line":58,"column":1}},"line":38},"3":{"name":"(anonymous_3)","decl":{"start":{"line":60,"column":19},"end":{"line":60,"column":20}},"loc":{"start":{"line":60,"column":39},"end":{"line":69,"column":1}},"line":60},"4":{"name":"(anonymous_4)","decl":{"start":{"line":71,"column":19},"end":{"line":71,"column":20}},"loc":{"start":{"line":71,"column":33},"end":{"line":88,"column":1}},"line":71},"5":{"name":"(anonymous_5)","decl":{"start":{"line":90,"column":16},"end":{"line":90,"column":17}},"loc":{"start":{"line":90,"column":34},"end":{"line":99,"column":1}},"line":90}},"branchMap":{"0":{"loc":{"start":{"line":32,"column":4},"end":{"line":34,"column":5}},"type":"if","locations":[{"start":{"line":32,"column":4},"end":{"line":34,"column":5}},{"start":{},"end":{}}],"line":32}},"s":{"0":1,"1":1,"2":1,"3":1,"4":0,"5":0,"6":0,"7":0,"8":0,"9":1,"10":0,"11":0,"12":0,"13":1,"14":0,"15":0,"16":0,"17":0,"18":0,"19":0,"20":0,"21":1,"22":0,"23":0,"24":0,"25":0,"26":0,"27":0,"28":1,"29":0,"30":0,"31":0,"32":0,"33":0,"34":0,"35":0,"36":0,"37":0,"38":1,"39":0,"40":0,"41":0,"42":0,"43":0,"44":0,"45":1},"f":{"0":0,"1":0,"2":0,"3":0,"4":0,"5":0},"b":{"0":[0,0]},"_coverageSchema":"1a1c01bbd47fc00a2c39e90264f33305004495a9","hash":"c126d68f2a8a8ef69983e1e7e4259e381b4034df"}
,"C:\\Users\\amyry\\Documents\\1_Classes\\6_2022_Q1\\6_CIT557\\project---design-hw1-group-3\\mongodb\\dbFollow&Comments.js": {"path":"C:\\Users\\amyry\\Documents\\1_Classes\\6_2022_Q1\\6_CIT557\\project---design-hw1-group-3\\mongodb\\dbFollow&Comments.js","statementMap":{"0":{"start":{"line":4,"column":24},"end":{"line":4,"column":42}},"1":{"start":{"line":7,"column":21},"end":{"line":7,"column":39}},"2":{"start":{"line":10,"column":14},"end":{"line":10,"column":120}},"3":{"start":{"line":14,"column":16},"end":{"line":27,"column":1}},"4":{"start":{"line":16,"column":2},"end":{"line":26,"column":3}},"5":{"start":{"line":17,"column":4},"end":{"line":20,"column":7}},"6":{"start":{"line":22,"column":4},"end":{"line":22,"column":73}},"7":{"start":{"line":23,"column":4},"end":{"line":23,"column":27}},"8":{"start":{"line":25,"column":4},"end":{"line":25,"column":29}},"9":{"start":{"line":33,"column":14},"end":{"line":39,"column":1}},"10":{"start":{"line":35,"column":2},"end":{"line":37,"column":3}},"11":{"start":{"line":36,"column":4},"end":{"line":36,"column":20}},"12":{"start":{"line":38,"column":2},"end":{"line":38,"column":30}},"13":{"start":{"line":45,"column":31},"end":{"line":47,"column":1}},"14":{"start":{"line":46,"column":2},"end":{"line":46,"column":32}},"15":{"start":{"line":49,"column":23},"end":{"line":60,"column":1}},"16":{"start":{"line":50,"column":2},"end":{"line":59,"column":3}},"17":{"start":{"line":52,"column":15},"end":{"line":52,"column":28}},"18":{"start":{"line":53,"column":15},"end":{"line":53,"column":75}},"19":{"start":{"line":54,"column":19},"end":{"line":54,"column":31}},"20":{"start":{"line":55,"column":4},"end":{"line":55,"column":59}},"21":{"start":{"line":56,"column":4},"end":{"line":56,"column":18}},"22":{"start":{"line":58,"column":4},"end":{"line":58,"column":41}},"23":{"start":{"line":62,"column":19},"end":{"line":81,"column":1}},"24":{"start":{"line":63,"column":2},"end":{"line":63,"column":28}},"25":{"start":{"line":64,"column":2},"end":{"line":64,"column":22}},"26":{"start":{"line":65,"column":2},"end":{"line":80,"column":3}},"27":{"start":{"line":67,"column":15},"end":{"line":67,"column":28}},"28":{"start":{"line":68,"column":19},"end":{"line":75,"column":5}},"29":{"start":{"line":76,"column":4},"end":{"line":76,"column":51}},"30":{"start":{"line":77,"column":4},"end":{"line":77,"column":18}},"31":{"start":{"line":79,"column":4},"end":{"line":79,"column":41}},"32":{"start":{"line":83,"column":21},"end":{"line":96,"column":1}},"33":{"start":{"line":84,"column":2},"end":{"line":95,"column":3}},"34":{"start":{"line":86,"column":15},"end":{"line":86,"column":28}},"35":{"start":{"line":87,"column":19},"end":{"line":90,"column":5}},"36":{"start":{"line":91,"column":4},"end":{"line":91,"column":52}},"37":{"start":{"line":92,"column":4},"end":{"line":92,"column":18}},"38":{"start":{"line":94,"column":4},"end":{"line":94,"column":41}},"39":{"start":{"line":98,"column":22},"end":{"line":109,"column":1}},"40":{"start":{"line":99,"column":2},"end":{"line":108,"column":3}},"41":{"start":{"line":101,"column":15},"end":{"line":101,"column":28}},"42":{"start":{"line":102,"column":18},"end":{"line":102,"column":121}},"43":{"start":{"line":103,"column":17},"end":{"line":103,"column":26}},"44":{"start":{"line":104,"column":4},"end":{"line":104,"column":52}},"45":{"start":{"line":105,"column":4},"end":{"line":105,"column":15}},"46":{"start":{"line":107,"column":4},"end":{"line":107,"column":41}},"47":{"start":{"line":111,"column":25},"end":{"line":121,"column":1}},"48":{"start":{"line":112,"column":2},"end":{"line":120,"column":3}},"49":{"start":{"line":114,"column":15},"end":{"line":114,"column":28}},"50":{"start":{"line":115,"column":19},"end":{"line":115,"column":81}},"51":{"start":{"line":116,"column":4},"end":{"line":116,"column":76}},"52":{"start":{"line":117,"column":4},"end":{"line":117,"column":35}},"53":{"start":{"line":119,"column":4},"end":{"line":119,"column":41}},"54":{"start":{"line":123,"column":26},"end":{"line":133,"column":1}},"55":{"start":{"line":124,"column":2},"end":{"line":132,"column":3}},"56":{"start":{"line":126,"column":15},"end":{"line":126,"column":28}},"57":{"start":{"line":127,"column":19},"end":{"line":127,"column":87}},"58":{"start":{"line":128,"column":4},"end":{"line":128,"column":69}},"59":{"start":{"line":129,"column":4},"end":{"line":129,"column":26}},"60":{"start":{"line":131,"column":4},"end":{"line":131,"column":41}},"61":{"start":{"line":135,"column":22},"end":{"line":145,"column":1}},"62":{"start":{"line":136,"column":2},"end":{"line":144,"column":3}},"63":{"start":{"line":138,"column":15},"end":{"line":138,"column":28}},"64":{"start":{"line":139,"column":19},"end":{"line":139,"column":74}},"65":{"start":{"line":140,"column":4},"end":{"line":140,"column":85}},"66":{"start":{"line":141,"column":4},"end":{"line":141,"column":29}},"67":{"start":{"line":143,"column":4},"end":{"line":143,"column":41}},"68":{"start":{"line":147,"column":28},"end":{"line":171,"column":1}},"69":{"start":{"line":148,"column":2},"end":{"line":170,"column":3}},"70":{"start":{"line":150,"column":15},"end":{"line":150,"column":28}},"71":{"start":{"line":152,"column":23},"end":{"line":152,"column":78}},"72":{"start":{"line":153,"column":4},"end":{"line":153,"column":46}},"73":{"start":{"line":155,"column":19},"end":{"line":165,"column":5}},"74":{"start":{"line":166,"column":4},"end":{"line":166,"column":58}},"75":{"start":{"line":167,"column":4},"end":{"line":167,"column":18}},"76":{"start":{"line":169,"column":4},"end":{"line":169,"column":41}},"77":{"start":{"line":173,"column":22},"end":{"line":190,"column":1}},"78":{"start":{"line":174,"column":2},"end":{"line":189,"column":3}},"79":{"start":{"line":176,"column":15},"end":{"line":176,"column":28}},"80":{"start":{"line":177,"column":4},"end":{"line":177,"column":24}},"81":{"start":{"line":178,"column":4},"end":{"line":178,"column":29}},"82":{"start":{"line":179,"column":4},"end":{"line":179,"column":32}},"83":{"start":{"line":180,"column":19},"end":{"line":184,"column":5}},"84":{"start":{"line":185,"column":4},"end":{"line":185,"column":23}},"85":{"start":{"line":186,"column":4},"end":{"line":186,"column":18}},"86":{"start":{"line":188,"column":4},"end":{"line":188,"column":41}},"87":{"start":{"line":220,"column":0},"end":{"line":233,"column":2}}},"fnMap":{"0":{"name":"(anonymous_0)","decl":{"start":{"line":14,"column":16},"end":{"line":14,"column":17}},"loc":{"start":{"line":14,"column":28},"end":{"line":27,"column":1}},"line":14},"1":{"name":"(anonymous_1)","decl":{"start":{"line":33,"column":14},"end":{"line":33,"column":15}},"loc":{"start":{"line":33,"column":26},"end":{"line":39,"column":1}},"line":33},"2":{"name":"(anonymous_2)","decl":{"start":{"line":45,"column":31},"end":{"line":45,"column":32}},"loc":{"start":{"line":45,"column":43},"end":{"line":47,"column":1}},"line":45},"3":{"name":"(anonymous_3)","decl":{"start":{"line":49,"column":23},"end":{"line":49,"column":24}},"loc":{"start":{"line":49,"column":41},"end":{"line":60,"column":1}},"line":49},"4":{"name":"(anonymous_4)","decl":{"start":{"line":62,"column":19},"end":{"line":62,"column":20}},"loc":{"start":{"line":62,"column":52},"end":{"line":81,"column":1}},"line":62},"5":{"name":"(anonymous_5)","decl":{"start":{"line":83,"column":21},"end":{"line":83,"column":22}},"loc":{"start":{"line":83,"column":54},"end":{"line":96,"column":1}},"line":83},"6":{"name":"(anonymous_6)","decl":{"start":{"line":98,"column":22},"end":{"line":98,"column":23}},"loc":{"start":{"line":98,"column":53},"end":{"line":109,"column":1}},"line":98},"7":{"name":"(anonymous_7)","decl":{"start":{"line":111,"column":25},"end":{"line":111,"column":26}},"loc":{"start":{"line":111,"column":43},"end":{"line":121,"column":1}},"line":111},"8":{"name":"(anonymous_8)","decl":{"start":{"line":123,"column":26},"end":{"line":123,"column":27}},"loc":{"start":{"line":123,"column":47},"end":{"line":133,"column":1}},"line":123},"9":{"name":"(anonymous_9)","decl":{"start":{"line":135,"column":22},"end":{"line":135,"column":23}},"loc":{"start":{"line":135,"column":47},"end":{"line":145,"column":1}},"line":135},"10":{"name":"(anonymous_10)","decl":{"start":{"line":147,"column":28},"end":{"line":147,"column":29}},"loc":{"start":{"line":147,"column":61},"end":{"line":171,"column":1}},"line":147},"11":{"name":"(anonymous_11)","decl":{"start":{"line":173,"column":22},"end":{"line":173,"column":23}},"loc":{"start":{"line":173,"column":57},"end":{"line":190,"column":1}},"line":173}},"branchMap":{"0":{"loc":{"start":{"line":35,"column":2},"end":{"line":37,"column":3}},"type":"if","locations":[{"start":{"line":35,"column":2},"end":{"line":37,"column":3}},{"start":{},"end":{}}],"line":35}},"s":{"0":1,"1":1,"2":1,"3":1,"4":0,"5":0,"6":0,"7":0,"8":0,"9":1,"10":0,"11":0,"12":0,"13":1,"14":0,"15":1,"16":0,"17":0,"18":0,"19":0,"20":0,"21":0,"22":0,"23":1,"24":0,"25":0,"26":0,"27":0,"28":0,"29":0,"30":0,"31":0,"32":1,"33":0,"34":0,"35":0,"36":0,"37":0,"38":0,"39":1,"40":0,"41":0,"42":0,"43":0,"44":0,"45":0,"46":0,"47":1,"48":0,"49":0,"50":0,"51":0,"52":0,"53":0,"54":1,"55":0,"56":0,"57":0,"58":0,"59":0,"60":0,"61":1,"62":0,"63":0,"64":0,"65":0,"66":0,"67":0,"68":1,"69":0,"70":0,"71":0,"72":0,"73":0,"74":0,"75":0,"76":0,"77":1,"78":0,"79":0,"80":0,"81":0,"82":0,"83":0,"84":0,"85":0,"86":0,"87":1},"f":{"0":0,"1":0,"2":0,"3":0,"4":0,"5":0,"6":0,"7":0,"8":0,"9":0,"10":0,"11":0},"b":{"0":[0,0]},"_coverageSchema":"1a1c01bbd47fc00a2c39e90264f33305004495a9","hash":"2244ff4e37bfe2486d95838efde3919bd4a3f831"}
,"C:\\Users\\amyry\\Documents\\1_Classes\\6_2022_Q1\\6_CIT557\\project---design-hw1-group-3\\mongodb\\dbLike.js": {"path":"C:\\Users\\amyry\\Documents\\1_Classes\\6_2022_Q1\\6_CIT557\\project---design-hw1-group-3\\mongodb\\dbLike.js","statementMap":{"0":{"start":{"line":2,"column":31},"end":{"line":2,"column":49}},"1":{"start":{"line":3,"column":24},"end":{"line":3,"column":42}},"2":{"start":{"line":4,"column":15},"end":{"line":4,"column":34}},"3":{"start":{"line":5,"column":20},"end":{"line":5,"column":39}},"4":{"start":{"line":8,"column":14},"end":{"line":8,"column":120}},"5":{"start":{"line":12,"column":16},"end":{"line":25,"column":1}},"6":{"start":{"line":14,"column":2},"end":{"line":24,"column":3}},"7":{"start":{"line":15,"column":4},"end":{"line":18,"column":7}},"8":{"start":{"line":20,"column":4},"end":{"line":20,"column":73}},"9":{"start":{"line":21,"column":4},"end":{"line":21,"column":27}},"10":{"start":{"line":23,"column":4},"end":{"line":23,"column":29}},"11":{"start":{"line":31,"column":14},"end":{"line":37,"column":1}},"12":{"start":{"line":33,"column":2},"end":{"line":35,"column":3}},"13":{"start":{"line":34,"column":4},"end":{"line":34,"column":20}},"14":{"start":{"line":36,"column":2},"end":{"line":36,"column":30}},"15":{"start":{"line":41,"column":21},"end":{"line":71,"column":1}},"16":{"start":{"line":42,"column":2},"end":{"line":70,"column":3}},"17":{"start":{"line":43,"column":4},"end":{"line":43,"column":43}},"18":{"start":{"line":63,"column":15},"end":{"line":63,"column":28}},"19":{"start":{"line":64,"column":4},"end":{"line":64,"column":24}},"20":{"start":{"line":65,"column":18},"end":{"line":65,"column":125}},"21":{"start":{"line":66,"column":4},"end":{"line":66,"column":23}},"22":{"start":{"line":67,"column":4},"end":{"line":67,"column":21}},"23":{"start":{"line":69,"column":4},"end":{"line":69,"column":23}},"24":{"start":{"line":73,"column":26},"end":{"line":94,"column":1}},"25":{"start":{"line":74,"column":2},"end":{"line":93,"column":3}},"26":{"start":{"line":75,"column":4},"end":{"line":75,"column":47}},"27":{"start":{"line":76,"column":15},"end":{"line":76,"column":28}},"28":{"start":{"line":77,"column":19},"end":{"line":87,"column":5}},"29":{"start":{"line":89,"column":4},"end":{"line":89,"column":66}},"30":{"start":{"line":90,"column":4},"end":{"line":90,"column":18}},"31":{"start":{"line":92,"column":4},"end":{"line":92,"column":23}},"32":{"start":{"line":96,"column":23},"end":{"line":112,"column":1}},"33":{"start":{"line":97,"column":2},"end":{"line":111,"column":3}},"34":{"start":{"line":98,"column":4},"end":{"line":98,"column":44}},"35":{"start":{"line":99,"column":15},"end":{"line":99,"column":28}},"36":{"start":{"line":100,"column":19},"end":{"line":105,"column":5}},"37":{"start":{"line":107,"column":4},"end":{"line":107,"column":63}},"38":{"start":{"line":108,"column":4},"end":{"line":108,"column":18}},"39":{"start":{"line":110,"column":4},"end":{"line":110,"column":23}},"40":{"start":{"line":114,"column":0},"end":{"line":119,"column":2}}},"fnMap":{"0":{"name":"(anonymous_0)","decl":{"start":{"line":12,"column":16},"end":{"line":12,"column":17}},"loc":{"start":{"line":12,"column":28},"end":{"line":25,"column":1}},"line":12},"1":{"name":"(anonymous_1)","decl":{"start":{"line":31,"column":14},"end":{"line":31,"column":15}},"loc":{"start":{"line":31,"column":26},"end":{"line":37,"column":1}},"line":31},"2":{"name":"(anonymous_2)","decl":{"start":{"line":41,"column":21},"end":{"line":41,"column":22}},"loc":{"start":{"line":41,"column":47},"end":{"line":71,"column":1}},"line":41},"3":{"name":"(anonymous_3)","decl":{"start":{"line":73,"column":26},"end":{"line":73,"column":27}},"loc":{"start":{"line":73,"column":52},"end":{"line":94,"column":1}},"line":73},"4":{"name":"(anonymous_4)","decl":{"start":{"line":96,"column":23},"end":{"line":96,"column":24}},"loc":{"start":{"line":96,"column":49},"end":{"line":112,"column":1}},"line":96}},"branchMap":{"0":{"loc":{"start":{"line":33,"column":2},"end":{"line":35,"column":3}},"type":"if","locations":[{"start":{"line":33,"column":2},"end":{"line":35,"column":3}},{"start":{},"end":{}}],"line":33}},"s":{"0":1,"1":1,"2":1,"3":1,"4":1,"5":1,"6":0,"7":0,"8":0,"9":0,"10":0,"11":1,"12":0,"13":0,"14":0,"15":1,"16":0,"17":0,"18":0,"19":0,"20":0,"21":0,"22":0,"23":0,"24":1,"25":0,"26":0,"27":0,"28":0,"29":0,"30":0,"31":0,"32":1,"33":0,"34":0,"35":0,"36":0,"37":0,"38":0,"39":0,"40":1},"f":{"0":0,"1":0,"2":0,"3":0,"4":0},"b":{"0":[0,0]},"_coverageSchema":"1a1c01bbd47fc00a2c39e90264f33305004495a9","hash":"f29ed948bffefdf35689f99140956a872385d5fa"}
,"C:\\Users\\amyry\\Documents\\1_Classes\\6_2022_Q1\\6_CIT557\\project---design-hw1-group-3\\mongodb\\dbPost.js": {"path":"C:\\Users\\amyry\\Documents\\1_Classes\\6_2022_Q1\\6_CIT557\\project---design-hw1-group-3\\mongodb\\dbPost.js","statementMap":{"0":{"start":{"line":1,"column":25},"end":{"line":1,"column":55}},"1":{"start":{"line":2,"column":15},"end":{"line":2,"column":34}},"2":{"start":{"line":3,"column":20},"end":{"line":3,"column":38}},"3":{"start":{"line":4,"column":24},"end":{"line":4,"column":42}},"4":{"start":{"line":7,"column":14},"end":{"line":7,"column":120}},"5":{"start":{"line":11,"column":16},"end":{"line":24,"column":1}},"6":{"start":{"line":13,"column":2},"end":{"line":23,"column":3}},"7":{"start":{"line":14,"column":4},"end":{"line":17,"column":7}},"8":{"start":{"line":19,"column":4},"end":{"line":19,"column":73}},"9":{"start":{"line":20,"column":4},"end":{"line":20,"column":27}},"10":{"start":{"line":22,"column":4},"end":{"line":22,"column":29}},"11":{"start":{"line":30,"column":14},"end":{"line":36,"column":1}},"12":{"start":{"line":32,"column":2},"end":{"line":34,"column":3}},"13":{"start":{"line":33,"column":4},"end":{"line":33,"column":20}},"14":{"start":{"line":35,"column":2},"end":{"line":35,"column":30}},"15":{"start":{"line":40,"column":17},"end":{"line":58,"column":1}},"16":{"start":{"line":41,"column":2},"end":{"line":57,"column":3}},"17":{"start":{"line":43,"column":22},"end":{"line":43,"column":31}},"18":{"start":{"line":44,"column":25},"end":{"line":44,"column":26}},"19":{"start":{"line":45,"column":16},"end":{"line":45,"column":18}},"20":{"start":{"line":47,"column":15},"end":{"line":47,"column":28}},"21":{"start":{"line":48,"column":4},"end":{"line":52,"column":39}},"22":{"start":{"line":52,"column":21},"end":{"line":52,"column":37}},"23":{"start":{"line":53,"column":4},"end":{"line":53,"column":23}},"24":{"start":{"line":54,"column":4},"end":{"line":54,"column":17}},"25":{"start":{"line":56,"column":4},"end":{"line":56,"column":41}},"26":{"start":{"line":60,"column":16},"end":{"line":69,"column":3}},"27":{"start":{"line":62,"column":4},"end":{"line":68,"column":5}},"28":{"start":{"line":64,"column":17},"end":{"line":64,"column":30}},"29":{"start":{"line":65,"column":6},"end":{"line":65,"column":81}},"30":{"start":{"line":67,"column":6},"end":{"line":67,"column":43}},"31":{"start":{"line":71,"column":23},"end":{"line":79,"column":3}},"32":{"start":{"line":72,"column":4},"end":{"line":78,"column":5}},"33":{"start":{"line":74,"column":17},"end":{"line":74,"column":30}},"34":{"start":{"line":75,"column":6},"end":{"line":75,"column":78}},"35":{"start":{"line":77,"column":6},"end":{"line":77,"column":43}},"36":{"start":{"line":81,"column":19},"end":{"line":93,"column":3}},"37":{"start":{"line":82,"column":4},"end":{"line":92,"column":5}},"38":{"start":{"line":84,"column":6},"end":{"line":84,"column":39}},"39":{"start":{"line":85,"column":17},"end":{"line":85,"column":30}},"40":{"start":{"line":86,"column":21},"end":{"line":86,"column":67}},"41":{"start":{"line":88,"column":6},"end":{"line":88,"column":58}},"42":{"start":{"line":89,"column":6},"end":{"line":89,"column":20}},"43":{"start":{"line":91,"column":6},"end":{"line":91,"column":43}},"44":{"start":{"line":118,"column":28},"end":{"line":139,"column":3}},"45":{"start":{"line":119,"column":4},"end":{"line":138,"column":5}},"46":{"start":{"line":121,"column":20},"end":{"line":121,"column":36}},"47":{"start":{"line":124,"column":29},"end":{"line":124,"column":31}},"48":{"start":{"line":126,"column":6},"end":{"line":131,"column":7}},"49":{"start":{"line":126,"column":18},"end":{"line":126,"column":19}},"50":{"start":{"line":127,"column":32},"end":{"line":127,"column":70}},"51":{"start":{"line":128,"column":8},"end":{"line":130,"column":9}},"52":{"start":{"line":129,"column":12},"end":{"line":129,"column":51}},"53":{"start":{"line":132,"column":6},"end":{"line":132,"column":72}},"54":{"start":{"line":134,"column":6},"end":{"line":134,"column":28}},"55":{"start":{"line":137,"column":6},"end":{"line":137,"column":43}},"56":{"start":{"line":141,"column":2},"end":{"line":149,"column":4}}},"fnMap":{"0":{"name":"(anonymous_0)","decl":{"start":{"line":11,"column":16},"end":{"line":11,"column":17}},"loc":{"start":{"line":11,"column":28},"end":{"line":24,"column":1}},"line":11},"1":{"name":"(anonymous_1)","decl":{"start":{"line":30,"column":14},"end":{"line":30,"column":15}},"loc":{"start":{"line":30,"column":26},"end":{"line":36,"column":1}},"line":30},"2":{"name":"(anonymous_2)","decl":{"start":{"line":40,"column":17},"end":{"line":40,"column":18}},"loc":{"start":{"line":40,"column":33},"end":{"line":58,"column":1}},"line":40},"3":{"name":"(anonymous_3)","decl":{"start":{"line":52,"column":13},"end":{"line":52,"column":14}},"loc":{"start":{"line":52,"column":21},"end":{"line":52,"column":37}},"line":52},"4":{"name":"(anonymous_4)","decl":{"start":{"line":60,"column":16},"end":{"line":60,"column":17}},"loc":{"start":{"line":60,"column":34},"end":{"line":69,"column":3}},"line":60},"5":{"name":"(anonymous_5)","decl":{"start":{"line":71,"column":23},"end":{"line":71,"column":24}},"loc":{"start":{"line":71,"column":43},"end":{"line":79,"column":3}},"line":71},"6":{"name":"(anonymous_6)","decl":{"start":{"line":81,"column":19},"end":{"line":81,"column":20}},"loc":{"start":{"line":81,"column":31},"end":{"line":93,"column":3}},"line":81},"7":{"name":"(anonymous_7)","decl":{"start":{"line":118,"column":28},"end":{"line":118,"column":29}},"loc":{"start":{"line":118,"column":40},"end":{"line":139,"column":3}},"line":118}},"branchMap":{"0":{"loc":{"start":{"line":32,"column":2},"end":{"line":34,"column":3}},"type":"if","locations":[{"start":{"line":32,"column":2},"end":{"line":34,"column":3}},{"start":{},"end":{}}],"line":32},"1":{"loc":{"start":{"line":43,"column":22},"end":{"line":43,"column":31}},"type":"binary-expr","locations":[{"start":{"line":43,"column":22},"end":{"line":43,"column":26}},{"start":{"line":43,"column":30},"end":{"line":43,"column":31}}],"line":43},"2":{"loc":{"start":{"line":128,"column":8},"end":{"line":130,"column":9}},"type":"if","locations":[{"start":{"line":128,"column":8},"end":{"line":130,"column":9}},{"start":{},"end":{}}],"line":128},"3":{"loc":{"start":{"line":128,"column":11},"end":{"line":128,"column":60}},"type":"binary-expr","locations":[{"start":{"line":128,"column":11},"end":{"line":128,"column":27}},{"start":{"line":128,"column":31},"end":{"line":128,"column":60}}],"line":128}},"s":{"0":1,"1":1,"2":1,"3":1,"4":1,"5":1,"6":0,"7":0,"8":0,"9":0,"10":0,"11":1,"12":0,"13":0,"14":0,"15":1,"16":0,"17":0,"18":0,"19":0,"20":0,"21":0,"22":0,"23":0,"24":0,"25":0,"26":1,"27":0,"28":0,"29":0,"30":0,"31":1,"32":0,"33":0,"34":0,"35":0,"36":1,"37":0,"38":0,"39":0,"40":0,"41":0,"42":0,"43":0,"44":1,"45":0,"46":0,"47":0,"48":0,"49":0,"50":0,"51":0,"52":0,"53":0,"54":0,"55":0,"56":1},"f":{"0":0,"1":0,"2":0,"3":0,"4":0,"5":0,"6":0,"7":0},"b":{"0":[0,0],"1":[0,0],"2":[0,0],"3":[0,0]},"_coverageSchema":"1a1c01bbd47fc00a2c39e90264f33305004495a9","hash":"679fb8f1772972e7d5e3c3d82b12336067c3ab69"}
,"C:\\Users\\amyry\\Documents\\1_Classes\\6_2022_Q1\\6_CIT557\\project---design-hw1-group-3\\mongodb\\dbUser.js": {"path":"C:\\Users\\amyry\\Documents\\1_Classes\\6_2022_Q1\\6_CIT557\\project---design-hw1-group-3\\mongodb\\dbUser.js","statementMap":{"0":{"start":{"line":4,"column":24},"end":{"line":4,"column":42}},"1":{"start":{"line":7,"column":21},"end":{"line":7,"column":39}},"2":{"start":{"line":10,"column":14},"end":{"line":10,"column":120}},"3":{"start":{"line":22,"column":16},"end":{"line":35,"column":1}},"4":{"start":{"line":24,"column":2},"end":{"line":34,"column":3}},"5":{"start":{"line":25,"column":4},"end":{"line":28,"column":7}},"6":{"start":{"line":30,"column":4},"end":{"line":30,"column":73}},"7":{"start":{"line":31,"column":4},"end":{"line":31,"column":27}},"8":{"start":{"line":33,"column":4},"end":{"line":33,"column":29}},"9":{"start":{"line":41,"column":14},"end":{"line":47,"column":1}},"10":{"start":{"line":43,"column":2},"end":{"line":45,"column":3}},"11":{"start":{"line":44,"column":4},"end":{"line":44,"column":20}},"12":{"start":{"line":46,"column":2},"end":{"line":46,"column":30}},"13":{"start":{"line":52,"column":32},"end":{"line":54,"column":1}},"14":{"start":{"line":53,"column":2},"end":{"line":53,"column":32}},"15":{"start":{"line":59,"column":19},"end":{"line":69,"column":1}},"16":{"start":{"line":61,"column":2},"end":{"line":68,"column":3}},"17":{"start":{"line":62,"column":15},"end":{"line":62,"column":28}},"18":{"start":{"line":63,"column":19},"end":{"line":63,"column":65}},"19":{"start":{"line":65,"column":4},"end":{"line":65,"column":29}},"20":{"start":{"line":67,"column":4},"end":{"line":67,"column":41}},"21":{"start":{"line":72,"column":20},"end":{"line":79,"column":1}},"22":{"start":{"line":73,"column":2},"end":{"line":78,"column":1}},"23":{"start":{"line":74,"column":15},"end":{"line":74,"column":28}},"24":{"start":{"line":75,"column":4},"end":{"line":75,"column":58}},"25":{"start":{"line":77,"column":4},"end":{"line":77,"column":23}},"26":{"start":{"line":82,"column":16},"end":{"line":89,"column":1}},"27":{"start":{"line":83,"column":2},"end":{"line":88,"column":3}},"28":{"start":{"line":84,"column":15},"end":{"line":84,"column":28}},"29":{"start":{"line":85,"column":4},"end":{"line":85,"column":74}},"30":{"start":{"line":87,"column":4},"end":{"line":87,"column":41}},"31":{"start":{"line":93,"column":23},"end":{"line":100,"column":1}},"32":{"start":{"line":94,"column":2},"end":{"line":99,"column":3}},"33":{"start":{"line":95,"column":15},"end":{"line":95,"column":28}},"34":{"start":{"line":96,"column":4},"end":{"line":96,"column":65}},"35":{"start":{"line":98,"column":4},"end":{"line":98,"column":41}},"36":{"start":{"line":103,"column":19},"end":{"line":113,"column":1}},"37":{"start":{"line":104,"column":2},"end":{"line":112,"column":3}},"38":{"start":{"line":105,"column":15},"end":{"line":105,"column":28}},"39":{"start":{"line":106,"column":4},"end":{"line":109,"column":6}},"40":{"start":{"line":111,"column":4},"end":{"line":111,"column":41}},"41":{"start":{"line":115,"column":19},"end":{"line":124,"column":1}},"42":{"start":{"line":116,"column":2},"end":{"line":123,"column":3}},"43":{"start":{"line":117,"column":15},"end":{"line":117,"column":28}},"44":{"start":{"line":118,"column":4},"end":{"line":120,"column":6}},"45":{"start":{"line":122,"column":4},"end":{"line":122,"column":42}},"46":{"start":{"line":128,"column":26},"end":{"line":143,"column":1}},"47":{"start":{"line":129,"column":2},"end":{"line":142,"column":3}},"48":{"start":{"line":130,"column":18},"end":{"line":130,"column":37}},"49":{"start":{"line":131,"column":17},"end":{"line":131,"column":19}},"50":{"start":{"line":132,"column":4},"end":{"line":138,"column":5}},"51":{"start":{"line":132,"column":17},"end":{"line":132,"column":18}},"52":{"start":{"line":133,"column":6},"end":{"line":133,"column":32}},"53":{"start":{"line":134,"column":28},"end":{"line":134,"column":81}},"54":{"start":{"line":135,"column":6},"end":{"line":137,"column":7}},"55":{"start":{"line":136,"column":8},"end":{"line":136,"column":28}},"56":{"start":{"line":139,"column":4},"end":{"line":139,"column":16}},"57":{"start":{"line":141,"column":4},"end":{"line":141,"column":23}},"58":{"start":{"line":147,"column":20},"end":{"line":159,"column":1}},"59":{"start":{"line":148,"column":15},"end":{"line":148,"column":36}},"60":{"start":{"line":149,"column":20},"end":{"line":149,"column":46}},"61":{"start":{"line":150,"column":2},"end":{"line":157,"column":3}},"62":{"start":{"line":151,"column":4},"end":{"line":155,"column":5}},"63":{"start":{"line":151,"column":17},"end":{"line":151,"column":18}},"64":{"start":{"line":152,"column":6},"end":{"line":154,"column":7}},"65":{"start":{"line":153,"column":8},"end":{"line":153,"column":20}},"66":{"start":{"line":156,"column":4},"end":{"line":156,"column":17}},"67":{"start":{"line":158,"column":2},"end":{"line":158,"column":15}},"68":{"start":{"line":161,"column":27},"end":{"line":170,"column":1}},"69":{"start":{"line":162,"column":20},"end":{"line":162,"column":46}},"70":{"start":{"line":163,"column":14},"end":{"line":163,"column":15}},"71":{"start":{"line":164,"column":2},"end":{"line":168,"column":3}},"72":{"start":{"line":164,"column":15},"end":{"line":164,"column":16}},"73":{"start":{"line":165,"column":4},"end":{"line":167,"column":5}},"74":{"start":{"line":166,"column":6},"end":{"line":166,"column":14}},"75":{"start":{"line":169,"column":2},"end":{"line":169,"column":20}},"76":{"start":{"line":209,"column":0},"end":{"line":213,"column":2}}},"fnMap":{"0":{"name":"(anonymous_0)","decl":{"start":{"line":22,"column":16},"end":{"line":22,"column":17}},"loc":{"start":{"line":22,"column":28},"end":{"line":35,"column":1}},"line":22},"1":{"name":"(anonymous_1)","decl":{"start":{"line":41,"column":14},"end":{"line":41,"column":15}},"loc":{"start":{"line":41,"column":26},"end":{"line":47,"column":1}},"line":41},"2":{"name":"(anonymous_2)","decl":{"start":{"line":52,"column":32},"end":{"line":52,"column":33}},"loc":{"start":{"line":52,"column":44},"end":{"line":54,"column":1}},"line":52},"3":{"name":"(anonymous_3)","decl":{"start":{"line":59,"column":19},"end":{"line":59,"column":20}},"loc":{"start":{"line":59,"column":38},"end":{"line":69,"column":1}},"line":59},"4":{"name":"(anonymous_4)","decl":{"start":{"line":72,"column":20},"end":{"line":72,"column":21}},"loc":{"start":{"line":72,"column":32},"end":{"line":79,"column":1}},"line":72},"5":{"name":"(anonymous_5)","decl":{"start":{"line":82,"column":16},"end":{"line":82,"column":17}},"loc":{"start":{"line":82,"column":34},"end":{"line":89,"column":1}},"line":82},"6":{"name":"(anonymous_6)","decl":{"start":{"line":93,"column":23},"end":{"line":93,"column":24}},"loc":{"start":{"line":93,"column":40},"end":{"line":100,"column":1}},"line":93},"7":{"name":"(anonymous_7)","decl":{"start":{"line":103,"column":19},"end":{"line":103,"column":20}},"loc":{"start":{"line":103,"column":50},"end":{"line":113,"column":1}},"line":103},"8":{"name":"(anonymous_8)","decl":{"start":{"line":115,"column":19},"end":{"line":115,"column":20}},"loc":{"start":{"line":115,"column":37},"end":{"line":124,"column":1}},"line":115},"9":{"name":"(anonymous_9)","decl":{"start":{"line":128,"column":26},"end":{"line":128,"column":27}},"loc":{"start":{"line":128,"column":44},"end":{"line":143,"column":1}},"line":128},"10":{"name":"(anonymous_10)","decl":{"start":{"line":147,"column":20},"end":{"line":147,"column":21}},"loc":{"start":{"line":147,"column":51},"end":{"line":159,"column":1}},"line":147},"11":{"name":"(anonymous_11)","decl":{"start":{"line":161,"column":27},"end":{"line":161,"column":28}},"loc":{"start":{"line":161,"column":58},"end":{"line":170,"column":1}},"line":161}},"branchMap":{"0":{"loc":{"start":{"line":43,"column":2},"end":{"line":45,"column":3}},"type":"if","locations":[{"start":{"line":43,"column":2},"end":{"line":45,"column":3}},{"start":{},"end":{}}],"line":43},"1":{"loc":{"start":{"line":135,"column":6},"end":{"line":137,"column":7}},"type":"if","locations":[{"start":{"line":135,"column":6},"end":{"line":137,"column":7}},{"start":{},"end":{}}],"line":135},"2":{"loc":{"start":{"line":135,"column":10},"end":{"line":135,"column":74}},"type":"binary-expr","locations":[{"start":{"line":135,"column":10},"end":{"line":135,"column":24}},{"start":{"line":135,"column":28},"end":{"line":135,"column":74}}],"line":135},"3":{"loc":{"start":{"line":150,"column":2},"end":{"line":157,"column":3}},"type":"if","locations":[{"start":{"line":150,"column":2},"end":{"line":157,"column":3}},{"start":{},"end":{}}],"line":150},"4":{"loc":{"start":{"line":152,"column":6},"end":{"line":154,"column":7}},"type":"if","locations":[{"start":{"line":152,"column":6},"end":{"line":154,"column":7}},{"start":{},"end":{}}],"line":152},"5":{"loc":{"start":{"line":165,"column":4},"end":{"line":167,"column":5}},"type":"if","locations":[{"start":{"line":165,"column":4},"end":{"line":167,"column":5}},{"start":{},"end":{}}],"line":165}},"s":{"0":1,"1":1,"2":1,"3":1,"4":1,"5":1,"6":1,"7":1,"8":0,"9":1,"10":1,"11":0,"12":1,"13":1,"14":1,"15":1,"16":1,"17":1,"18":1,"19":1,"20":0,"21":1,"22":0,"23":0,"24":0,"25":0,"26":1,"27":0,"28":0,"29":0,"30":0,"31":1,"32":0,"33":0,"34":0,"35":0,"36":1,"37":0,"38":0,"39":0,"40":0,"41":1,"42":0,"43":0,"44":0,"45":0,"46":1,"47":0,"48":0,"49":0,"50":0,"51":0,"52":0,"53":0,"54":0,"55":0,"56":0,"57":0,"58":1,"59":0,"60":0,"61":0,"62":0,"63":0,"64":0,"65":0,"66":0,"67":0,"68":1,"69":0,"70":0,"71":0,"72":0,"73":0,"74":0,"75":0,"76":1},"f":{"0":1,"1":1,"2":1,"3":1,"4":0,"5":0,"6":0,"7":0,"8":0,"9":0,"10":0,"11":0},"b":{"0":[0,1],"1":[0,0],"2":[0,0],"3":[0,0],"4":[0,0],"5":[0,0]},"_coverageSchema":"1a1c01bbd47fc00a2c39e90264f33305004495a9","hash":"dd7b9a70adb9c53519272616e70d189094b21c48"}
,"C:\\Users\\amyry\\Documents\\1_Classes\\6_2022_Q1\\6_CIT557\\project---design-hw1-group-3\\mongodb\\server.js": {"path":"C:\\Users\\amyry\\Documents\\1_Classes\\6_2022_Q1\\6_CIT557\\project---design-hw1-group-3\\mongodb\\server.js","statementMap":{"0":{"start":{"line":5,"column":16},"end":{"line":5,"column":34}},"1":{"start":{"line":7,"column":16},"end":{"line":7,"column":42}},"2":{"start":{"line":11,"column":13},"end":{"line":11,"column":28}},"3":{"start":{"line":14,"column":15},"end":{"line":14,"column":24}},"4":{"start":{"line":16,"column":0},"end":{"line":22,"column":2}},"5":{"start":{"line":25,"column":0},"end":{"line":25,"column":19}},"6":{"start":{"line":28,"column":0},"end":{"line":28,"column":27}},"7":{"start":{"line":31,"column":15},"end":{"line":31,"column":32}},"8":{"start":{"line":32,"column":12},"end":{"line":32,"column":35}},"9":{"start":{"line":33,"column":14},"end":{"line":33,"column":44}},"10":{"start":{"line":34,"column":18},"end":{"line":34,"column":37}},"11":{"start":{"line":35,"column":18},"end":{"line":35,"column":37}},"12":{"start":{"line":36,"column":19},"end":{"line":36,"column":44}},"13":{"start":{"line":39,"column":18},"end":{"line":39,"column":37}},"14":{"start":{"line":50,"column":0},"end":{"line":52,"column":3}},"15":{"start":{"line":51,"column":2},"end":{"line":51,"column":54}},"16":{"start":{"line":56,"column":0},"end":{"line":77,"column":3}},"17":{"start":{"line":57,"column":16},"end":{"line":57,"column":42}},"18":{"start":{"line":58,"column":2},"end":{"line":60,"column":3}},"19":{"start":{"line":59,"column":4},"end":{"line":59,"column":72}},"20":{"start":{"line":61,"column":2},"end":{"line":64,"column":3}},"21":{"start":{"line":62,"column":22},"end":{"line":62,"column":50}},"22":{"start":{"line":63,"column":4},"end":{"line":63,"column":46}},"23":{"start":{"line":65,"column":2},"end":{"line":76,"column":3}},"24":{"start":{"line":66,"column":4},"end":{"line":73,"column":7}},"25":{"start":{"line":67,"column":6},"end":{"line":72,"column":7}},"26":{"start":{"line":68,"column":8},"end":{"line":68,"column":64}},"27":{"start":{"line":70,"column":23},"end":{"line":70,"column":61}},"28":{"start":{"line":71,"column":8},"end":{"line":71,"column":25}},"29":{"start":{"line":75,"column":4},"end":{"line":75,"column":23}},"30":{"start":{"line":109,"column":0},"end":{"line":148,"column":3}},"31":{"start":{"line":111,"column":2},"end":{"line":114,"column":3}},"32":{"start":{"line":112,"column":4},"end":{"line":112,"column":64}},"33":{"start":{"line":113,"column":4},"end":{"line":113,"column":11}},"34":{"start":{"line":115,"column":2},"end":{"line":147,"column":3}},"35":{"start":{"line":117,"column":18},"end":{"line":117,"column":44}},"36":{"start":{"line":118,"column":4},"end":{"line":143,"column":5}},"37":{"start":{"line":119,"column":17},"end":{"line":119,"column":32}},"38":{"start":{"line":120,"column":30},"end":{"line":120,"column":83}},"39":{"start":{"line":121,"column":6},"end":{"line":125,"column":7}},"40":{"start":{"line":122,"column":8},"end":{"line":122,"column":70}},"41":{"start":{"line":124,"column":8},"end":{"line":124,"column":68}},"42":{"start":{"line":126,"column":6},"end":{"line":126,"column":35}},"43":{"start":{"line":128,"column":6},"end":{"line":142,"column":9}},"44":{"start":{"line":129,"column":8},"end":{"line":141,"column":9}},"45":{"start":{"line":130,"column":10},"end":{"line":130,"column":66}},"46":{"start":{"line":132,"column":25},"end":{"line":132,"column":32}},"47":{"start":{"line":133,"column":34},"end":{"line":133,"column":95}},"48":{"start":{"line":134,"column":10},"end":{"line":138,"column":11}},"49":{"start":{"line":135,"column":12},"end":{"line":135,"column":80}},"50":{"start":{"line":137,"column":12},"end":{"line":137,"column":82}},"51":{"start":{"line":140,"column":10},"end":{"line":140,"column":52}},"52":{"start":{"line":145,"column":4},"end":{"line":145,"column":57}},"53":{"start":{"line":146,"column":4},"end":{"line":146,"column":23}},"54":{"start":{"line":150,"column":0},"end":{"line":171,"column":3}},"55":{"start":{"line":151,"column":16},"end":{"line":151,"column":42}},"56":{"start":{"line":152,"column":2},"end":{"line":154,"column":3}},"57":{"start":{"line":153,"column":4},"end":{"line":153,"column":72}},"58":{"start":{"line":156,"column":2},"end":{"line":170,"column":3}},"59":{"start":{"line":157,"column":4},"end":{"line":167,"column":7}},"60":{"start":{"line":158,"column":6},"end":{"line":166,"column":7}},"61":{"start":{"line":159,"column":8},"end":{"line":159,"column":64}},"62":{"start":{"line":161,"column":24},"end":{"line":161,"column":56}},"63":{"start":{"line":162,"column":8},"end":{"line":162,"column":33}},"64":{"start":{"line":163,"column":8},"end":{"line":163,"column":37}},"65":{"start":{"line":164,"column":8},"end":{"line":164,"column":44}},"66":{"start":{"line":165,"column":8},"end":{"line":165,"column":25}},"67":{"start":{"line":169,"column":4},"end":{"line":169,"column":23}},"68":{"start":{"line":175,"column":0},"end":{"line":184,"column":3}},"69":{"start":{"line":176,"column":2},"end":{"line":183,"column":3}},"70":{"start":{"line":178,"column":20},"end":{"line":178,"column":63}},"71":{"start":{"line":180,"column":4},"end":{"line":180,"column":44}},"72":{"start":{"line":182,"column":4},"end":{"line":182,"column":57}},"73":{"start":{"line":187,"column":0},"end":{"line":200,"column":3}},"74":{"start":{"line":188,"column":2},"end":{"line":199,"column":3}},"75":{"start":{"line":190,"column":20},"end":{"line":190,"column":64}},"76":{"start":{"line":192,"column":4},"end":{"line":195,"column":5}},"77":{"start":{"line":193,"column":6},"end":{"line":193,"column":57}},"78":{"start":{"line":194,"column":6},"end":{"line":194,"column":13}},"79":{"start":{"line":196,"column":4},"end":{"line":196,"column":44}},"80":{"start":{"line":198,"column":4},"end":{"line":198,"column":57}},"81":{"start":{"line":203,"column":0},"end":{"line":223,"column":3}},"82":{"start":{"line":205,"column":2},"end":{"line":208,"column":3}},"83":{"start":{"line":206,"column":4},"end":{"line":206,"column":90}},"84":{"start":{"line":207,"column":4},"end":{"line":207,"column":11}},"85":{"start":{"line":209,"column":2},"end":{"line":222,"column":3}},"86":{"start":{"line":211,"column":23},"end":{"line":216,"column":5}},"87":{"start":{"line":217,"column":19},"end":{"line":217,"column":56}},"88":{"start":{"line":219,"column":4},"end":{"line":219,"column":66}},"89":{"start":{"line":221,"column":4},"end":{"line":221,"column":57}},"90":{"start":{"line":226,"column":0},"end":{"line":246,"column":3}},"91":{"start":{"line":228,"column":2},"end":{"line":231,"column":3}},"92":{"start":{"line":229,"column":4},"end":{"line":229,"column":90}},"93":{"start":{"line":230,"column":4},"end":{"line":230,"column":11}},"94":{"start":{"line":232,"column":2},"end":{"line":245,"column":3}},"95":{"start":{"line":234,"column":23},"end":{"line":239,"column":5}},"96":{"start":{"line":240,"column":19},"end":{"line":240,"column":77}},"97":{"start":{"line":242,"column":4},"end":{"line":242,"column":66}},"98":{"start":{"line":244,"column":4},"end":{"line":244,"column":57}},"99":{"start":{"line":249,"column":0},"end":{"line":265,"column":3}},"100":{"start":{"line":255,"column":2},"end":{"line":255,"column":56}},"101":{"start":{"line":256,"column":2},"end":{"line":256,"column":54}},"102":{"start":{"line":257,"column":2},"end":{"line":257,"column":60}},"103":{"start":{"line":258,"column":2},"end":{"line":264,"column":3}},"104":{"start":{"line":259,"column":19},"end":{"line":259,"column":105}},"105":{"start":{"line":261,"column":4},"end":{"line":261,"column":46}},"106":{"start":{"line":263,"column":4},"end":{"line":263,"column":57}},"107":{"start":{"line":268,"column":0},"end":{"line":279,"column":3}},"108":{"start":{"line":269,"column":2},"end":{"line":278,"column":3}},"109":{"start":{"line":271,"column":20},"end":{"line":271,"column":61}},"110":{"start":{"line":275,"column":4},"end":{"line":275,"column":44}},"111":{"start":{"line":277,"column":4},"end":{"line":277,"column":57}},"112":{"start":{"line":309,"column":0},"end":{"line":321,"column":3}},"113":{"start":{"line":310,"column":2},"end":{"line":320,"column":3}},"114":{"start":{"line":311,"column":19},"end":{"line":311,"column":61}},"115":{"start":{"line":312,"column":4},"end":{"line":315,"column":5}},"116":{"start":{"line":313,"column":6},"end":{"line":313,"column":64}},"117":{"start":{"line":314,"column":6},"end":{"line":314,"column":13}},"118":{"start":{"line":317,"column":4},"end":{"line":317,"column":46}},"119":{"start":{"line":319,"column":4},"end":{"line":319,"column":57}},"120":{"start":{"line":323,"column":0},"end":{"line":336,"column":3}},"121":{"start":{"line":324,"column":2},"end":{"line":335,"column":3}},"122":{"start":{"line":326,"column":20},"end":{"line":326,"column":58}},"123":{"start":{"line":328,"column":4},"end":{"line":331,"column":5}},"124":{"start":{"line":329,"column":6},"end":{"line":329,"column":54}},"125":{"start":{"line":330,"column":6},"end":{"line":330,"column":13}},"126":{"start":{"line":332,"column":4},"end":{"line":332,"column":44}},"127":{"start":{"line":334,"column":4},"end":{"line":334,"column":57}},"128":{"start":{"line":338,"column":0},"end":{"line":346,"column":3}},"129":{"start":{"line":339,"column":2},"end":{"line":345,"column":3}},"130":{"start":{"line":341,"column":20},"end":{"line":341,"column":69}},"131":{"start":{"line":342,"column":4},"end":{"line":342,"column":44}},"132":{"start":{"line":344,"column":4},"end":{"line":344,"column":57}},"133":{"start":{"line":349,"column":0},"end":{"line":360,"column":3}},"134":{"start":{"line":350,"column":2},"end":{"line":359,"column":3}},"135":{"start":{"line":352,"column":20},"end":{"line":352,"column":46}},"136":{"start":{"line":356,"column":4},"end":{"line":356,"column":44}},"137":{"start":{"line":358,"column":4},"end":{"line":358,"column":57}},"138":{"start":{"line":362,"column":0},"end":{"line":373,"column":3}},"139":{"start":{"line":363,"column":2},"end":{"line":372,"column":3}},"140":{"start":{"line":365,"column":20},"end":{"line":365,"column":55}},"141":{"start":{"line":369,"column":4},"end":{"line":369,"column":44}},"142":{"start":{"line":371,"column":4},"end":{"line":371,"column":57}},"143":{"start":{"line":376,"column":0},"end":{"line":387,"column":3}},"144":{"start":{"line":377,"column":2},"end":{"line":386,"column":3}},"145":{"start":{"line":379,"column":20},"end":{"line":379,"column":82}},"146":{"start":{"line":383,"column":4},"end":{"line":383,"column":34}},"147":{"start":{"line":385,"column":4},"end":{"line":385,"column":57}},"148":{"start":{"line":390,"column":0},"end":{"line":400,"column":3}},"149":{"start":{"line":391,"column":2},"end":{"line":391,"column":49}},"150":{"start":{"line":393,"column":27},"end":{"line":393,"column":35}},"151":{"start":{"line":394,"column":2},"end":{"line":399,"column":3}},"152":{"start":{"line":395,"column":19},"end":{"line":395,"column":86}},"153":{"start":{"line":396,"column":4},"end":{"line":396,"column":46}},"154":{"start":{"line":398,"column":4},"end":{"line":398,"column":57}},"155":{"start":{"line":403,"column":0},"end":{"line":410,"column":3}},"156":{"start":{"line":404,"column":2},"end":{"line":409,"column":3}},"157":{"start":{"line":405,"column":19},"end":{"line":405,"column":83}},"158":{"start":{"line":406,"column":4},"end":{"line":406,"column":46}},"159":{"start":{"line":408,"column":4},"end":{"line":408,"column":57}},"160":{"start":{"line":413,"column":0},"end":{"line":443,"column":3}},"161":{"start":{"line":416,"column":2},"end":{"line":419,"column":3}},"162":{"start":{"line":417,"column":4},"end":{"line":417,"column":105}},"163":{"start":{"line":418,"column":4},"end":{"line":418,"column":11}},"164":{"start":{"line":420,"column":2},"end":{"line":442,"column":3}},"165":{"start":{"line":422,"column":4},"end":{"line":422,"column":50}},"166":{"start":{"line":423,"column":4},"end":{"line":427,"column":5}},"167":{"start":{"line":424,"column":6},"end":{"line":424,"column":72}},"168":{"start":{"line":426,"column":6},"end":{"line":426,"column":42}},"169":{"start":{"line":429,"column":20},"end":{"line":436,"column":5}},"170":{"start":{"line":437,"column":19},"end":{"line":437,"column":54}},"171":{"start":{"line":439,"column":4},"end":{"line":439,"column":63}},"172":{"start":{"line":441,"column":4},"end":{"line":441,"column":57}},"173":{"start":{"line":446,"column":0},"end":{"line":457,"column":3}},"174":{"start":{"line":450,"column":2},"end":{"line":456,"column":3}},"175":{"start":{"line":451,"column":19},"end":{"line":451,"column":60}},"176":{"start":{"line":453,"column":4},"end":{"line":453,"column":47}},"177":{"start":{"line":455,"column":4},"end":{"line":455,"column":60}},"178":{"start":{"line":460,"column":0},"end":{"line":475,"column":3}},"179":{"start":{"line":462,"column":2},"end":{"line":465,"column":3}},"180":{"start":{"line":463,"column":4},"end":{"line":463,"column":58}},"181":{"start":{"line":464,"column":4},"end":{"line":464,"column":11}},"182":{"start":{"line":468,"column":2},"end":{"line":474,"column":3}},"183":{"start":{"line":469,"column":19},"end":{"line":469,"column":79}},"184":{"start":{"line":471,"column":4},"end":{"line":471,"column":47}},"185":{"start":{"line":473,"column":4},"end":{"line":473,"column":60}},"186":{"start":{"line":478,"column":0},"end":{"line":485,"column":3}},"187":{"start":{"line":479,"column":2},"end":{"line":484,"column":3}},"188":{"start":{"line":480,"column":19},"end":{"line":480,"column":48}},"189":{"start":{"line":481,"column":4},"end":{"line":481,"column":43}},"190":{"start":{"line":483,"column":4},"end":{"line":483,"column":60}},"191":{"start":{"line":488,"column":0},"end":{"line":495,"column":3}},"192":{"start":{"line":489,"column":2},"end":{"line":494,"column":3}},"193":{"start":{"line":490,"column":19},"end":{"line":490,"column":57}},"194":{"start":{"line":491,"column":4},"end":{"line":491,"column":43}},"195":{"start":{"line":493,"column":4},"end":{"line":493,"column":57}},"196":{"start":{"line":497,"column":0},"end":{"line":527,"column":3}},"197":{"start":{"line":498,"column":30},"end":{"line":498,"column":38}},"198":{"start":{"line":499,"column":2},"end":{"line":501,"column":3}},"199":{"start":{"line":500,"column":4},"end":{"line":500,"column":67}},"200":{"start":{"line":502,"column":15},"end":{"line":502,"column":52}},"201":{"start":{"line":503,"column":2},"end":{"line":505,"column":3}},"202":{"start":{"line":504,"column":4},"end":{"line":504,"column":55}},"203":{"start":{"line":506,"column":2},"end":{"line":526,"column":5}},"204":{"start":{"line":507,"column":4},"end":{"line":509,"column":5}},"205":{"start":{"line":508,"column":6},"end":{"line":508,"column":60}},"206":{"start":{"line":510,"column":4},"end":{"line":525,"column":5}},"207":{"start":{"line":512,"column":6},"end":{"line":522,"column":9}},"208":{"start":{"line":513,"column":8},"end":{"line":513,"column":27}},"209":{"start":{"line":513,"column":17},"end":{"line":513,"column":27}},"210":{"start":{"line":514,"column":8},"end":{"line":514,"column":34}},"211":{"start":{"line":515,"column":8},"end":{"line":521,"column":11}},"212":{"start":{"line":524,"column":6},"end":{"line":524,"column":57}},"213":{"start":{"line":530,"column":0},"end":{"line":563,"column":3}},"214":{"start":{"line":531,"column":40},"end":{"line":531,"column":48}},"215":{"start":{"line":532,"column":2},"end":{"line":534,"column":3}},"216":{"start":{"line":533,"column":4},"end":{"line":533,"column":70}},"217":{"start":{"line":535,"column":15},"end":{"line":535,"column":52}},"218":{"start":{"line":536,"column":2},"end":{"line":538,"column":3}},"219":{"start":{"line":537,"column":4},"end":{"line":537,"column":61}},"220":{"start":{"line":539,"column":15},"end":{"line":539,"column":39}},"221":{"start":{"line":540,"column":15},"end":{"line":540,"column":48}},"222":{"start":{"line":541,"column":18},"end":{"line":550,"column":3}},"223":{"start":{"line":551,"column":17},"end":{"line":551,"column":52}},"224":{"start":{"line":552,"column":2},"end":{"line":562,"column":5}},"225":{"start":{"line":553,"column":4},"end":{"line":553,"column":23}},"226":{"start":{"line":553,"column":13},"end":{"line":553,"column":23}},"227":{"start":{"line":554,"column":4},"end":{"line":554,"column":30}},"228":{"start":{"line":555,"column":4},"end":{"line":561,"column":7}},"229":{"start":{"line":565,"column":0},"end":{"line":575,"column":3}},"230":{"start":{"line":567,"column":15},"end":{"line":567,"column":23}},"231":{"start":{"line":568,"column":2},"end":{"line":574,"column":3}},"232":{"start":{"line":569,"column":19},"end":{"line":569,"column":52}},"233":{"start":{"line":570,"column":4},"end":{"line":570,"column":60}},"234":{"start":{"line":571,"column":4},"end":{"line":571,"column":11}},"235":{"start":{"line":573,"column":4},"end":{"line":573,"column":60}},"236":{"start":{"line":578,"column":0},"end":{"line":595,"column":3}},"237":{"start":{"line":579,"column":16},"end":{"line":579,"column":42}},"238":{"start":{"line":580,"column":2},"end":{"line":582,"column":3}},"239":{"start":{"line":581,"column":4},"end":{"line":581,"column":50}},"240":{"start":{"line":583,"column":2},"end":{"line":594,"column":3}},"241":{"start":{"line":584,"column":4},"end":{"line":591,"column":7}},"242":{"start":{"line":585,"column":6},"end":{"line":589,"column":7}},"243":{"start":{"line":586,"column":8},"end":{"line":586,"column":59}},"244":{"start":{"line":587,"column":8},"end":{"line":587,"column":27}},"245":{"start":{"line":588,"column":8},"end":{"line":588,"column":15}},"246":{"start":{"line":590,"column":6},"end":{"line":590,"column":55}},"247":{"start":{"line":593,"column":4},"end":{"line":593,"column":55}},"248":{"start":{"line":597,"column":0},"end":{"line":659,"column":3}},"249":{"start":{"line":599,"column":16},"end":{"line":599,"column":42}},"250":{"start":{"line":600,"column":2},"end":{"line":603,"column":3}},"251":{"start":{"line":601,"column":4},"end":{"line":601,"column":72}},"252":{"start":{"line":602,"column":4},"end":{"line":602,"column":11}},"253":{"start":{"line":604,"column":2},"end":{"line":658,"column":3}},"254":{"start":{"line":605,"column":24},"end":{"line":605,"column":32}},"255":{"start":{"line":606,"column":19},"end":{"line":606,"column":29}},"256":{"start":{"line":607,"column":4},"end":{"line":610,"column":5}},"257":{"start":{"line":608,"column":6},"end":{"line":608,"column":58}},"258":{"start":{"line":609,"column":6},"end":{"line":609,"column":13}},"259":{"start":{"line":611,"column":19},"end":{"line":611,"column":63}},"260":{"start":{"line":612,"column":4},"end":{"line":612,"column":43}},"261":{"start":{"line":615,"column":4},"end":{"line":657,"column":5}},"262":{"start":{"line":616,"column":6},"end":{"line":654,"column":9}},"263":{"start":{"line":617,"column":8},"end":{"line":621,"column":9}},"264":{"start":{"line":618,"column":10},"end":{"line":618,"column":61}},"265":{"start":{"line":619,"column":10},"end":{"line":619,"column":29}},"266":{"start":{"line":620,"column":10},"end":{"line":620,"column":17}},"267":{"start":{"line":622,"column":21},"end":{"line":622,"column":56}},"268":{"start":{"line":623,"column":8},"end":{"line":626,"column":9}},"269":{"start":{"line":624,"column":10},"end":{"line":624,"column":60}},"270":{"start":{"line":625,"column":10},"end":{"line":625,"column":17}},"271":{"start":{"line":627,"column":21},"end":{"line":627,"column":60}},"272":{"start":{"line":628,"column":8},"end":{"line":631,"column":9}},"273":{"start":{"line":629,"column":10},"end":{"line":629,"column":63}},"274":{"start":{"line":630,"column":10},"end":{"line":630,"column":17}},"275":{"start":{"line":638,"column":28},"end":{"line":646,"column":9}},"276":{"start":{"line":647,"column":23},"end":{"line":647,"column":33}},"277":{"start":{"line":648,"column":8},"end":{"line":651,"column":9}},"278":{"start":{"line":649,"column":10},"end":{"line":649,"column":62}},"279":{"start":{"line":650,"column":10},"end":{"line":650,"column":17}},"280":{"start":{"line":652,"column":23},"end":{"line":652,"column":67}},"281":{"start":{"line":653,"column":8},"end":{"line":653,"column":47}},"282":{"start":{"line":656,"column":6},"end":{"line":656,"column":25}},"283":{"start":{"line":661,"column":0},"end":{"line":684,"column":3}},"284":{"start":{"line":662,"column":16},"end":{"line":662,"column":42}},"285":{"start":{"line":663,"column":2},"end":{"line":666,"column":3}},"286":{"start":{"line":664,"column":4},"end":{"line":664,"column":50}},"287":{"start":{"line":665,"column":4},"end":{"line":665,"column":11}},"288":{"start":{"line":667,"column":2},"end":{"line":683,"column":3}},"289":{"start":{"line":668,"column":4},"end":{"line":680,"column":7}},"290":{"start":{"line":669,"column":6},"end":{"line":673,"column":7}},"291":{"start":{"line":670,"column":8},"end":{"line":670,"column":59}},"292":{"start":{"line":671,"column":8},"end":{"line":671,"column":27}},"293":{"start":{"line":672,"column":8},"end":{"line":672,"column":15}},"294":{"start":{"line":674,"column":19},"end":{"line":674,"column":54}},"295":{"start":{"line":675,"column":6},"end":{"line":678,"column":7}},"296":{"start":{"line":676,"column":8},"end":{"line":676,"column":58}},"297":{"start":{"line":677,"column":8},"end":{"line":677,"column":15}},"298":{"start":{"line":679,"column":6},"end":{"line":679,"column":43}},"299":{"start":{"line":682,"column":4},"end":{"line":682,"column":23}},"300":{"start":{"line":686,"column":0},"end":{"line":691,"column":3}},"301":{"start":{"line":687,"column":21},"end":{"line":687,"column":29}},"302":{"start":{"line":688,"column":26},"end":{"line":688,"column":34}},"303":{"start":{"line":689,"column":17},"end":{"line":689,"column":65}},"304":{"start":{"line":690,"column":2},"end":{"line":690,"column":41}},"305":{"start":{"line":693,"column":0},"end":{"line":697,"column":3}},"306":{"start":{"line":694,"column":21},"end":{"line":694,"column":29}},"307":{"start":{"line":695,"column":17},"end":{"line":695,"column":58}},"308":{"start":{"line":696,"column":2},"end":{"line":696,"column":41}},"309":{"start":{"line":700,"column":0},"end":{"line":702,"column":3}},"310":{"start":{"line":701,"column":2},"end":{"line":701,"column":55}},"311":{"start":{"line":705,"column":0},"end":{"line":705,"column":24}}},"fnMap":{"0":{"name":"(anonymous_0)","decl":{"start":{"line":50,"column":16},"end":{"line":50,"column":17}},"loc":{"start":{"line":50,"column":31},"end":{"line":52,"column":1}},"line":50},"1":{"name":"(anonymous_1)","decl":{"start":{"line":56,"column":29},"end":{"line":56,"column":30}},"loc":{"start":{"line":56,"column":49},"end":{"line":77,"column":1}},"line":56},"2":{"name":"(anonymous_2)","decl":{"start":{"line":66,"column":43},"end":{"line":66,"column":44}},"loc":{"start":{"line":66,"column":67},"end":{"line":73,"column":5}},"line":66},"3":{"name":"(anonymous_3)","decl":{"start":{"line":109,"column":29},"end":{"line":109,"column":30}},"loc":{"start":{"line":109,"column":49},"end":{"line":148,"column":1}},"line":109},"4":{"name":"(anonymous_4)","decl":{"start":{"line":128,"column":39},"end":{"line":128,"column":40}},"loc":{"start":{"line":128,"column":63},"end":{"line":142,"column":7}},"line":128},"5":{"name":"(anonymous_5)","decl":{"start":{"line":150,"column":24},"end":{"line":150,"column":25}},"loc":{"start":{"line":150,"column":44},"end":{"line":171,"column":1}},"line":150},"6":{"name":"(anonymous_6)","decl":{"start":{"line":157,"column":43},"end":{"line":157,"column":44}},"loc":{"start":{"line":157,"column":67},"end":{"line":167,"column":5}},"line":157},"7":{"name":"(anonymous_7)","decl":{"start":{"line":175,"column":32},"end":{"line":175,"column":33}},"loc":{"start":{"line":175,"column":52},"end":{"line":184,"column":1}},"line":175},"8":{"name":"(anonymous_8)","decl":{"start":{"line":187,"column":28},"end":{"line":187,"column":29}},"loc":{"start":{"line":187,"column":48},"end":{"line":200,"column":1}},"line":187},"9":{"name":"(anonymous_9)","decl":{"start":{"line":203,"column":25},"end":{"line":203,"column":26}},"loc":{"start":{"line":203,"column":45},"end":{"line":223,"column":1}},"line":203},"10":{"name":"(anonymous_10)","decl":{"start":{"line":226,"column":33},"end":{"line":226,"column":34}},"loc":{"start":{"line":226,"column":53},"end":{"line":246,"column":1}},"line":226},"11":{"name":"(anonymous_11)","decl":{"start":{"line":249,"column":52},"end":{"line":249,"column":53}},"loc":{"start":{"line":249,"column":72},"end":{"line":265,"column":1}},"line":249},"12":{"name":"(anonymous_12)","decl":{"start":{"line":268,"column":26},"end":{"line":268,"column":27}},"loc":{"start":{"line":268,"column":46},"end":{"line":279,"column":1}},"line":268},"13":{"name":"(anonymous_13)","decl":{"start":{"line":309,"column":27},"end":{"line":309,"column":28}},"loc":{"start":{"line":309,"column":47},"end":{"line":321,"column":1}},"line":309},"14":{"name":"(anonymous_14)","decl":{"start":{"line":323,"column":24},"end":{"line":323,"column":25}},"loc":{"start":{"line":323,"column":44},"end":{"line":336,"column":1}},"line":323},"15":{"name":"(anonymous_15)","decl":{"start":{"line":338,"column":35},"end":{"line":338,"column":36}},"loc":{"start":{"line":338,"column":55},"end":{"line":346,"column":1}},"line":338},"16":{"name":"(anonymous_16)","decl":{"start":{"line":349,"column":21},"end":{"line":349,"column":22}},"loc":{"start":{"line":349,"column":41},"end":{"line":360,"column":1}},"line":349},"17":{"name":"(anonymous_17)","decl":{"start":{"line":362,"column":32},"end":{"line":362,"column":33}},"loc":{"start":{"line":362,"column":52},"end":{"line":373,"column":1}},"line":362},"18":{"name":"(anonymous_18)","decl":{"start":{"line":376,"column":28},"end":{"line":376,"column":29}},"loc":{"start":{"line":376,"column":48},"end":{"line":387,"column":1}},"line":376},"19":{"name":"(anonymous_19)","decl":{"start":{"line":390,"column":24},"end":{"line":390,"column":25}},"loc":{"start":{"line":390,"column":44},"end":{"line":400,"column":1}},"line":390},"20":{"name":"(anonymous_20)","decl":{"start":{"line":403,"column":26},"end":{"line":403,"column":27}},"loc":{"start":{"line":403,"column":46},"end":{"line":410,"column":1}},"line":403},"21":{"name":"(anonymous_21)","decl":{"start":{"line":413,"column":22},"end":{"line":413,"column":23}},"loc":{"start":{"line":413,"column":42},"end":{"line":443,"column":1}},"line":413},"22":{"name":"(anonymous_22)","decl":{"start":{"line":446,"column":27},"end":{"line":446,"column":28}},"loc":{"start":{"line":446,"column":47},"end":{"line":457,"column":1}},"line":446},"23":{"name":"(anonymous_23)","decl":{"start":{"line":460,"column":24},"end":{"line":460,"column":25}},"loc":{"start":{"line":460,"column":44},"end":{"line":475,"column":1}},"line":460},"24":{"name":"(anonymous_24)","decl":{"start":{"line":478,"column":24},"end":{"line":478,"column":25}},"loc":{"start":{"line":478,"column":44},"end":{"line":485,"column":1}},"line":478},"25":{"name":"(anonymous_25)","decl":{"start":{"line":488,"column":24},"end":{"line":488,"column":25}},"loc":{"start":{"line":488,"column":44},"end":{"line":495,"column":1}},"line":488},"26":{"name":"(anonymous_26)","decl":{"start":{"line":497,"column":22},"end":{"line":497,"column":23}},"loc":{"start":{"line":497,"column":42},"end":{"line":527,"column":1}},"line":497},"27":{"name":"(anonymous_27)","decl":{"start":{"line":506,"column":42},"end":{"line":506,"column":43}},"loc":{"start":{"line":506,"column":59},"end":{"line":526,"column":3}},"line":506},"28":{"name":"(anonymous_28)","decl":{"start":{"line":512,"column":65},"end":{"line":512,"column":66}},"loc":{"start":{"line":512,"column":81},"end":{"line":522,"column":7}},"line":512},"29":{"name":"(anonymous_29)","decl":{"start":{"line":530,"column":23},"end":{"line":530,"column":24}},"loc":{"start":{"line":530,"column":43},"end":{"line":563,"column":1}},"line":530},"30":{"name":"(anonymous_30)","decl":{"start":{"line":552,"column":59},"end":{"line":552,"column":60}},"loc":{"start":{"line":552,"column":75},"end":{"line":562,"column":3}},"line":552},"31":{"name":"(anonymous_31)","decl":{"start":{"line":565,"column":21},"end":{"line":565,"column":22}},"loc":{"start":{"line":565,"column":41},"end":{"line":575,"column":1}},"line":565},"32":{"name":"(anonymous_32)","decl":{"start":{"line":578,"column":26},"end":{"line":578,"column":27}},"loc":{"start":{"line":578,"column":46},"end":{"line":595,"column":1}},"line":578},"33":{"name":"(anonymous_33)","decl":{"start":{"line":584,"column":37},"end":{"line":584,"column":38}},"loc":{"start":{"line":584,"column":55},"end":{"line":591,"column":5}},"line":584},"34":{"name":"(anonymous_34)","decl":{"start":{"line":597,"column":24},"end":{"line":597,"column":25}},"loc":{"start":{"line":597,"column":44},"end":{"line":659,"column":1}},"line":597},"35":{"name":"(anonymous_35)","decl":{"start":{"line":616,"column":45},"end":{"line":616,"column":46}},"loc":{"start":{"line":616,"column":69},"end":{"line":654,"column":7}},"line":616},"36":{"name":"(anonymous_36)","decl":{"start":{"line":661,"column":28},"end":{"line":661,"column":29}},"loc":{"start":{"line":661,"column":48},"end":{"line":684,"column":1}},"line":661},"37":{"name":"(anonymous_37)","decl":{"start":{"line":668,"column":37},"end":{"line":668,"column":38}},"loc":{"start":{"line":668,"column":61},"end":{"line":680,"column":5}},"line":668},"38":{"name":"(anonymous_38)","decl":{"start":{"line":686,"column":32},"end":{"line":686,"column":33}},"loc":{"start":{"line":686,"column":52},"end":{"line":691,"column":1}},"line":686},"39":{"name":"(anonymous_39)","decl":{"start":{"line":693,"column":32},"end":{"line":693,"column":33}},"loc":{"start":{"line":693,"column":52},"end":{"line":697,"column":1}},"line":693},"40":{"name":"(anonymous_40)","decl":{"start":{"line":700,"column":11},"end":{"line":700,"column":12}},"loc":{"start":{"line":700,"column":26},"end":{"line":702,"column":1}},"line":700}},"branchMap":{"0":{"loc":{"start":{"line":58,"column":2},"end":{"line":60,"column":3}},"type":"if","locations":[{"start":{"line":58,"column":2},"end":{"line":60,"column":3}},{"start":{},"end":{}}],"line":58},"1":{"loc":{"start":{"line":61,"column":2},"end":{"line":64,"column":3}},"type":"if","locations":[{"start":{"line":61,"column":2},"end":{"line":64,"column":3}},{"start":{},"end":{}}],"line":61},"2":{"loc":{"start":{"line":67,"column":6},"end":{"line":72,"column":7}},"type":"if","locations":[{"start":{"line":67,"column":6},"end":{"line":72,"column":7}},{"start":{"line":69,"column":13},"end":{"line":72,"column":7}}],"line":67},"3":{"loc":{"start":{"line":111,"column":2},"end":{"line":114,"column":3}},"type":"if","locations":[{"start":{"line":111,"column":2},"end":{"line":114,"column":3}},{"start":{},"end":{}}],"line":111},"4":{"loc":{"start":{"line":118,"column":4},"end":{"line":143,"column":5}},"type":"if","locations":[{"start":{"line":118,"column":4},"end":{"line":143,"column":5}},{"start":{"line":127,"column":11},"end":{"line":143,"column":5}}],"line":118},"5":{"loc":{"start":{"line":121,"column":6},"end":{"line":125,"column":7}},"type":"if","locations":[{"start":{"line":121,"column":6},"end":{"line":125,"column":7}},{"start":{"line":123,"column":13},"end":{"line":125,"column":7}}],"line":121},"6":{"loc":{"start":{"line":129,"column":8},"end":{"line":141,"column":9}},"type":"if","locations":[{"start":{"line":129,"column":8},"end":{"line":141,"column":9}},{"start":{"line":131,"column":15},"end":{"line":141,"column":9}}],"line":129},"7":{"loc":{"start":{"line":134,"column":10},"end":{"line":138,"column":11}},"type":"if","locations":[{"start":{"line":134,"column":10},"end":{"line":138,"column":11}},{"start":{"line":136,"column":17},"end":{"line":138,"column":11}}],"line":134},"8":{"loc":{"start":{"line":152,"column":2},"end":{"line":154,"column":3}},"type":"if","locations":[{"start":{"line":152,"column":2},"end":{"line":154,"column":3}},{"start":{},"end":{}}],"line":152},"9":{"loc":{"start":{"line":158,"column":6},"end":{"line":166,"column":7}},"type":"if","locations":[{"start":{"line":158,"column":6},"end":{"line":166,"column":7}},{"start":{"line":160,"column":13},"end":{"line":166,"column":7}}],"line":158},"10":{"loc":{"start":{"line":192,"column":4},"end":{"line":195,"column":5}},"type":"if","locations":[{"start":{"line":192,"column":4},"end":{"line":195,"column":5}},{"start":{},"end":{}}],"line":192},"11":{"loc":{"start":{"line":205,"column":2},"end":{"line":208,"column":3}},"type":"if","locations":[{"start":{"line":205,"column":2},"end":{"line":208,"column":3}},{"start":{},"end":{}}],"line":205},"12":{"loc":{"start":{"line":205,"column":6},"end":{"line":205,"column":90}},"type":"binary-expr","locations":[{"start":{"line":205,"column":6},"end":{"line":205,"column":24}},{"start":{"line":205,"column":28},"end":{"line":205,"column":45}},{"start":{"line":205,"column":49},"end":{"line":205,"column":74}},{"start":{"line":205,"column":78},"end":{"line":205,"column":90}}],"line":205},"13":{"loc":{"start":{"line":228,"column":2},"end":{"line":231,"column":3}},"type":"if","locations":[{"start":{"line":228,"column":2},"end":{"line":231,"column":3}},{"start":{},"end":{}}],"line":228},"14":{"loc":{"start":{"line":228,"column":6},"end":{"line":228,"column":90}},"type":"binary-expr","locations":[{"start":{"line":228,"column":6},"end":{"line":228,"column":24}},{"start":{"line":228,"column":28},"end":{"line":228,"column":45}},{"start":{"line":228,"column":49},"end":{"line":228,"column":74}},{"start":{"line":228,"column":78},"end":{"line":228,"column":90}}],"line":228},"15":{"loc":{"start":{"line":312,"column":4},"end":{"line":315,"column":5}},"type":"if","locations":[{"start":{"line":312,"column":4},"end":{"line":315,"column":5}},{"start":{},"end":{}}],"line":312},"16":{"loc":{"start":{"line":328,"column":4},"end":{"line":331,"column":5}},"type":"if","locations":[{"start":{"line":328,"column":4},"end":{"line":331,"column":5}},{"start":{},"end":{}}],"line":328},"17":{"loc":{"start":{"line":416,"column":2},"end":{"line":419,"column":3}},"type":"if","locations":[{"start":{"line":416,"column":2},"end":{"line":419,"column":3}},{"start":{},"end":{}}],"line":416},"18":{"loc":{"start":{"line":416,"column":6},"end":{"line":416,"column":129}},"type":"binary-expr","locations":[{"start":{"line":416,"column":6},"end":{"line":416,"column":21}},{"start":{"line":416,"column":25},"end":{"line":416,"column":43}},{"start":{"line":416,"column":47},"end":{"line":416,"column":65}},{"start":{"line":416,"column":69},"end":{"line":416,"column":93}},{"start":{"line":416,"column":97},"end":{"line":416,"column":113}},{"start":{"line":416,"column":117},"end":{"line":416,"column":129}}],"line":416},"19":{"loc":{"start":{"line":423,"column":4},"end":{"line":427,"column":5}},"type":"if","locations":[{"start":{"line":423,"column":4},"end":{"line":427,"column":5}},{"start":{"line":425,"column":11},"end":{"line":427,"column":5}}],"line":423},"20":{"loc":{"start":{"line":462,"column":2},"end":{"line":465,"column":3}},"type":"if","locations":[{"start":{"line":462,"column":2},"end":{"line":465,"column":3}},{"start":{},"end":{}}],"line":462},"21":{"loc":{"start":{"line":499,"column":2},"end":{"line":501,"column":3}},"type":"if","locations":[{"start":{"line":499,"column":2},"end":{"line":501,"column":3}},{"start":{},"end":{}}],"line":499},"22":{"loc":{"start":{"line":499,"column":6},"end":{"line":499,"column":25}},"type":"binary-expr","locations":[{"start":{"line":499,"column":6},"end":{"line":499,"column":12}},{"start":{"line":499,"column":16},"end":{"line":499,"column":25}}],"line":499},"23":{"loc":{"start":{"line":503,"column":2},"end":{"line":505,"column":3}},"type":"if","locations":[{"start":{"line":503,"column":2},"end":{"line":505,"column":3}},{"start":{},"end":{}}],"line":503},"24":{"loc":{"start":{"line":507,"column":4},"end":{"line":509,"column":5}},"type":"if","locations":[{"start":{"line":507,"column":4},"end":{"line":509,"column":5}},{"start":{},"end":{}}],"line":507},"25":{"loc":{"start":{"line":513,"column":8},"end":{"line":513,"column":27}},"type":"if","locations":[{"start":{"line":513,"column":8},"end":{"line":513,"column":27}},{"start":{},"end":{}}],"line":513},"26":{"loc":{"start":{"line":532,"column":2},"end":{"line":534,"column":3}},"type":"if","locations":[{"start":{"line":532,"column":2},"end":{"line":534,"column":3}},{"start":{},"end":{}}],"line":532},"27":{"loc":{"start":{"line":532,"column":6},"end":{"line":532,"column":38}},"type":"binary-expr","locations":[{"start":{"line":532,"column":6},"end":{"line":532,"column":12}},{"start":{"line":532,"column":16},"end":{"line":532,"column":25}},{"start":{"line":532,"column":29},"end":{"line":532,"column":38}}],"line":532},"28":{"loc":{"start":{"line":536,"column":2},"end":{"line":538,"column":3}},"type":"if","locations":[{"start":{"line":536,"column":2},"end":{"line":538,"column":3}},{"start":{},"end":{}}],"line":536},"29":{"loc":{"start":{"line":553,"column":4},"end":{"line":553,"column":23}},"type":"if","locations":[{"start":{"line":553,"column":4},"end":{"line":553,"column":23}},{"start":{},"end":{}}],"line":553},"30":{"loc":{"start":{"line":580,"column":2},"end":{"line":582,"column":3}},"type":"if","locations":[{"start":{"line":580,"column":2},"end":{"line":582,"column":3}},{"start":{},"end":{}}],"line":580},"31":{"loc":{"start":{"line":585,"column":6},"end":{"line":589,"column":7}},"type":"if","locations":[{"start":{"line":585,"column":6},"end":{"line":589,"column":7}},{"start":{},"end":{}}],"line":585},"32":{"loc":{"start":{"line":600,"column":2},"end":{"line":603,"column":3}},"type":"if","locations":[{"start":{"line":600,"column":2},"end":{"line":603,"column":3}},{"start":{},"end":{}}],"line":600},"33":{"loc":{"start":{"line":604,"column":2},"end":{"line":658,"column":3}},"type":"if","locations":[{"start":{"line":604,"column":2},"end":{"line":658,"column":3}},{"start":{"line":613,"column":9},"end":{"line":658,"column":3}}],"line":604},"34":{"loc":{"start":{"line":607,"column":4},"end":{"line":610,"column":5}},"type":"if","locations":[{"start":{"line":607,"column":4},"end":{"line":610,"column":5}},{"start":{},"end":{}}],"line":607},"35":{"loc":{"start":{"line":607,"column":8},"end":{"line":607,"column":122}},"type":"binary-expr","locations":[{"start":{"line":607,"column":8},"end":{"line":607,"column":32}},{"start":{"line":607,"column":36},"end":{"line":607,"column":68}},{"start":{"line":607,"column":72},"end":{"line":607,"column":101}},{"start":{"line":607,"column":105},"end":{"line":607,"column":122}}],"line":607},"36":{"loc":{"start":{"line":617,"column":8},"end":{"line":621,"column":9}},"type":"if","locations":[{"start":{"line":617,"column":8},"end":{"line":621,"column":9}},{"start":{},"end":{}}],"line":617},"37":{"loc":{"start":{"line":623,"column":8},"end":{"line":626,"column":9}},"type":"if","locations":[{"start":{"line":623,"column":8},"end":{"line":626,"column":9}},{"start":{},"end":{}}],"line":623},"38":{"loc":{"start":{"line":628,"column":8},"end":{"line":631,"column":9}},"type":"if","locations":[{"start":{"line":628,"column":8},"end":{"line":631,"column":9}},{"start":{},"end":{}}],"line":628},"39":{"loc":{"start":{"line":648,"column":8},"end":{"line":651,"column":9}},"type":"if","locations":[{"start":{"line":648,"column":8},"end":{"line":651,"column":9}},{"start":{},"end":{}}],"line":648},"40":{"loc":{"start":{"line":648,"column":12},"end":{"line":648,"column":126}},"type":"binary-expr","locations":[{"start":{"line":648,"column":12},"end":{"line":648,"column":36}},{"start":{"line":648,"column":40},"end":{"line":648,"column":72}},{"start":{"line":648,"column":76},"end":{"line":648,"column":105}},{"start":{"line":648,"column":109},"end":{"line":648,"column":126}}],"line":648},"41":{"loc":{"start":{"line":663,"column":2},"end":{"line":666,"column":3}},"type":"if","locations":[{"start":{"line":663,"column":2},"end":{"line":666,"column":3}},{"start":{},"end":{}}],"line":663},"42":{"loc":{"start":{"line":669,"column":6},"end":{"line":673,"column":7}},"type":"if","locations":[{"start":{"line":669,"column":6},"end":{"line":673,"column":7}},{"start":{},"end":{}}],"line":669},"43":{"loc":{"start":{"line":675,"column":6},"end":{"line":678,"column":7}},"type":"if","locations":[{"start":{"line":675,"column":6},"end":{"line":678,"column":7}},{"start":{},"end":{}}],"line":675}},"s":{"0":1,"1":1,"2":1,"3":1,"4":1,"5":1,"6":1,"7":1,"8":1,"9":1,"10":1,"11":1,"12":1,"13":1,"14":1,"15":0,"16":1,"17":0,"18":0,"19":0,"20":0,"21":0,"22":0,"23":0,"24":0,"25":0,"26":0,"27":0,"28":0,"29":0,"30":1,"31":0,"32":0,"33":0,"34":0,"35":0,"36":0,"37":0,"38":0,"39":0,"40":0,"41":0,"42":0,"43":0,"44":0,"45":0,"46":0,"47":0,"48":0,"49":0,"50":0,"51":0,"52":0,"53":0,"54":1,"55":0,"56":0,"57":0,"58":0,"59":0,"60":0,"61":0,"62":0,"63":0,"64":0,"65":0,"66":0,"67":0,"68":1,"69":0,"70":0,"71":0,"72":0,"73":1,"74":0,"75":0,"76":0,"77":0,"78":0,"79":0,"80":0,"81":1,"82":0,"83":0,"84":0,"85":0,"86":0,"87":0,"88":0,"89":0,"90":1,"91":0,"92":0,"93":0,"94":0,"95":0,"96":0,"97":0,"98":0,"99":1,"100":0,"101":0,"102":0,"103":0,"104":0,"105":0,"106":0,"107":1,"108":0,"109":0,"110":0,"111":0,"112":1,"113":0,"114":0,"115":0,"116":0,"117":0,"118":0,"119":0,"120":1,"121":0,"122":0,"123":0,"124":0,"125":0,"126":0,"127":0,"128":1,"129":0,"130":0,"131":0,"132":0,"133":1,"134":0,"135":0,"136":0,"137":0,"138":1,"139":0,"140":0,"141":0,"142":0,"143":1,"144":0,"145":0,"146":0,"147":0,"148":1,"149":0,"150":0,"151":0,"152":0,"153":0,"154":0,"155":1,"156":0,"157":0,"158":0,"159":0,"160":1,"161":2,"162":1,"163":1,"164":1,"165":1,"166":1,"167":1,"168":0,"169":1,"170":1,"171":1,"172":0,"173":1,"174":0,"175":0,"176":0,"177":0,"178":1,"179":0,"180":0,"181":0,"182":0,"183":0,"184":0,"185":0,"186":1,"187":0,"188":0,"189":0,"190":0,"191":1,"192":0,"193":0,"194":0,"195":0,"196":1,"197":0,"198":0,"199":0,"200":0,"201":0,"202":0,"203":0,"204":0,"205":0,"206":0,"207":0,"208":0,"209":0,"210":0,"211":0,"212":0,"213":1,"214":0,"215":0,"216":0,"217":0,"218":0,"219":0,"220":0,"221":0,"222":0,"223":0,"224":0,"225":0,"226":0,"227":0,"228":0,"229":1,"230":0,"231":0,"232":0,"233":0,"234":0,"235":0,"236":1,"237":0,"238":0,"239":0,"240":0,"241":0,"242":0,"243":0,"244":0,"245":0,"246":0,"247":0,"248":1,"249":0,"250":0,"251":0,"252":0,"253":0,"254":0,"255":0,"256":0,"257":0,"258":0,"259":0,"260":0,"261":0,"262":0,"263":0,"264":0,"265":0,"266":0,"267":0,"268":0,"269":0,"270":0,"271":0,"272":0,"273":0,"274":0,"275":0,"276":0,"277":0,"278":0,"279":0,"280":0,"281":0,"282":0,"283":1,"284":0,"285":0,"286":0,"287":0,"288":0,"289":0,"290":0,"291":0,"292":0,"293":0,"294":0,"295":0,"296":0,"297":0,"298":0,"299":0,"300":1,"301":0,"302":0,"303":0,"304":0,"305":1,"306":0,"307":0,"308":0,"309":1,"310":0,"311":1},"f":{"0":0,"1":0,"2":0,"3":0,"4":0,"5":0,"6":0,"7":0,"8":0,"9":0,"10":0,"11":0,"12":0,"13":0,"14":0,"15":0,"16":0,"17":0,"18":0,"19":0,"20":0,"21":2,"22":0,"23":0,"24":0,"25":0,"26":0,"27":0,"28":0,"29":0,"30":0,"31":0,"32":0,"33":0,"34":0,"35":0,"36":0,"37":0,"38":0,"39":0,"40":0},"b":{"0":[0,0],"1":[0,0],"2":[0,0],"3":[0,0],"4":[0,0],"5":[0,0],"6":[0,0],"7":[0,0],"8":[0,0],"9":[0,0],"10":[0,0],"11":[0,0],"12":[0,0,0,0],"13":[0,0],"14":[0,0,0,0],"15":[0,0],"16":[0,0],"17":[1,1],"18":[2,1,1,1,1,1],"19":[1,0],"20":[0,0],"21":[0,0],"22":[0,0],"23":[0,0],"24":[0,0],"25":[0,0],"26":[0,0],"27":[0,0,0],"28":[0,0],"29":[0,0],"30":[0,0],"31":[0,0],"32":[0,0],"33":[0,0],"34":[0,0],"35":[0,0,0,0],"36":[0,0],"37":[0,0],"38":[0,0],"39":[0,0],"40":[0,0,0,0],"41":[0,0],"42":[0,0],"43":[0,0]},"_coverageSchema":"1a1c01bbd47fc00a2c39e90264f33305004495a9","hash":"24f5bffb7342a6c4944019a44d1e889aa62a26a2"}
}
