TN:
SF:dbCreatePost.js
FN:11,(anonymous_0)
FN:30,(anonymous_1)
FN:38,(anonymous_2)
FN:49,(anonymous_3)
FN:60,(anonymous_4)
FN:71,(anonymous_5)
FNF:6
FNH:0
FNDA:0,(anonymous_0)
FNDA:0,(anonymous_1)
FNDA:0,(anonymous_2)
FNDA:0,(anonymous_3)
FNDA:0,(anonymous_4)
FNDA:0,(anonymous_5)
DA:1,1
DA:4,1
DA:7,1
DA:11,1
DA:13,0
DA:14,0
DA:19,0
DA:20,0
DA:22,0
DA:30,1
DA:32,0
DA:33,0
DA:35,0
DA:38,1
DA:39,0
DA:40,0
DA:41,0
DA:42,0
DA:43,0
DA:45,0
DA:49,1
DA:50,0
DA:51,0
DA:52,0
DA:53,0
DA:54,0
DA:56,0
DA:60,1
DA:61,0
DA:62,0
DA:63,0
DA:64,0
DA:65,0
DA:67,0
DA:71,1
DA:72,0
DA:73,0
DA:74,0
DA:75,0
DA:76,0
DA:78,0
DA:82,1
LF:42
LH:10
BRDA:32,0,0,0
BRDA:32,0,1,0
BRF:2
BRH:0
end_of_record
TN:
SF:dbFollow&Comments.js
FN:14,(anonymous_0)
FN:33,(anonymous_1)
FN:45,(anonymous_2)
FN:49,(anonymous_3)
FN:62,(anonymous_4)
FN:84,(anonymous_5)
FN:99,(anonymous_6)
FN:112,(anonymous_7)
FN:124,(anonymous_8)
FN:136,(anonymous_9)
FN:148,(anonymous_10)
FN:174,(anonymous_11)
FNF:12
FNH:2
FNDA:5,(anonymous_0)
FNDA:0,(anonymous_1)
FNDA:1,(anonymous_2)
FNDA:0,(anonymous_3)
FNDA:0,(anonymous_4)
FNDA:0,(anonymous_5)
FNDA:0,(anonymous_6)
FNDA:0,(anonymous_7)
FNDA:0,(anonymous_8)
FNDA:0,(anonymous_9)
FNDA:0,(anonymous_10)
FNDA:0,(anonymous_11)
DA:4,1
DA:7,1
DA:10,1
DA:14,1
DA:16,5
DA:17,5
DA:22,5
DA:23,5
DA:25,0
DA:33,1
DA:35,0
DA:36,0
DA:38,0
DA:45,1
DA:46,1
DA:49,1
DA:50,0
DA:52,0
DA:53,0
DA:54,0
DA:55,0
DA:56,0
DA:58,0
DA:62,1
DA:63,0
DA:65,0
DA:66,0
DA:77,0
DA:78,0
DA:80,0
DA:84,1
DA:85,0
DA:87,0
DA:88,0
DA:92,0
DA:93,0
DA:95,0
DA:99,1
DA:100,0
DA:102,0
DA:103,0
DA:104,0
DA:105,0
DA:106,0
DA:108,0
DA:112,1
DA:113,0
DA:115,0
DA:116,0
DA:117,0
DA:118,0
DA:120,0
DA:124,1
DA:125,0
DA:127,0
DA:128,0
DA:129,0
DA:130,0
DA:132,0
DA:136,1
DA:137,0
DA:139,0
DA:140,0
DA:141,0
DA:142,0
DA:144,0
DA:148,1
DA:149,0
DA:151,0
DA:153,0
DA:154,0
DA:156,0
DA:167,0
DA:168,0
DA:170,0
DA:174,1
DA:175,0
DA:177,0
DA:178,0
DA:179,0
DA:180,0
DA:181,0
DA:186,0
DA:187,0
DA:189,0
DA:221,1
LF:86
LH:21
BRDA:35,0,0,0
BRDA:35,0,1,0
BRF:2
BRH:0
end_of_record
TN:
SF:dbLike.js
FN:7,(anonymous_0)
FN:32,(anonymous_1)
FN:62,(anonymous_2)
FNF:3
FNH:3
FNDA:1,(anonymous_0)
FNDA:1,(anonymous_1)
FNDA:1,(anonymous_2)
DA:1,1
DA:2,1
DA:3,1
DA:4,1
DA:7,1
DA:8,1
DA:9,1
DA:11,1
DA:12,1
DA:13,1
DA:14,1
DA:15,1
DA:16,1
DA:18,1
DA:19,1
DA:20,1
DA:21,3
DA:22,0
DA:25,1
DA:28,0
DA:32,1
DA:33,1
DA:34,1
DA:36,1
DA:37,1
DA:38,1
DA:39,1
DA:40,1
DA:42,1
DA:54,1
DA:55,1
DA:58,0
DA:62,1
DA:63,1
DA:64,1
DA:66,1
DA:67,1
DA:68,1
DA:69,1
DA:70,1
DA:72,1
DA:79,1
DA:80,1
DA:83,0
DA:87,1
LF:45
LH:41
BRDA:19,0,0,1
BRDA:19,0,1,0
BRDA:21,1,0,0
BRDA:21,1,1,3
BRF:4
BRH:2
end_of_record
TN:
SF:dbPost.js
FN:5,(anonymous_0)
FN:19,(anonymous_1)
FN:34,(anonymous_2)
FN:47,(anonymous_3)
FN:85,(anonymous_4)
FNF:5
FNH:1
FNDA:0,(anonymous_0)
FNDA:1,(anonymous_1)
FNDA:0,(anonymous_2)
FNDA:0,(anonymous_3)
FNDA:0,(anonymous_4)
DA:1,1
DA:2,1
DA:3,1
DA:5,1
DA:6,0
DA:8,0
DA:9,0
DA:10,0
DA:12,0
DA:13,0
DA:15,0
DA:19,1
DA:20,1
DA:21,1
DA:23,1
DA:24,1
DA:25,1
DA:26,1
DA:27,1
DA:28,1
DA:30,0
DA:34,1
DA:35,0
DA:37,0
DA:38,0
DA:39,0
DA:40,0
DA:41,0
DA:43,0
DA:47,1
DA:48,0
DA:50,0
DA:51,0
DA:52,0
DA:53,0
DA:55,0
DA:56,0
DA:58,0
DA:85,1
DA:86,0
DA:88,0
DA:91,0
DA:93,0
DA:94,0
DA:95,0
DA:96,0
DA:99,0
DA:101,0
DA:104,0
DA:108,1
LF:50
LH:17
BRDA:95,0,0,0
BRDA:95,0,1,0
BRDA:95,1,0,0
BRDA:95,1,1,0
BRF:4
BRH:0
end_of_record
TN:
SF:dbUser.js
FN:22,(anonymous_0)
FN:41,(anonymous_1)
FN:52,(anonymous_2)
FN:59,(anonymous_3)
FN:73,(anonymous_4)
FN:86,(anonymous_5)
FN:99,(anonymous_6)
FN:114,(anonymous_7)
FNF:8
FNH:0
FNDA:0,(anonymous_0)
FNDA:0,(anonymous_1)
FNDA:0,(anonymous_2)
FNDA:0,(anonymous_3)
FNDA:0,(anonymous_4)
FNDA:0,(anonymous_5)
FNDA:0,(anonymous_6)
FNDA:0,(anonymous_7)
DA:4,1
DA:7,1
DA:10,1
DA:22,1
DA:24,0
DA:25,0
DA:30,0
DA:31,0
DA:33,0
DA:41,1
DA:43,0
DA:44,0
DA:46,0
DA:52,1
DA:53,0
DA:59,1
DA:61,0
DA:62,0
DA:63,0
DA:64,0
DA:66,0
DA:68,0
DA:73,1
DA:74,0
DA:75,0
DA:76,0
DA:78,0
DA:79,0
DA:81,0
DA:86,1
DA:87,0
DA:88,0
DA:89,0
DA:91,0
DA:92,0
DA:94,0
DA:99,1
DA:100,0
DA:101,0
DA:102,0
DA:107,0
DA:108,0
DA:110,0
DA:114,1
DA:115,0
DA:116,0
DA:117,0
DA:120,0
DA:121,0
DA:123,0
DA:164,1
LF:51
LH:12
BRDA:43,0,0,0
BRDA:43,0,1,0
BRF:2
BRH:0
end_of_record
TN:
SF:server.js
FN:38,(anonymous_0)
FN:43,(anonymous_1)
FN:68,(anonymous_2)
FN:91,(anonymous_3)
FN:104,(anonymous_4)
FN:121,(anonymous_5)
FN:145,(anonymous_6)
FN:170,(anonymous_7)
FN:187,(anonymous_8)
FN:230,(anonymous_9)
FN:247,(anonymous_10)
FN:264,(anonymous_11)
FN:281,(anonymous_12)
FN:296,(anonymous_13)
FN:312,(anonymous_14)
FN:328,(anonymous_15)
FN:339,(anonymous_16)
FN:351,(anonymous_17)
FN:378,(anonymous_18)
FN:393,(anonymous_19)
FN:413,(anonymous_20)
FN:424,(anonymous_21)
FN:435,(anonymous_22)
FNF:23
FNH:3
FNDA:0,(anonymous_0)
FNDA:0,(anonymous_1)
FNDA:0,(anonymous_2)
FNDA:0,(anonymous_3)
FNDA:0,(anonymous_4)
FNDA:0,(anonymous_5)
FNDA:0,(anonymous_6)
FNDA:0,(anonymous_7)
FNDA:0,(anonymous_8)
FNDA:0,(anonymous_9)
FNDA:0,(anonymous_10)
FNDA:0,(anonymous_11)
FNDA:0,(anonymous_12)
FNDA:0,(anonymous_13)
FNDA:1,(anonymous_14)
FNDA:1,(anonymous_15)
FNDA:1,(anonymous_16)
FNDA:0,(anonymous_17)
FNDA:0,(anonymous_18)
FNDA:0,(anonymous_19)
FNDA:0,(anonymous_20)
FNDA:0,(anonymous_21)
FNDA:0,(anonymous_22)
DA:5,1
DA:9,1
DA:12,1
DA:15,1
DA:18,1
DA:21,1
DA:22,1
DA:23,1
DA:24,1
DA:27,1
DA:38,1
DA:39,0
DA:43,1
DA:44,0
DA:45,0
DA:47,0
DA:49,0
DA:51,0
DA:68,1
DA:69,0
DA:71,0
DA:72,0
DA:73,0
DA:75,0
DA:76,0
DA:78,0
DA:79,0
DA:81,0
DA:84,0
DA:86,0
DA:91,1
DA:92,0
DA:93,0
DA:95,0
DA:97,0
DA:99,0
DA:104,1
DA:105,0
DA:106,0
DA:108,0
DA:110,0
DA:111,0
DA:112,0
DA:114,0
DA:116,0
DA:121,1
DA:122,0
DA:124,0
DA:125,0
DA:126,0
DA:128,0
DA:130,0
DA:136,0
DA:138,0
DA:140,0
DA:145,1
DA:146,0
DA:148,0
DA:149,0
DA:150,0
DA:152,0
DA:154,0
DA:160,0
DA:162,0
DA:164,0
DA:170,1
DA:171,0
DA:173,0
DA:174,0
DA:175,0
DA:177,0
DA:178,0
DA:180,0
DA:182,0
DA:187,1
DA:188,0
DA:189,0
DA:191,0
DA:195,0
DA:196,0
DA:198,0
DA:230,1
DA:231,0
DA:232,0
DA:233,0
DA:234,0
DA:235,0
DA:236,0
DA:239,0
DA:241,0
DA:247,1
DA:248,0
DA:249,0
DA:251,0
DA:253,0
DA:254,0
DA:255,0
DA:257,0
DA:259,0
DA:264,1
DA:265,0
DA:266,0
DA:268,0
DA:269,0
DA:274,0
DA:276,0
DA:281,1
DA:282,0
DA:283,0
DA:285,0
DA:289,0
DA:290,0
DA:292,0
DA:296,1
DA:297,0
DA:298,0
DA:300,0
DA:304,0
DA:305,0
DA:307,0
DA:312,1
DA:313,1
DA:314,1
DA:316,1
DA:320,1
DA:321,1
DA:323,0
DA:328,1
DA:329,1
DA:330,1
DA:331,1
DA:332,1
DA:334,0
DA:339,1
DA:340,1
DA:341,1
DA:342,1
DA:343,1
DA:345,0
DA:351,1
DA:352,0
DA:355,0
DA:356,0
DA:357,0
DA:359,0
DA:361,0
DA:369,0
DA:371,0
DA:373,0
DA:378,1
DA:379,0
DA:383,0
DA:384,0
DA:386,0
DA:388,0
DA:393,1
DA:394,0
DA:396,0
DA:397,0
DA:398,0
DA:402,0
DA:403,0
DA:405,0
DA:407,0
DA:413,1
DA:414,0
DA:415,0
DA:416,0
DA:417,0
DA:419,0
DA:424,1
DA:425,0
DA:426,0
DA:427,0
DA:428,0
DA:430,0
DA:435,1
DA:436,0
DA:440,1
LF:179
LH:47
BRDA:71,0,0,0
BRDA:71,0,1,0
BRDA:78,1,0,0
BRDA:78,1,1,0
BRDA:110,2,0,0
BRDA:110,2,1,0
BRDA:124,3,0,0
BRDA:124,3,1,0
BRDA:124,4,0,0
BRDA:124,4,1,0
BRDA:124,4,2,0
BRDA:124,4,3,0
BRDA:148,5,0,0
BRDA:148,5,1,0
BRDA:148,6,0,0
BRDA:148,6,1,0
BRDA:148,6,2,0
BRDA:148,6,3,0
BRDA:173,7,0,0
BRDA:173,7,1,0
BRDA:173,8,0,0
BRDA:173,8,1,0
BRDA:234,9,0,0
BRDA:234,9,1,0
BRDA:253,10,0,0
BRDA:253,10,1,0
BRDA:355,11,0,0
BRDA:355,11,1,0
BRDA:355,12,0,0
BRDA:355,12,1,0
BRDA:355,12,2,0
BRDA:355,12,3,0
BRDA:355,12,4,0
BRDA:355,12,5,0
BRDA:396,13,0,0
BRDA:396,13,1,0
BRF:36
BRH:0
end_of_record
