TN:
SF:dbFollow&Comments.js
FN:14,(anonymous_0)
FN:33,(anonymous_1)
FN:45,(anonymous_2)
FN:49,(anonymous_3)
FN:62,(anonymous_4)
FN:84,(anonymous_5)
FN:99,(anonymous_6)
FN:112,(anonymous_7)
FN:124,(anonymous_8)
FN:136,(anonymous_9)
FN:148,(anonymous_10)
FN:170,(anonymous_11)
FNF:12
FNH:10
FNDA:5,(anonymous_0)
FNDA:20,(anonymous_1)
FNDA:5,(anonymous_2)
FNDA:1,(anonymous_3)
FNDA:2,(anonymous_4)
FNDA:2,(anonymous_5)
FNDA:9,(anonymous_6)
FNDA:0,(anonymous_7)
FNDA:2,(anonymous_8)
FNDA:3,(anonymous_9)
FNDA:0,(anonymous_10)
FNDA:1,(anonymous_11)
DA:4,5
DA:7,5
DA:10,5
DA:14,5
DA:16,5
DA:17,5
DA:22,5
DA:23,5
DA:25,0
DA:33,5
DA:35,20
DA:36,0
DA:38,20
DA:45,5
DA:46,5
DA:49,5
DA:50,1
DA:52,1
DA:53,1
DA:54,1
DA:55,1
DA:56,1
DA:58,0
DA:62,5
DA:63,2
DA:65,2
DA:66,2
DA:77,2
DA:78,2
DA:80,0
DA:84,5
DA:85,2
DA:87,2
DA:88,2
DA:92,2
DA:93,2
DA:95,0
DA:99,5
DA:100,9
DA:102,9
DA:103,9
DA:104,9
DA:105,9
DA:106,9
DA:108,0
DA:112,5
DA:113,0
DA:115,0
DA:116,0
DA:117,0
DA:118,0
DA:120,0
DA:124,5
DA:125,2
DA:127,2
DA:128,2
DA:129,1
DA:130,1
DA:132,1
DA:136,5
DA:137,3
DA:139,3
DA:140,3
DA:141,3
DA:142,3
DA:144,0
DA:148,5
DA:149,0
DA:151,0
DA:152,0
DA:163,0
DA:164,0
DA:166,0
DA:170,5
DA:171,1
DA:173,1
DA:174,1
DA:178,1
DA:180,0
DA:212,5
LF:80
LH:60
BRDA:35,0,0,0
BRDA:35,0,1,20
BRF:2
BRH:1
end_of_record
TN:
SF:server.js
FN:32,(anonymous_0)
FN:37,(anonymous_1)
FN:50,(anonymous_2)
FN:73,(anonymous_3)
FN:96,(anonymous_4)
FN:109,(anonymous_5)
FN:126,(anonymous_6)
FN:150,(anonymous_7)
FN:175,(anonymous_8)
FN:193,(anonymous_9)
FNF:10
FNH:5
FNDA:0,(anonymous_0)
FNDA:1,(anonymous_1)
FNDA:5,(anonymous_2)
FNDA:0,(anonymous_3)
FNDA:0,(anonymous_4)
FNDA:2,(anonymous_5)
FNDA:4,(anonymous_6)
FNDA:0,(anonymous_7)
FNDA:2,(anonymous_8)
FNDA:0,(anonymous_9)
DA:5,5
DA:9,5
DA:12,5
DA:15,5
DA:18,5
DA:21,5
DA:32,5
DA:33,0
DA:37,5
DA:38,1
DA:39,1
DA:41,1
DA:43,1
DA:45,0
DA:50,5
DA:51,5
DA:53,5
DA:54,1
DA:55,1
DA:57,4
DA:58,4
DA:60,4
DA:61,2
DA:63,2
DA:66,4
DA:68,0
DA:73,5
DA:74,0
DA:76,0
DA:77,0
DA:78,0
DA:80,0
DA:81,0
DA:83,0
DA:84,0
DA:86,0
DA:89,0
DA:91,0
DA:96,5
DA:97,0
DA:98,0
DA:100,0
DA:102,0
DA:104,0
DA:109,5
DA:110,2
DA:111,2
DA:113,2
DA:115,2
DA:116,1
DA:117,1
DA:119,1
DA:121,0
DA:126,5
DA:127,4
DA:129,4
DA:130,1
DA:131,1
DA:133,3
DA:135,3
DA:141,3
DA:143,3
DA:145,0
DA:150,5
DA:151,0
DA:153,0
DA:154,0
DA:155,0
DA:157,0
DA:159,0
DA:165,0
DA:167,0
DA:169,0
DA:175,5
DA:176,2
DA:178,2
DA:179,1
DA:180,1
DA:182,1
DA:183,1
DA:185,1
DA:187,0
DA:193,5
DA:194,0
DA:198,5
LF:85
LH:53
BRDA:53,0,0,1
BRDA:53,0,1,4
BRDA:60,1,0,2
BRDA:60,1,1,2
BRDA:76,2,0,0
BRDA:76,2,1,0
BRDA:83,3,0,0
BRDA:83,3,1,0
BRDA:115,4,0,1
BRDA:115,4,1,1
BRDA:129,5,0,1
BRDA:129,5,1,3
BRDA:129,6,0,4
BRDA:129,6,1,4
BRDA:129,6,2,4
BRDA:129,6,3,3
BRDA:153,7,0,0
BRDA:153,7,1,0
BRDA:153,8,0,0
BRDA:153,8,1,0
BRDA:153,8,2,0
BRDA:153,8,3,0
BRDA:178,9,0,1
BRDA:178,9,1,1
BRF:24
BRH:14
end_of_record
